Log file open, 03/06/18 15:14:40
LogWindows: Failed to load 'aqProf.dll' (GetLastError=126)
LogWindows: File 'aqProf.dll' does not exist
LogWindows: Failed to load 'VtuneApi.dll' (GetLastError=126)
LogWindows: File 'VtuneApi.dll' does not exist
LogWindows: Failed to load 'VtuneApi32e.dll' (GetLastError=126)
LogWindows: File 'VtuneApi32e.dll' does not exist
LogInit: Display: Running engine for game: powerbar2D
LogPlatformFile: Not using cached read wrapper
LogInit: Display: RandInit(-1254406580) SRandInit(-1254406580).
LogTaskGraph: Started task graph with 5 named threads and 14 total threads with 3 sets of task threads.
LogStats: Stats thread started at 0.190011
LogD3D11RHI: Aftermath initialized
LogPluginManager: Mounting plugin Paper2D
LogPluginManager: Mounting plugin LightPropagationVolume
LogPluginManager: Mounting plugin CodeLiteSourceCodeAccess
LogPluginManager: Mounting plugin GitSourceControl
LogPluginManager: Mounting plugin KDevelopSourceCodeAccess
LogPluginManager: Mounting plugin NullSourceCodeAccess
LogPluginManager: Mounting plugin PerforceSourceControl
LogPluginManager: Mounting plugin SubversionSourceControl
LogPluginManager: Mounting plugin UObjectPlugin
LogPluginManager: Mounting plugin VisualStudioSourceCodeAccess
LogPluginManager: Mounting plugin XCodeSourceCodeAccess
LogPluginManager: Mounting plugin AssetManagerEditor
LogPluginManager: Mounting plugin AudioCapture
LogPluginManager: Mounting plugin FacialAnimation
LogPluginManager: Mounting plugin GameplayTagsEditor
LogPluginManager: Mounting plugin MobileLauncherProfileWizard
LogPluginManager: Mounting plugin PluginBrowser
LogPluginManager: Mounting plugin SpeedTreeImporter
LogPluginManager: Mounting plugin AlembicImporter
LogPluginManager: Mounting plugin CharacterAI
LogPluginManager: Mounting plugin HTML5Networking
LogPluginManager: Mounting plugin AndroidMedia
LogPluginManager: Mounting plugin AvfMedia
LogPluginManager: Mounting plugin MediaPlayerEditor
LogPluginManager: Mounting plugin WmfMedia
LogPluginManager: Mounting plugin TcpMessaging
LogPluginManager: Mounting plugin UdpMessaging
LogPluginManager: Mounting plugin LevelSequenceEditor
LogPluginManager: Mounting plugin MatineeToLevelSequence
LogPluginManager: Mounting plugin OnlineSubsystemGooglePlay
LogPluginManager: Mounting plugin OnlineSubsystemIOS
LogPluginManager: Mounting plugin OnlineSubsystem
LogPluginManager: Mounting plugin OnlineSubsystemNull
LogPluginManager: Mounting plugin OnlineSubsystemUtils
LogPluginManager: Mounting plugin AndroidDeviceProfileSelector
LogPluginManager: Mounting plugin AndroidMoviePlayer
LogPluginManager: Mounting plugin AndroidPermission
LogPluginManager: Mounting plugin AppleMoviePlayer
LogPluginManager: Mounting plugin ArchVisCharacter
LogPluginManager: Mounting plugin CableComponent
LogPluginManager: Mounting plugin CustomMeshComponent
LogPluginManager: Mounting plugin ExampleDeviceProfileSelector
LogPluginManager: Mounting plugin GoogleCloudMessaging
LogPluginManager: Mounting plugin ImmediatePhysics
LogPluginManager: Mounting plugin IOSDeviceProfileSelector
LogPluginManager: Mounting plugin LinuxDeviceProfileSelector
LogPluginManager: Mounting plugin LocationServicesBPLibrary
LogPluginManager: Mounting plugin MobilePatchingUtils
LogPluginManager: Mounting plugin OculusVR
LogPluginManager: Mounting plugin PhysXVehicles
LogPluginManager: Mounting plugin ProceduralMeshComponent
LogPluginManager: Mounting plugin RuntimePhysXCooking
LogPluginManager: Mounting plugin SteamVR
LogPluginManager: Mounting plugin WindowsMoviePlayer
LogInit: Using libcurl 7.47.1
LogInit:  - built for x86_64-pc-win32
LogInit:  - supports SSL with OpenSSL/1.0.2g
LogInit:  - supports HTTP deflate (compression) using libz 1.2.8
LogInit:  - other features:
LogInit:      CURL_VERSION_SSL
LogInit:      CURL_VERSION_LIBZ
LogInit:      CURL_VERSION_IPV6
LogInit:      CURL_VERSION_ASYNCHDNS
LogInit:      CURL_VERSION_LARGEFILE
LogInit:      CURL_VERSION_IDN
LogInit:  CurlRequestOptions (configurable via config and command line):
LogInit:  - bVerifyPeer = false  - Libcurl will NOT verify peer certificate
LogInit:  - bUseHttpProxy = false  - Libcurl will NOT use HTTP proxy
LogInit:  - bDontReuseConnections = false  - Libcurl will reuse connections
LogInit:  - CertBundlePath = nullptr  - Libcurl will use whatever was configured at build time.
LogInit: Build: ++UE4+Release-4.17-CL-3658906
LogInit: Engine Version: 4.17.2-3658906+++UE4+Release-4.17
LogInit: Compatible Engine Version: 4.17.0-3573198+++UE4+Release-4.17
LogInit: Net CL: 3573198
LogDevObjectVersion: Number of dev versions registered: 16
LogDevObjectVersion:   Dev-Blueprints (B0D832E4-1F89-4F0D-ACCF-7EB736FD4AA2): 10
LogDevObjectVersion:   Dev-Build (E1C64328-A22C-4D53-A36C-8E866417BD8C): 0
LogDevObjectVersion:   Dev-Core (375EC13C-06E4-48FB-B500-84F0262A717E): 2
LogDevObjectVersion:   Dev-Editor (E4B068ED-F494-42E9-A231-DA0B2E46BB41): 20
LogDevObjectVersion:   Dev-Framework (CFFC743F-43B0-4480-9391-14DF171D2073): 28
LogDevObjectVersion:   Dev-Mobile (B02B49B5-BB20-44E9-A304-32B752E40360): 0
LogDevObjectVersion:   Dev-Networking (A4E4105C-59A1-49B5-A7C5-40C4547EDFEE): 0
LogDevObjectVersion:   Dev-Online (39C831C9-5AE6-47DC-9A44-9C173E1C8E7C): 0
LogDevObjectVersion:   Dev-Physics (78F01B33-EBEA-4F98-B9B4-84EACCB95AA2): 0
LogDevObjectVersion:   Dev-Platform (6631380F-2D4D-43E0-8009-CF276956A95A): 0
LogDevObjectVersion:   Dev-Rendering (12F88B9F-8875-4AFC-A67C-D90C383ABD29): 19
LogDevObjectVersion:   Dev-Sequencer (7B5AE74C-D270-4C10-A958-57980B212A5A): 4
LogDevObjectVersion:   Dev-VR (D7296918-1DD6-4BDD-9DE2-64A83CC13884): 0
LogDevObjectVersion:   Dev-LoadTimes (C2A15278-BFE7-4AFE-6C17-90FF531DF755): 1
LogDevObjectVersion:   Private-Geometry (6EACA3D4-40EC-4CC1-B786-8BED09428FC5): 1
LogDevObjectVersion:   Dev-AnimPhys (29E575DD-E0A3-4627-9D10-D276232CDCEA): 7
LogInit: Compiled (64-bit): Sep 22 2017 13:47:16
LogInit: Compiled with Visual C++: 19.00.24215.01
LogInit: Build Configuration: Development
LogInit: Branch Name: ++UE4+Release-4.17
LogInit: Command line:  /Temp/Autosaves/Game/Blueprints/Maps/UEDPClevelMainMenu -game -PIEVIACONSOLE -ResX=1280 -ResY=720  -Multiprocess -messaging -SessionName="Play in Standalone Game" -windowed 
LogInit: Base directory: C:/Program Files/Epic Games/UE_4.17/Engine/Binaries/Win64/
LogInit: Installed Engine Build: 1
LogInit: Presizing for max 8388607 objects, including 0 objects not considered by GC, pre-allocating 0 bytes for permanent pool.
LogInit: Object subsystem initialized
[2018.03.06-15.14.41:186][  0]LogInit: Selected Device Profile: [Windows]
[2018.03.06-15.14.41:186][  0]LogInit: Applying CVar settings loaded from the selected device profile: [Windows]
[2018.03.06-15.14.41:190][  0]LogInit: Computer: GAMES-106-023
[2018.03.06-15.14.41:190][  0]LogInit: User: Games
[2018.03.06-15.14.41:190][  0]LogInit: CPU Page size=4096, Cores=4
[2018.03.06-15.14.41:190][  0]LogInit: High frequency timer resolution =3.613279 MHz
[2018.03.06-15.14.41:190][  0]LogMemory: Memory total: Physical=15.9GB (16GB approx)
[2018.03.06-15.14.41:190][  0]LogMemory: Platform Memory Stats for Windows
[2018.03.06-15.14.41:190][  0]LogMemory: Process Physical Memory: 279.09 MB used, 279.09 MB peak
[2018.03.06-15.14.41:190][  0]LogMemory: Process Virtual Memory: 282.35 MB used, 282.35 MB peak
[2018.03.06-15.14.41:190][  0]LogMemory: Physical Memory: 5374.34 MB used,  10887.39 MB free, 16261.73 MB total
[2018.03.06-15.14.41:190][  0]LogMemory: Virtual Memory: 715.20 MB used,  10887.39 MB free, 134217728.00 MB total
[2018.03.06-15.14.41:426][  0]LogInit: Using OS detected language (en-US).
[2018.03.06-15.14.41:426][  0]LogInit: Using OS detected locale (en-US).
[2018.03.06-15.14.41:429][  0]LogTextLocalizationManager: No specific localization for 'en-US' exists, so the 'en' localization will be used.
[2018.03.06-15.14.41:940][  0]LogD3D11RHI: D3D11 adapters:
[2018.03.06-15.14.41:987][  0]LogD3D11RHI:    0. 'NVIDIA GeForce GTX 760' (Feature Level 11_0)
[2018.03.06-15.14.41:987][  0]LogD3D11RHI:       2017/0/8130 MB DedicatedVideo/DedicatedSystem/SharedSystem, Outputs:2, VendorId:0x10de
[2018.03.06-15.14.41:989][  0]LogD3D11RHI:    1. 'Microsoft Basic Render Driver' (Feature Level 11_0)
[2018.03.06-15.14.41:989][  0]LogD3D11RHI:       0/0/8130 MB DedicatedVideo/DedicatedSystem/SharedSystem, Outputs:0, VendorId:0x1414
[2018.03.06-15.14.41:989][  0]LogD3D11RHI: Chosen D3D11 Adapter: 0
[2018.03.06-15.14.41:994][  0]LogD3D11RHI: Creating new Direct3DDevice
[2018.03.06-15.14.41:994][  0]LogD3D11RHI:     GPU DeviceId: 0x1187 (for the marketing name, search the web for "GPU Device Id")
[2018.03.06-15.14.41:994][  0]LogWindows: EnumDisplayDevices:
[2018.03.06-15.14.41:994][  0]LogWindows:    0. 'NVIDIA GeForce GTX 760' (P:0 D:1)
[2018.03.06-15.14.41:994][  0]LogWindows:    1. 'NVIDIA GeForce GTX 760' (P:1 D:1)
[2018.03.06-15.14.41:994][  0]LogWindows:    2. 'NVIDIA GeForce GTX 760' (P:0 D:0)
[2018.03.06-15.14.41:995][  0]LogWindows:    3. 'NVIDIA GeForce GTX 760' (P:0 D:0)
[2018.03.06-15.14.41:995][  0]LogWindows: DebugString: GetVideoDriverDetailsInvalid PrimaryIsNotTheChoosenAdapter GetVideoDriverDetailsInvalid PrimaryIsNotTheChoosenAdapter GetVideoDriverDetailsInvalid PrimaryIsNotTheChoosenAdapter GetVideoDriverDetailsInvalid PrimaryIsNotTheChoosenAdapter FoundDriverCount:0 
[2018.03.06-15.14.41:995][  0]LogD3D11RHI:     Adapter Name: NVIDIA GeForce GTX 760
[2018.03.06-15.14.41:995][  0]LogD3D11RHI:   Driver Version: Unknown (internal:Unknown, unified:Unknown)
[2018.03.06-15.14.41:995][  0]LogD3D11RHI:      Driver Date: Unknown
[2018.03.06-15.14.41:995][  0]LogRHI: Texture pool is 1361 MB (70% of 1945 MB)
[2018.03.06-15.14.42:027][  0]LogD3D11RHI: Async texture creation enabled
[2018.03.06-15.14.42:039][  0]LogD3D11RHI: GPU Timing Frequency: 1000.000000 (Debug: 2 1)
[2018.03.06-15.14.42:083][  0]LogShaderCompilers: Guid format shader working directory is -30 characters bigger than the processId version (../../../../../../Users/Games/Desktop/mgp-mgp-group-7/Programming/powerbar2D/Intermediate/Shaders/WorkingDirectory/7816/).
[2018.03.06-15.14.42:084][  0]LogShaderCompilers: Cleaned the shader compiler working directory 'C:/Users/Games/AppData/Local/Temp/UnrealShaderWorkingDir/AD0529664E8C0ACFE1FEF1827B3B342C/'.
[2018.03.06-15.14.42:084][  0]LogShaderCompilers: Display: Using Local Shader Compiler.
[2018.03.06-15.14.43:652][  0]LogTemp: Display: Loaded TP WindowsClientTargetPlatform
[2018.03.06-15.14.43:727][  0]LogTemp: Display: Loaded TP WindowsNoEditorTargetPlatform
[2018.03.06-15.14.43:805][  0]LogTemp: Display: Loaded TP WindowsServerTargetPlatform
[2018.03.06-15.14.43:892][  0]LogTemp: Display: Loaded TP WindowsTargetPlatform
[2018.03.06-15.14.43:892][  0]LogTargetPlatformManager: Display: Building Assets For Windows
[2018.03.06-15.14.45:009][  0]LogDerivedDataCache: Display: Max Cache Size: 512 MB
[2018.03.06-15.14.45:149][  0]LogDerivedDataCache: Loaded boot cache 0.14s 93MB C:/Users/Games/AppData/Local/UnrealEngine/4.17/DerivedDataCache/Boot.ddc.
[2018.03.06-15.14.45:149][  0]LogDerivedDataCache: Display: Loaded Boot cache: C:/Users/Games/AppData/Local/UnrealEngine/4.17/DerivedDataCache/Boot.ddc
[2018.03.06-15.14.45:149][  0]LogDerivedDataCache: FDerivedDataBackendGraph:  Pak pak cache file ../../../../../../Users/Games/Desktop/mgp-mgp-group-7/Programming/powerbar2D/DerivedDataCache/DDC.ddp not found, will not use a pak cache.
[2018.03.06-15.14.45:149][  0]LogDerivedDataCache: Unable to find inner node Pak for hierarchical cache Hierarchy.
[2018.03.06-15.14.45:150][  0]LogDerivedDataCache: FDerivedDataBackendGraph:  CompressedPak pak cache file ../../../../../../Users/Games/Desktop/mgp-mgp-group-7/Programming/powerbar2D/DerivedDataCache/Compressed.ddp not found, will not use a pak cache.
[2018.03.06-15.14.45:150][  0]LogDerivedDataCache: Unable to find inner node CompressedPak for hierarchical cache Hierarchy.
[2018.03.06-15.14.45:169][  0]LogDerivedDataCache: Display: Pak cache opened for reading ../../../Engine/DerivedDataCache/Compressed.ddp.
[2018.03.06-15.14.45:181][  0]LogDerivedDataCache: Using Local data cache path C:/Users/Games/AppData/Local/UnrealEngine/Common/DerivedDataCache: Writable
[2018.03.06-15.14.45:202][  0]LogMaterial: Verifying Global Shaders for PCD3D_SM5
[2018.03.06-15.14.45:202][  0]LogSlate: Using Freetype 2.6.0
[2018.03.06-15.14.45:203][  0]LogSlate: SlateFontCache - WITH_FREETYPE: 1, WITH_HARFBUZZ: 1
[2018.03.06-15.14.45:203][  0]LogSlate: SlateFontCache - WITH_FREETYPE: 1, WITH_HARFBUZZ: 1
[2018.03.06-15.14.45:509][  0]LogAssetRegistry: FAssetRegistry took 0.0051 seconds to start up
[2018.03.06-15.14.45:548][  0]LogPackageLocalizationCache: Processed 5 localized package path(s) for 2 prioritized culture(s) in 0.007564 seconds
[2018.03.06-15.14.45:719][  0]LogInit: Selected Device Profile: [Windows]
[2018.03.06-15.14.45:949][  0]LogContentStreaming: Texture pool size is 1000.00 MB
[2018.03.06-15.14.46:475][  0]LogSimplygon: Simplygon DLL not present - disabling.
[2018.03.06-15.14.46:536][  0]LogMeshReduction: Using SimplygonSwarm for distributed automatic mesh merging
[2018.03.06-15.14.46:536][  0]LogMeshReduction: Using QuadricMeshReduction for automatic static mesh reduction
[2018.03.06-15.14.46:536][  0]LogMeshReduction: No automatic skeletal mesh reduction module available
[2018.03.06-15.14.46:536][  0]LogMeshReduction: No automatic mesh merging module available
[2018.03.06-15.14.46:536][  0]LogMeshMerging: No automatic mesh merging module available
[2018.03.06-15.14.47:015][  0]LogNetVersion: powerbar2D , NetCL: 3573198, EngineNetVer: 2, GameNetVer: 0 (Checksum: 2573702744)
[2018.03.06-15.14.47:303][  0]LogInit: WinSock: version 1.1 (2.2), MaxSocks=32767, MaxUdp=65467
[2018.03.06-15.14.49:606][  0]LogMoviePlayer: Initializing movie player
[2018.03.06-15.14.49:688][  0]LogWindowsTextInputMethodSystem: Display: IME system now deactivated.
[2018.03.06-15.14.50:090][  0]LogCollectionManager: Loaded 0 collections in 0.002004 seconds
[2018.03.06-15.14.50:182][  0]LogFileCache: Scanning file cache for directory 'C:/Users/Games/Desktop/mgp-mgp-group-7/Programming/powerbar2D/Saved/Collections/' took 0.01s
[2018.03.06-15.14.50:182][  0]LogFileCache: Scanning file cache for directory 'C:/Users/Games/Desktop/mgp-mgp-group-7/Programming/powerbar2D/Content/Developers/Games/Collections/' took 0.01s
[2018.03.06-15.14.50:182][  0]LogFileCache: Scanning file cache for directory 'C:/Users/Games/Desktop/mgp-mgp-group-7/Programming/powerbar2D/Content/Collections/' took 0.01s
[2018.03.06-15.14.50:182][  0]LogCollectionManager: Rebuilt the object cache for 0 collections in 0.000001 seconds (found 0 objects)
[2018.03.06-15.14.50:182][  0]LogCollectionManager: Fixed up redirectors for 0 collections in 0.000101 seconds (updated 0 objects)
[2018.03.06-15.14.50:611][  0]LogTcpMessaging: Initializing TcpMessaging bridge
[2018.03.06-15.14.50:684][  0]LogUdpMessaging: Initializing bridge on interface 0.0.0.0:0 to multicast group 230.0.0.1:6666.
[2018.03.06-15.14.51:422][  0]SourceControl: Source control is disabled
[2018.03.06-15.14.51:422][  0]SourceControl: Source control is disabled
[2018.03.06-15.14.51:544][  0]SourceControl: Source control is disabled
[2018.03.06-15.14.52:134][  0]LogAndroidPermission: UAndroidPermissionCallbackProxy::GetInstance
[2018.03.06-15.14.52:562][  0]LogOcInput: OculusInput pre-init called
[2018.03.06-15.14.52:791][  0]LogUObjectArray: 38661 objects as part of root set at end of initial load.
[2018.03.06-15.14.52:791][  0]LogUObjectAllocator: 8461320 out of 0 bytes used by permanent object pool.
[2018.03.06-15.14.52:791][  0]LogUObjectArray: CloseDisregardForGC: 0/0 objects in disregard for GC pool
[2018.03.06-15.14.52:924][  0]LogEngine: Initializing Engine...
[2018.03.06-15.14.52:926][  0]LogHMD: Failed to initialize OpenVR with code 110
[2018.03.06-15.14.53:168][  0]LogStats: UGameplayTagsManager::ConstructGameplayTagTree: Construct from data asset -  0.000 s
[2018.03.06-15.14.53:168][  0]LogStats: UGameplayTagsManager::ConstructGameplayTagTree: GameplayTagTreeChangedEvent.Broadcast -  0.000 s
[2018.03.06-15.14.53:177][  0]LogInit: XAudio2 using 'Headphones (High Definition Audio Device)' : 2 channels at 44.1 kHz using 16 bits per sample (channel mask 0x3)
[2018.03.06-15.14.53:195][  0]LogInit: FAudioDevice initialized.
[2018.03.06-15.14.53:223][  0]LogInit: Texture streaming: Enabled
[2018.03.06-15.14.53:243][  0]LogMaterial: Uniform references updated for custom material expression Custom.
[2018.03.06-15.14.53:676][  0]LogSlateStyle: Warning: Unable to find Slate Widget Style 'NormalText'. Using FTextBlockStyle defaults instead.
[2018.03.06-15.14.53:676][  0]LogSlateStyle: Warning: Unable to find Slate Widget Style 'SpinBox'. Using FSpinBoxStyle defaults instead.
[2018.03.06-15.14.54:061][  0]LogInit: Display: Game Engine Initialized.
[2018.03.06-15.14.54:061][  0]LogGameplayTags: Display: UGameplayTagsManager::DoneAddingNativeTags. DelegateIsBound: 0
[2018.03.06-15.14.54:356][  0]LogInit: Display: Starting Game.
[2018.03.06-15.14.54:356][  0]LogNet: Browse: /Temp/Autosaves/Game/Blueprints/Maps/UEDPClevelMainMenu?Name=Player
[2018.03.06-15.14.54:356][  0]LogLoad: LoadMap: /Temp/Autosaves/Game/Blueprints/Maps/UEDPClevelMainMenu?Name=Player
[2018.03.06-15.14.54:384][  0]LogMemory: Platform Memory Stats for Windows
[2018.03.06-15.14.54:384][  0]LogMemory: Process Physical Memory: 821.63 MB used, 949.85 MB peak
[2018.03.06-15.14.54:384][  0]LogMemory: Process Virtual Memory: 943.79 MB used, 1014.40 MB peak
[2018.03.06-15.14.54:384][  0]LogMemory: Physical Memory: 5885.98 MB used,  10375.75 MB free, 16261.73 MB total
[2018.03.06-15.14.54:384][  0]LogMemory: Virtual Memory: 1598.38 MB used,  10375.75 MB free, 134217728.00 MB total
[2018.03.06-15.14.54:384][  0]LogMemory: 
[2018.03.06-15.14.54:384][  0]Allocator Stats for TBB: (not implemented)
[2018.03.06-15.14.54:688][  0]LogAIModule: Creating AISystem for world levelMainMenu
[2018.03.06-15.14.54:688][  0]LogLinker: Warning: Can't find file '/Game/2DSideScrollerBP/Blueprints/2DSideScrollerGameMode'
[2018.03.06-15.14.54:688][  0]LogUObjectGlobals: Warning: Failed to load '/Game/2DSideScrollerBP/Blueprints/2DSideScrollerGameMode': Can't find file '/Game/2DSideScrollerBP/Blueprints/2DSideScrollerGameMode'
[2018.03.06-15.14.54:689][  0]LogLinker: Warning: Can't find file '/Game/2DSideScrollerBP/Blueprints/2DSideScrollerGameMode'
[2018.03.06-15.14.54:689][  0]LogUObjectGlobals: Warning: Failed to load '/Game/2DSideScrollerBP/Blueprints/2DSideScrollerGameMode': Can't find file '/Game/2DSideScrollerBP/Blueprints/2DSideScrollerGameMode'
[2018.03.06-15.14.54:689][  0]LogUObjectGlobals: Warning: Failed to find object 'Class /Game/2DSideScrollerBP/Blueprints/2DSideScrollerGameMode.2DSideScrollerGameMode_C'
[2018.03.06-15.14.54:689][  0]LogLoad: Game class is 'GameModeBase'
[2018.03.06-15.14.54:690][  0]LogWorld: Bringing World /Temp/Autosaves/Game/Blueprints/Maps/UEDPClevelMainMenu.levelMainMenu up for play (max tick rate 0) at 2018.03.06-15.14.54
[2018.03.06-15.14.54:691][  0]LogWorld: Bringing up level for play took: 0.000828
[2018.03.06-15.14.54:699][  0]LogLoad: Took 0.342812 seconds to LoadMap(/Temp/Autosaves/Game/Blueprints/Maps/UEDPClevelMainMenu)
[2018.03.06-15.14.54:995][  0]LogRenderer: Reallocating scene render targets to support 1280x720 Format 10 NumSamples 1 (Frame:1).
[2018.03.06-15.14.54:995][  0]LogLoad: (Engine Initialization) Total time: 15.74 seconds
[2018.03.06-15.14.54:995][  0]LogLoad: (Engine Initialization) Total Blueprint compile time: 0.00 seconds
[2018.03.06-15.14.54:995][  0]LogExternalProfiler: Found external profiler: VSPerf
[2018.03.06-15.14.54:995][  0]LogExternalProfiler: Using external profiler: VSPerf
[2018.03.06-15.15.07:635][776]LogPackageName: SearchForPackageOnDisk took   0.106s to resolve 2DSideScrollerExampleMap.umap.
[2018.03.06-15.15.07:834][776]LogPackageName: SearchForPackageOnDisk took   0.198s to resolve 2DSideScrollerExampleMap.umap.
[2018.03.06-15.15.07:834][776]LogNet: Browse: /Game/Blueprints/Maps/2DSideScrollerExampleMap
[2018.03.06-15.15.07:835][776]LogLoad: LoadMap: /Game/Blueprints/Maps/2DSideScrollerExampleMap
[2018.03.06-15.15.07:860][776]LogMemory: Platform Memory Stats for Windows
[2018.03.06-15.15.07:861][776]LogMemory: Process Physical Memory: 787.45 MB used, 949.85 MB peak
[2018.03.06-15.15.07:861][776]LogMemory: Process Virtual Memory: 1043.36 MB used, 1177.66 MB peak
[2018.03.06-15.15.07:861][776]LogMemory: Physical Memory: 5834.96 MB used,  10426.77 MB free, 16261.73 MB total
[2018.03.06-15.15.07:861][776]LogMemory: Virtual Memory: 1784.78 MB used,  10426.77 MB free, 134217728.00 MB total
[2018.03.06-15.15.07:861][776]LogMemory: 
[2018.03.06-15.15.07:861][776]Allocator Stats for TBB: (not implemented)
[2018.03.06-15.15.08:286][776]LogAIModule: Creating AISystem for world 2DSideScrollerExampleMap
[2018.03.06-15.15.08:287][776]LogLoad: Game class is '2DSideScrollerGameMode_C'
[2018.03.06-15.15.08:290][776]LogWorld: Bringing World /Game/Blueprints/Maps/2DSideScrollerExampleMap.2DSideScrollerExampleMap up for play (max tick rate 0) at 2018.03.06-15.15.08
[2018.03.06-15.15.08:291][776]LogWorld: Bringing up level for play took: 0.002923
[2018.03.06-15.15.08:295][776]LogLoad: Took 0.460070 seconds to LoadMap(/Game/Blueprints/Maps/2DSideScrollerExampleMap)
[2018.03.06-15.15.11:638][984]LogBlueprintUserMessages: [2DSideScrollerCharacter_254] 98.074974
[2018.03.06-15.15.11:639][984]LogBlueprintUserMessages: [2DSideScrollerCharacter_254] 78.192505
[2018.03.06-15.15.11:640][984]LogBlueprintUserMessages: [2DSideScrollerCharacter_254] 1
[2018.03.06-15.15.14:106][137]LogBlueprintUserMessages: [2DSideScrollerCharacter_254] 94.204224
[2018.03.06-15.15.14:106][137]LogBlueprintUserMessages: [2DSideScrollerCharacter_254] 68.772079
[2018.03.06-15.15.14:106][137]LogBlueprintUserMessages: [2DSideScrollerCharacter_254] 2
[2018.03.06-15.15.14:509][162]LogBlueprintUserMessages: [2DSideScrollerCharacter_254] 74.192291
[2018.03.06-15.15.14:509][162]LogBlueprintUserMessages: [2DSideScrollerCharacter_254] 61.352852
[2018.03.06-15.15.14:510][162]LogBlueprintUserMessages: [2DSideScrollerCharacter_254] 3
[2018.03.06-15.15.14:977][191]LogBlueprintUserMessages: [2DSideScrollerCharacter_254] 36.770741
[2018.03.06-15.15.14:977][191]LogBlueprintUserMessages: [2DSideScrollerCharacter_254] 57.675777
[2018.03.06-15.15.14:977][191]LogBlueprintUserMessages: [2DSideScrollerCharacter_254] 4
[2018.03.06-15.15.16:622][293]LogBlueprintUserMessages: [2DSideScrollerCharacter_254] 94.200775
[2018.03.06-15.15.16:622][293]LogBlueprintUserMessages: [2DSideScrollerCharacter_254] 48.255699
[2018.03.06-15.15.16:622][293]LogBlueprintUserMessages: [2DSideScrollerCharacter_254] 5
[2018.03.06-15.15.16:848][307]LogBlueprintUserMessages: [2DSideScrollerCharacter_254] 88.386597
[2018.03.06-15.15.16:848][307]LogBlueprintUserMessages: [2DSideScrollerCharacter_254] 39.417038
[2018.03.06-15.15.16:849][307]LogBlueprintUserMessages: [2DSideScrollerCharacter_254] 6
[2018.03.06-15.15.17:025][318]LogBlueprintUserMessages: [2DSideScrollerCharacter_254] 74.192284
[2018.03.06-15.15.17:025][318]LogBlueprintUserMessages: [2DSideScrollerCharacter_254] 31.99781
[2018.03.06-15.15.17:026][318]LogBlueprintUserMessages: [2DSideScrollerCharacter_254] 7
[2018.03.06-15.15.17:203][329]LogBlueprintUserMessages: [2DSideScrollerCharacter_254] 59.998043
[2018.03.06-15.15.17:203][329]LogBlueprintUserMessages: [2DSideScrollerCharacter_254] 25.998007
[2018.03.06-15.15.17:203][329]LogBlueprintUserMessages: [2DSideScrollerCharacter_254] 8
[2018.03.06-15.15.17:380][340]LogBlueprintUserMessages: [2DSideScrollerCharacter_254] 45.803509
[2018.03.06-15.15.17:380][340]LogBlueprintUserMessages: [2DSideScrollerCharacter_254] 21.417656
[2018.03.06-15.15.17:381][340]LogBlueprintUserMessages: [2DSideScrollerCharacter_254] 9
[2018.03.06-15.15.17:542][350]LogBlueprintUserMessages: [2DSideScrollerCharacter_254] 32.899418
[2018.03.06-15.15.17:542][350]LogBlueprintUserMessages: [2DSideScrollerCharacter_254] 18.127714
[2018.03.06-15.15.17:542][350]LogBlueprintUserMessages: [2DSideScrollerCharacter_254] 10
[2018.03.06-15.15.17:928][374]LogBlueprintUserMessages: [2DSideScrollerCharacter_254] 1.929945
[2018.03.06-15.15.17:929][374]LogBlueprintUserMessages: [2DSideScrollerCharacter_254] 17.934719
[2018.03.06-15.15.17:929][374]LogBlueprintUserMessages: [2DSideScrollerCharacter_254] 11
[2018.03.06-15.15.18:267][395]LogBlueprintUserMessages: [2DSideScrollerCharacter_254] 24.517832
[2018.03.06-15.15.18:268][395]LogBlueprintUserMessages: [2DSideScrollerCharacter_254] 15.482936
[2018.03.06-15.15.18:268][395]LogBlueprintUserMessages: [2DSideScrollerCharacter_254] 12
[2018.03.06-15.15.18:509][410]LogBlueprintUserMessages: [2DSideScrollerCharacter_254] 43.874142
[2018.03.06-15.15.18:510][410]LogBlueprintUserMessages: [2DSideScrollerCharacter_254] 11.095522
[2018.03.06-15.15.18:510][410]LogBlueprintUserMessages: [2DSideScrollerCharacter_254] 13
[2018.03.06-15.15.18:703][422]LogBlueprintUserMessages: [2DSideScrollerCharacter_254] 59.359287
[2018.03.06-15.15.18:703][422]LogBlueprintUserMessages: [2DSideScrollerCharacter_254] 5.159593
[2018.03.06-15.15.18:703][422]LogBlueprintUserMessages: [2DSideScrollerCharacter_254] 14
[2018.03.06-15.15.19:041][443]LogBlueprintUserMessages: [2DSideScrollerCharacter_254] 86.457207
[2018.03.06-15.15.19:042][443]LogBlueprintUserMessages: [2DSideScrollerCharacter_254] -3.486127
[2018.03.06-15.15.19:042][443]LogBlueprintUserMessages: [2DSideScrollerCharacter_254] end
[2018.03.06-15.15.21:445][584]LogPackageName: SearchForPackageOnDisk took   0.129s to resolve levelMainMenu.umap.
[2018.03.06-15.15.21:547][584]LogPackageName: SearchForPackageOnDisk took   0.100s to resolve levelMainMenu.umap.
[2018.03.06-15.15.21:547][584]LogNet: Browse: /Game/Blueprints/Maps/levelMainMenu
[2018.03.06-15.15.21:547][584]LogLoad: LoadMap: /Game/Blueprints/Maps/levelMainMenu
[2018.03.06-15.15.21:582][584]LogMemory: Platform Memory Stats for Windows
[2018.03.06-15.15.21:582][584]LogMemory: Process Physical Memory: 890.54 MB used, 993.45 MB peak
[2018.03.06-15.15.21:582][584]LogMemory: Process Virtual Memory: 1201.34 MB used, 1336.99 MB peak
[2018.03.06-15.15.21:582][584]LogMemory: Physical Memory: 5954.00 MB used,  10307.73 MB free, 16261.73 MB total
[2018.03.06-15.15.21:582][584]LogMemory: Virtual Memory: 1937.97 MB used,  10307.73 MB free, 134217728.00 MB total
[2018.03.06-15.15.21:582][584]LogMemory: 
[2018.03.06-15.15.21:582][584]Allocator Stats for TBB: (not implemented)
[2018.03.06-15.15.21:623][584]LogAIModule: Creating AISystem for world levelMainMenu
[2018.03.06-15.15.21:624][584]LogLoad: Game class is 'GameModeBase'
[2018.03.06-15.15.21:625][584]LogWorld: Bringing World /Game/Blueprints/Maps/levelMainMenu.levelMainMenu up for play (max tick rate 0) at 2018.03.06-15.15.21
[2018.03.06-15.15.21:625][584]LogWorld: Bringing up level for play took: 0.000565
[2018.03.06-15.15.21:626][584]LogGameMode: FindPlayerStart: PATHS NOT DEFINED or NO PLAYERSTART with positive rating
[2018.03.06-15.15.21:629][584]LogLoad: Took 0.081936 seconds to LoadMap(/Game/Blueprints/Maps/levelMainMenu)
[2018.03.06-15.15.27:618][949]LogWindowsTextInputMethodSystem: Display: IME system now deactivated.
[2018.03.06-15.15.27:621][949]LogWindowsTextInputMethodSystem: Display: IME system now deactivated.
[2018.03.06-15.15.27:622][949]LogEngine: All Windows Closed
[2018.03.06-15.15.27:622][949]LogWindows: FPlatformMisc::RequestExit(0)
[2018.03.06-15.15.27:941][950]LogExit: Preparing to exit.
[2018.03.06-15.15.27:941][950]LogMoviePlayer: Shutting down movie player
[2018.03.06-15.15.28:848][950]LogExit: Game engine shut down
[2018.03.06-15.15.28:902][950]LogExit: Object subsystem successfully closed.
[2018.03.06-15.15.28:920][950]LogD3D11RHI: Shutdown
[2018.03.06-15.15.28:920][950]LogD3D11RHI: CleanupD3DDevice
[2018.03.06-15.15.28:921][950]LogD3D11RHI: ~FD3D11DynamicRHI
[2018.03.06-15.15.28:932][950]LogModuleManager: Shutting down and abandoning module SequenceRecorderSections (304)
[2018.03.06-15.15.28:932][950]LogModuleManager: Shutting down and abandoning module SequenceRecorder (302)
[2018.03.06-15.15.28:932][950]LogModuleManager: Shutting down and abandoning module AutomationController (300)
[2018.03.06-15.15.28:932][950]LogModuleManager: Shutting down and abandoning module AutomationWorker (298)
[2018.03.06-15.15.28:932][950]LogModuleManager: Shutting down and abandoning module AIModule (296)
[2018.03.06-15.15.28:932][950]LogModuleManager: Shutting down and abandoning module GameplayDebugger (295)
[2018.03.06-15.15.28:932][950]LogModuleManager: Shutting down and abandoning module AITestSuite (293)
[2018.03.06-15.15.28:932][950]LogModuleManager: Shutting down and abandoning module WmfMediaFactory (290)
[2018.03.06-15.15.28:932][950]LogModuleManager: Shutting down and abandoning module AvfMediaFactory (288)
[2018.03.06-15.15.28:932][950]LogModuleManager: Shutting down and abandoning module AndroidMediaFactory (286)
[2018.03.06-15.15.28:932][950]LogModuleManager: Shutting down and abandoning module Media (285)
[2018.03.06-15.15.28:932][950]LogModuleManager: Shutting down and abandoning module CharacterAI (282)
[2018.03.06-15.15.28:932][950]LogModuleManager: Shutting down and abandoning module SessionServices (280)
[2018.03.06-15.15.28:932][950]LogModuleManager: Shutting down and abandoning module MovieSceneCapture (278)
[2018.03.06-15.15.28:932][950]LogModuleManager: Shutting down and abandoning module MovieSceneTracks (276)
[2018.03.06-15.15.28:932][950]LogModuleManager: Shutting down and abandoning module MovieScene (274)
[2018.03.06-15.15.28:932][950]LogModuleManager: Shutting down and abandoning module GeometryCache (272)
[2018.03.06-15.15.28:932][950]LogModuleManager: Shutting down and abandoning module GeometryCacheEd (271)
[2018.03.06-15.15.28:932][950]LogModuleManager: Shutting down and abandoning module Niagara (268)
[2018.03.06-15.15.28:932][950]LogModuleManager: Shutting down and abandoning module NiagaraEditor (267)
[2018.03.06-15.15.28:932][950]LogModuleManager: Shutting down and abandoning module StreamingPauseRendering (264)
[2018.03.06-15.15.28:933][950]LogModuleManager: Shutting down and abandoning module PortalServices (262)
[2018.03.06-15.15.28:933][950]LogModuleManager: Shutting down and abandoning module PortalRpc (260)
[2018.03.06-15.15.28:933][950]LogModuleManager: Shutting down and abandoning module MessagingRpc (258)
[2018.03.06-15.15.28:933][950]LogModuleManager: Shutting down and abandoning module ProfilerService (256)
[2018.03.06-15.15.29:183][950]LogModuleManager: Shutting down and abandoning module TaskGraph (254)
[2018.03.06-15.15.29:183][950]LogModuleManager: Shutting down and abandoning module SteamVRController (252)
[2018.03.06-15.15.29:183][950]LogModuleManager: Shutting down and abandoning module ProceduralMeshComponent (250)
[2018.03.06-15.15.29:183][950]LogModuleManager: Shutting down and abandoning module OculusInput (248)
[2018.03.06-15.15.29:183][950]LogModuleManager: Shutting down and abandoning module MobilePatchingUtils (246)
[2018.03.06-15.15.29:183][950]LogModuleManager: Shutting down and abandoning module CustomMeshComponent (244)
[2018.03.06-15.15.29:183][950]LogModuleManager: Shutting down and abandoning module CableComponent (242)
[2018.03.06-15.15.29:183][950]LogModuleManager: Shutting down and abandoning module ArchVisCharacter (240)
[2018.03.06-15.15.29:183][950]LogModuleManager: Shutting down and abandoning module AndroidPermission (238)
[2018.03.06-15.15.29:183][950]LogModuleManager: Shutting down and abandoning module HTML5Networking (234)
[2018.03.06-15.15.29:183][950]LogModuleManager: Shutting down and abandoning module VisualStudioSourceCodeAccess (232)
[2018.03.06-15.15.29:183][950]LogModuleManager: Shutting down and abandoning module DesktopPlatform (231)
[2018.03.06-15.15.29:183][950]LogModuleManager: Shutting down and abandoning module HotReload (229)
[2018.03.06-15.15.29:184][950]LogModuleManager: Shutting down and abandoning module UObjectPlugin (226)
[2018.03.06-15.15.29:184][950]LogModuleManager: Shutting down and abandoning module SubversionSourceControl (224)
[2018.03.06-15.15.29:184][950]LogModuleManager: Shutting down and abandoning module PerforceSourceControl (222)
[2018.03.06-15.15.29:184][950]LogModuleManager: Shutting down and abandoning module SourceControl (221)
[2018.03.06-15.15.29:184][950]LogModuleManager: Shutting down and abandoning module RuntimePhysXCooking (218)
[2018.03.06-15.15.29:184][950]LogModuleManager: Shutting down and abandoning module PhysXVehiclesEditor (216)
[2018.03.06-15.15.29:184][950]LogModuleManager: Shutting down and abandoning module PhysXVehicles (214)
[2018.03.06-15.15.29:184][950]LogModuleManager: Shutting down and abandoning module LocationServicesBPLibrary (212)
[2018.03.06-15.15.29:184][950]LogModuleManager: Shutting down and abandoning module ImmediatePhysicsEditor (210)
[2018.03.06-15.15.29:184][950]LogModuleManager: Shutting down and abandoning module ImmediatePhysics (208)
[2018.03.06-15.15.29:184][950]LogModuleManager: Shutting down and abandoning module UdpMessaging (206)
[2018.03.06-15.15.29:284][950]LogModuleManager: Shutting down and abandoning module TcpMessaging (204)
[2018.03.06-15.15.29:628][950]LogModuleManager: Shutting down and abandoning module GameplayTagsEditor (202)
[2018.03.06-15.15.29:628][950]LogModuleManager: Shutting down and abandoning module FacialAnimation (200)
[2018.03.06-15.15.29:628][950]LogModuleManager: Shutting down and abandoning module AssetManagerEditor (198)
[2018.03.06-15.15.29:628][950]LogModuleManager: Shutting down and abandoning module GraphEditor (197)
[2018.03.06-15.15.29:628][950]LogModuleManager: Shutting down and abandoning module ContentBrowser (195)
[2018.03.06-15.15.29:628][950]LogModuleManager: Shutting down and abandoning module CollectionManager (194)
[2018.03.06-15.15.29:628][950]LogDirectoryWatcher: A directory notification for 'C:/Users/Games/Desktop/mgp-mgp-group-7/Programming/powerbar2D/Content/Collections/' was aborted.
[2018.03.06-15.15.29:629][950]LogDirectoryWatcher: A directory notification for 'C:/Users/Games/Desktop/mgp-mgp-group-7/Programming/powerbar2D/Content/Developers/Games/Collections/' was aborted.
[2018.03.06-15.15.29:629][950]LogDirectoryWatcher: A directory notification for 'C:/Users/Games/Desktop/mgp-mgp-group-7/Programming/powerbar2D/Saved/Collections/' was aborted.
[2018.03.06-15.15.29:629][950]LogModuleManager: Shutting down and abandoning module DirectoryWatcher (193)
[2018.03.06-15.15.29:629][950]LogModuleManager: Shutting down and abandoning module LightPropagationVolumeRuntime (188)
[2018.03.06-15.15.29:629][950]LogModuleManager: Shutting down and abandoning module Paper2D (186)
[2018.03.06-15.15.29:629][950]LogModuleManager: Shutting down and abandoning module WindowsMoviePlayer (184)
[2018.03.06-15.15.29:629][950]LogModuleManager: Shutting down and abandoning module WmfMedia (182)
[2018.03.06-15.15.29:632][950]LogModuleManager: Shutting down and abandoning module PacketHandler (180)
[2018.03.06-15.15.29:632][950]LogModuleManager: Shutting down and abandoning module ClothingSystemEditor (178)
[2018.03.06-15.15.29:632][950]LogModuleManager: Shutting down and abandoning module ClothingSystemRuntime (176)
[2018.03.06-15.15.29:632][950]LogModuleManager: Shutting down and abandoning module Overlay (174)
[2018.03.06-15.15.29:633][950]LogModuleManager: Shutting down and abandoning module OverlayEditor (173)
[2018.03.06-15.15.29:633][950]LogModuleManager: Shutting down and abandoning module MediaAssets (170)
[2018.03.06-15.15.29:633][950]LogModuleManager: Shutting down and abandoning module VREditor (168)
[2018.03.06-15.15.29:633][950]LogModuleManager: Shutting down and abandoning module StringTableEditor (166)
[2018.03.06-15.15.29:633][950]LogModuleManager: Shutting down and abandoning module GameplayTasksEditor (164)
[2018.03.06-15.15.29:633][950]LogModuleManager: Shutting down and abandoning module BehaviorTreeEditor (162)
[2018.03.06-15.15.29:633][950]LogModuleManager: Shutting down and abandoning module FunctionalTesting (160)
[2018.03.06-15.15.29:633][950]LogModuleManager: Shutting down and abandoning module CollisionAnalyzer (158)
[2018.03.06-15.15.29:633][950]LogModuleManager: Shutting down and abandoning module WorkspaceMenuStructure (157)
[2018.03.06-15.15.29:633][950]LogModuleManager: Shutting down and abandoning module UMG (154)
[2018.03.06-15.15.29:633][950]LogModuleManager: Shutting down and abandoning module UMGEditor (153)
[2018.03.06-15.15.29:633][950]LogModuleManager: Shutting down and abandoning module Sequencer (152)
[2018.03.06-15.15.29:633][950]LogModuleManager: Shutting down and abandoning module MessageLog (149)
[2018.03.06-15.15.29:634][950]LogModuleManager: Shutting down and abandoning module SlateReflector (144)
[2018.03.06-15.15.29:634][950]LogModuleManager: Shutting down and abandoning module Slate (142)
[2018.03.06-15.15.29:634][950]LogModuleManager: Shutting down and abandoning module EditorStyle (140)
[2018.03.06-15.15.29:640][950]LogModuleManager: Shutting down and abandoning module MRMesh (138)
[2018.03.06-15.15.29:640][950]LogModuleManager: Shutting down and abandoning module Messaging (136)
[2018.03.06-15.15.29:640][950]LogModuleManager: Shutting down and abandoning module SourceCodeAccess (134)
[2018.03.06-15.15.29:640][950]LogModuleManager: Shutting down and abandoning module HeadMountedDisplay (132)
[2018.03.06-15.15.29:640][950]LogModuleManager: Shutting down and abandoning module XAudio2 (130)
[2018.03.06-15.15.29:640][950]LogModuleManager: Shutting down and abandoning module Networking (128)
[2018.03.06-15.15.29:640][950]LogModuleManager: Shutting down and abandoning module Core (124)
[2018.03.06-15.15.29:640][950]LogModuleManager: Shutting down and abandoning module KismetCompiler (122)
[2018.03.06-15.15.29:640][950]LogModuleManager: Shutting down and abandoning module LevelSequence (120)
[2018.03.06-15.15.29:641][950]LogModuleManager: Shutting down and abandoning module MeshUtilities (118)
[2018.03.06-15.15.29:641][950]LogModuleManager: Shutting down and abandoning module MeshMergeUtilities (117)
[2018.03.06-15.15.29:641][950]LogModuleManager: Shutting down and abandoning module MeshReductionInterface (116)
[2018.03.06-15.15.29:641][950]LogModuleManager: Shutting down and abandoning module SimplygonSwarm (115)
[2018.03.06-15.15.29:641][950]LogModuleManager: Shutting down and abandoning module SimplygonMeshReduction (113)
[2018.03.06-15.15.29:641][950]LogModuleManager: Shutting down and abandoning module QuadricMeshReduction (111)
[2018.03.06-15.15.29:641][950]LogModuleManager: Shutting down and abandoning module MaterialBaking (107)
[2018.03.06-15.15.29:641][950]LogModuleManager: Shutting down and abandoning module DerivedDataCache (102)
[2018.03.06-15.15.29:703][950]LogDerivedDataCache: Shutdown
[2018.03.06-15.15.29:703][950]LogModuleManager: Shutting down and abandoning module TargetPlatform (100)
[2018.03.06-15.15.29:703][950]LogModuleManager: Shutting down and abandoning module VulkanShaderFormat (99)
[2018.03.06-15.15.29:703][950]LogModuleManager: Shutting down and abandoning module ShaderFormatVectorVM (97)
[2018.03.06-15.15.29:703][950]LogModuleManager: Shutting down and abandoning module ShaderFormatOpenGL (95)
[2018.03.06-15.15.29:703][950]LogModuleManager: Shutting down and abandoning module ShaderFormatD3D (93)
[2018.03.06-15.15.29:703][950]LogModuleManager: Shutting down and abandoning module MetalShaderFormat (91)
[2018.03.06-15.15.29:703][950]LogModuleManager: Shutting down and abandoning module TextureFormatUncompressed (89)
[2018.03.06-15.15.29:703][950]LogModuleManager: Shutting down and abandoning module TextureFormatPVR (87)
[2018.03.06-15.15.29:703][950]LogModuleManager: Shutting down and abandoning module TextureFormatDXT (85)
[2018.03.06-15.15.29:703][950]LogModuleManager: Shutting down and abandoning module TextureFormatIntelISPCTexComp (83)
[2018.03.06-15.15.29:704][950]LogModuleManager: Shutting down and abandoning module TextureFormatASTC (81)
[2018.03.06-15.15.29:704][950]LogModuleManager: Shutting down and abandoning module ImageWrapper (80)
[2018.03.06-15.15.29:704][950]LogModuleManager: Shutting down and abandoning module TextureFormatAndroid (77)
[2018.03.06-15.15.29:704][950]LogModuleManager: Shutting down and abandoning module AudioFormatOpus (75)
[2018.03.06-15.15.29:704][950]LogModuleManager: Shutting down and abandoning module AudioFormatOgg (73)
[2018.03.06-15.15.29:704][950]LogModuleManager: Shutting down and abandoning module AudioFormatADPCM (71)
[2018.03.06-15.15.29:704][950]LogModuleManager: Shutting down and abandoning module WindowsTargetPlatform (69)
[2018.03.06-15.15.29:704][950]LogModuleManager: Shutting down and abandoning module WindowsServerTargetPlatform (67)
[2018.03.06-15.15.29:704][950]LogModuleManager: Shutting down and abandoning module WindowsNoEditorTargetPlatform (65)
[2018.03.06-15.15.29:704][950]LogModuleManager: Shutting down and abandoning module WindowsClientTargetPlatform (63)
[2018.03.06-15.15.29:704][950]LogModuleManager: Shutting down and abandoning module InputCore (60)
[2018.03.06-15.15.29:704][950]LogModuleManager: Shutting down and abandoning module Settings (58)
[2018.03.06-15.15.29:704][950]LogModuleManager: Shutting down and abandoning module PhysXCooking (56)
[2018.03.06-15.15.29:704][950]LogModuleManager: Shutting down and abandoning module SteamVR (54)
[2018.03.06-15.15.29:704][950]LogModuleManager: Shutting down and abandoning module OculusHMD (52)
[2018.03.06-15.15.29:704][950]LogModuleManager: Shutting down and abandoning module ExampleDeviceProfileSelector (50)
[2018.03.06-15.15.29:704][950]LogModuleManager: Shutting down and abandoning module OnlineBlueprintSupport (48)
[2018.03.06-15.15.29:704][950]LogModuleManager: Shutting down and abandoning module OnlineSubsystem (44)
[2018.03.06-15.15.29:704][950]LogOnline: Display: Unloading online subsystem: NULL
[2018.03.06-15.15.29:705][950]LogModuleManager: Shutting down and abandoning module XMPP (43)
[2018.03.06-15.15.29:705][950]LogModuleManager: Shutting down and abandoning module HTTP (41)
[2018.03.06-15.15.29:716][950]LogModuleManager: Shutting down and abandoning module SSL (40)
[2018.03.06-15.15.29:719][950]LogModuleManager: Shutting down and abandoning module AnimationModifiers (36)
[2018.03.06-15.15.29:719][950]LogModuleManager: Shutting down and abandoning module PropertyEditor (35)
[2018.03.06-15.15.29:719][950]LogModuleManager: Shutting down and abandoning module AudioEditor (32)
[2018.03.06-15.15.29:719][950]LogModuleManager: Shutting down and abandoning module TextureCompressor (30)
[2018.03.06-15.15.29:719][950]LogModuleManager: Shutting down and abandoning module ShaderCore (28)
[2018.03.06-15.15.29:719][950]LogModuleManager: Shutting down and abandoning module Landscape (26)
[2018.03.06-15.15.29:719][950]LogModuleManager: Shutting down and abandoning module SlateRHIRenderer (24)
[2018.03.06-15.15.29:720][950]LogModuleManager: Shutting down and abandoning module OpenGLDrv (22)
[2018.03.06-15.15.29:720][950]LogModuleManager: Shutting down and abandoning module D3D11RHI (20)
[2018.03.06-15.15.29:720][950]LogModuleManager: Shutting down and abandoning module AnimGraphRuntime (18)
[2018.03.06-15.15.29:720][950]LogModuleManager: Shutting down and abandoning module Renderer (16)
[2018.03.06-15.15.29:720][950]LogModuleManager: Shutting down and abandoning module Engine (14)
[2018.03.06-15.15.29:720][950]LogModuleManager: Shutting down and abandoning module CoreUObject (12)
[2018.03.06-15.15.29:720][950]LogModuleManager: Shutting down and abandoning module NetworkFile (10)
[2018.03.06-15.15.29:720][950]LogModuleManager: Shutting down and abandoning module CookedIterativeFile (8)
[2018.03.06-15.15.29:720][950]LogModuleManager: Shutting down and abandoning module StreamingFile (6)
[2018.03.06-15.15.29:720][950]LogModuleManager: Shutting down and abandoning module SandboxFile (4)
[2018.03.06-15.15.29:720][950]LogModuleManager: Shutting down and abandoning module PakFile (2)
[2018.03.06-15.15.29:725][950]LogExit: Exiting.
[2018.03.06-15.15.29:730][950]Log file closed, 03/06/18 15:15:29
