Log file open, 03/06/18 12:42:33
LogWindows: Failed to load 'aqProf.dll' (GetLastError=126)
LogWindows: File 'aqProf.dll' does not exist
LogWindows: Failed to load 'VtuneApi.dll' (GetLastError=126)
LogWindows: File 'VtuneApi.dll' does not exist
LogWindows: Failed to load 'VtuneApi32e.dll' (GetLastError=126)
LogWindows: File 'VtuneApi32e.dll' does not exist
LogInit: Display: Running engine for game: powerbar2D
LogPlatformFile: Not using cached read wrapper
LogInit: Display: RandInit(126887063) SRandInit(126887063).
LogTaskGraph: Started task graph with 5 named threads and 14 total threads with 3 sets of task threads.
LogStats: Stats thread started at 0.190030
LogD3D11RHI: Aftermath initialized
LogPluginManager: Mounting plugin Paper2D
LogPluginManager: Mounting plugin LightPropagationVolume
LogPluginManager: Mounting plugin CodeLiteSourceCodeAccess
LogPluginManager: Mounting plugin GitSourceControl
LogPluginManager: Mounting plugin KDevelopSourceCodeAccess
LogPluginManager: Mounting plugin NullSourceCodeAccess
LogPluginManager: Mounting plugin PerforceSourceControl
LogPluginManager: Mounting plugin SubversionSourceControl
LogPluginManager: Mounting plugin UObjectPlugin
LogPluginManager: Mounting plugin VisualStudioSourceCodeAccess
LogPluginManager: Mounting plugin XCodeSourceCodeAccess
LogPluginManager: Mounting plugin AssetManagerEditor
LogPluginManager: Mounting plugin AudioCapture
LogPluginManager: Mounting plugin FacialAnimation
LogPluginManager: Mounting plugin GameplayTagsEditor
LogPluginManager: Mounting plugin MobileLauncherProfileWizard
LogPluginManager: Mounting plugin PluginBrowser
LogPluginManager: Mounting plugin SpeedTreeImporter
LogPluginManager: Mounting plugin AlembicImporter
LogPluginManager: Mounting plugin CharacterAI
LogPluginManager: Mounting plugin HTML5Networking
LogPluginManager: Mounting plugin AndroidMedia
LogPluginManager: Mounting plugin AvfMedia
LogPluginManager: Mounting plugin MediaPlayerEditor
LogPluginManager: Mounting plugin WmfMedia
LogPluginManager: Mounting plugin TcpMessaging
LogPluginManager: Mounting plugin UdpMessaging
LogPluginManager: Mounting plugin LevelSequenceEditor
LogPluginManager: Mounting plugin MatineeToLevelSequence
LogPluginManager: Mounting plugin OnlineSubsystemGooglePlay
LogPluginManager: Mounting plugin OnlineSubsystemIOS
LogPluginManager: Mounting plugin OnlineSubsystem
LogPluginManager: Mounting plugin OnlineSubsystemNull
LogPluginManager: Mounting plugin OnlineSubsystemUtils
LogPluginManager: Mounting plugin AndroidDeviceProfileSelector
LogPluginManager: Mounting plugin AndroidMoviePlayer
LogPluginManager: Mounting plugin AndroidPermission
LogPluginManager: Mounting plugin AppleMoviePlayer
LogPluginManager: Mounting plugin ArchVisCharacter
LogPluginManager: Mounting plugin CableComponent
LogPluginManager: Mounting plugin CustomMeshComponent
LogPluginManager: Mounting plugin ExampleDeviceProfileSelector
LogPluginManager: Mounting plugin GoogleCloudMessaging
LogPluginManager: Mounting plugin ImmediatePhysics
LogPluginManager: Mounting plugin IOSDeviceProfileSelector
LogPluginManager: Mounting plugin LinuxDeviceProfileSelector
LogPluginManager: Mounting plugin LocationServicesBPLibrary
LogPluginManager: Mounting plugin MobilePatchingUtils
LogPluginManager: Mounting plugin OculusVR
LogPluginManager: Mounting plugin PhysXVehicles
LogPluginManager: Mounting plugin ProceduralMeshComponent
LogPluginManager: Mounting plugin RuntimePhysXCooking
LogPluginManager: Mounting plugin SteamVR
LogPluginManager: Mounting plugin WindowsMoviePlayer
LogInit: Using libcurl 7.47.1
LogInit:  - built for x86_64-pc-win32
LogInit:  - supports SSL with OpenSSL/1.0.2g
LogInit:  - supports HTTP deflate (compression) using libz 1.2.8
LogInit:  - other features:
LogInit:      CURL_VERSION_SSL
LogInit:      CURL_VERSION_LIBZ
LogInit:      CURL_VERSION_IPV6
LogInit:      CURL_VERSION_ASYNCHDNS
LogInit:      CURL_VERSION_LARGEFILE
LogInit:      CURL_VERSION_IDN
LogInit:  CurlRequestOptions (configurable via config and command line):
LogInit:  - bVerifyPeer = false  - Libcurl will NOT verify peer certificate
LogInit:  - bUseHttpProxy = false  - Libcurl will NOT use HTTP proxy
LogInit:  - bDontReuseConnections = false  - Libcurl will reuse connections
LogInit:  - CertBundlePath = nullptr  - Libcurl will use whatever was configured at build time.
LogInit: Build: ++UE4+Release-4.17-CL-3658906
LogInit: Engine Version: 4.17.2-3658906+++UE4+Release-4.17
LogInit: Compatible Engine Version: 4.17.0-3573198+++UE4+Release-4.17
LogInit: Net CL: 3573198
LogDevObjectVersion: Number of dev versions registered: 16
LogDevObjectVersion:   Dev-Blueprints (B0D832E4-1F89-4F0D-ACCF-7EB736FD4AA2): 10
LogDevObjectVersion:   Dev-Build (E1C64328-A22C-4D53-A36C-8E866417BD8C): 0
LogDevObjectVersion:   Dev-Core (375EC13C-06E4-48FB-B500-84F0262A717E): 2
LogDevObjectVersion:   Dev-Editor (E4B068ED-F494-42E9-A231-DA0B2E46BB41): 20
LogDevObjectVersion:   Dev-Framework (CFFC743F-43B0-4480-9391-14DF171D2073): 28
LogDevObjectVersion:   Dev-Mobile (B02B49B5-BB20-44E9-A304-32B752E40360): 0
LogDevObjectVersion:   Dev-Networking (A4E4105C-59A1-49B5-A7C5-40C4547EDFEE): 0
LogDevObjectVersion:   Dev-Online (39C831C9-5AE6-47DC-9A44-9C173E1C8E7C): 0
LogDevObjectVersion:   Dev-Physics (78F01B33-EBEA-4F98-B9B4-84EACCB95AA2): 0
LogDevObjectVersion:   Dev-Platform (6631380F-2D4D-43E0-8009-CF276956A95A): 0
LogDevObjectVersion:   Dev-Rendering (12F88B9F-8875-4AFC-A67C-D90C383ABD29): 19
LogDevObjectVersion:   Dev-Sequencer (7B5AE74C-D270-4C10-A958-57980B212A5A): 4
LogDevObjectVersion:   Dev-VR (D7296918-1DD6-4BDD-9DE2-64A83CC13884): 0
LogDevObjectVersion:   Dev-LoadTimes (C2A15278-BFE7-4AFE-6C17-90FF531DF755): 1
LogDevObjectVersion:   Private-Geometry (6EACA3D4-40EC-4CC1-B786-8BED09428FC5): 1
LogDevObjectVersion:   Dev-AnimPhys (29E575DD-E0A3-4627-9D10-D276232CDCEA): 7
LogInit: Compiled (64-bit): Sep 22 2017 13:47:16
LogInit: Compiled with Visual C++: 19.00.24215.01
LogInit: Build Configuration: Development
LogInit: Branch Name: ++UE4+Release-4.17
LogInit: Command line:  /Temp/Autosaves/Game/2DSideScrollerBP/Blueprints/UEDPCMainMenu -game -PIEVIACONSOLE -ResX=1280 -ResY=720  -Multiprocess -messaging -SessionName="Play in Standalone Game" -windowed 
LogInit: Base directory: C:/Program Files/Epic Games/UE_4.17/Engine/Binaries/Win64/
LogInit: Installed Engine Build: 1
LogInit: Presizing for max 8388607 objects, including 0 objects not considered by GC, pre-allocating 0 bytes for permanent pool.
LogInit: Object subsystem initialized
[2018.03.06-12.42.34:173][  0]LogInit: Selected Device Profile: [Windows]
[2018.03.06-12.42.34:173][  0]LogInit: Applying CVar settings loaded from the selected device profile: [Windows]
[2018.03.06-12.42.34:178][  0]LogInit: Computer: GAMES-106-023
[2018.03.06-12.42.34:178][  0]LogInit: User: Games
[2018.03.06-12.42.34:178][  0]LogInit: CPU Page size=4096, Cores=4
[2018.03.06-12.42.34:178][  0]LogInit: High frequency timer resolution =3.613279 MHz
[2018.03.06-12.42.34:178][  0]LogMemory: Memory total: Physical=15.9GB (16GB approx)
[2018.03.06-12.42.34:178][  0]LogMemory: Platform Memory Stats for Windows
[2018.03.06-12.42.34:178][  0]LogMemory: Process Physical Memory: 279.36 MB used, 279.36 MB peak
[2018.03.06-12.42.34:178][  0]LogMemory: Process Virtual Memory: 282.55 MB used, 282.55 MB peak
[2018.03.06-12.42.34:178][  0]LogMemory: Physical Memory: 5684.89 MB used,  10576.84 MB free, 16261.73 MB total
[2018.03.06-12.42.34:178][  0]LogMemory: Virtual Memory: 715.20 MB used,  10576.84 MB free, 134217728.00 MB total
[2018.03.06-12.42.34:411][  0]LogInit: Using OS detected language (en-US).
[2018.03.06-12.42.34:411][  0]LogInit: Using OS detected locale (en-US).
[2018.03.06-12.42.34:414][  0]LogTextLocalizationManager: No specific localization for 'en-US' exists, so the 'en' localization will be used.
[2018.03.06-12.42.34:922][  0]LogD3D11RHI: D3D11 adapters:
[2018.03.06-12.42.34:968][  0]LogD3D11RHI:    0. 'NVIDIA GeForce GTX 760' (Feature Level 11_0)
[2018.03.06-12.42.34:968][  0]LogD3D11RHI:       2017/0/8130 MB DedicatedVideo/DedicatedSystem/SharedSystem, Outputs:2, VendorId:0x10de
[2018.03.06-12.42.34:970][  0]LogD3D11RHI:    1. 'Microsoft Basic Render Driver' (Feature Level 11_0)
[2018.03.06-12.42.34:970][  0]LogD3D11RHI:       0/0/8130 MB DedicatedVideo/DedicatedSystem/SharedSystem, Outputs:0, VendorId:0x1414
[2018.03.06-12.42.34:970][  0]LogD3D11RHI: Chosen D3D11 Adapter: 0
[2018.03.06-12.42.34:975][  0]LogD3D11RHI: Creating new Direct3DDevice
[2018.03.06-12.42.34:975][  0]LogD3D11RHI:     GPU DeviceId: 0x1187 (for the marketing name, search the web for "GPU Device Id")
[2018.03.06-12.42.34:975][  0]LogWindows: EnumDisplayDevices:
[2018.03.06-12.42.34:976][  0]LogWindows:    0. 'NVIDIA GeForce GTX 760' (P:0 D:1)
[2018.03.06-12.42.34:976][  0]LogWindows:    1. 'NVIDIA GeForce GTX 760' (P:1 D:1)
[2018.03.06-12.42.34:976][  0]LogWindows:    2. 'NVIDIA GeForce GTX 760' (P:0 D:0)
[2018.03.06-12.42.34:976][  0]LogWindows:    3. 'NVIDIA GeForce GTX 760' (P:0 D:0)
[2018.03.06-12.42.34:976][  0]LogWindows: DebugString: GetVideoDriverDetailsInvalid PrimaryIsNotTheChoosenAdapter GetVideoDriverDetailsInvalid PrimaryIsNotTheChoosenAdapter GetVideoDriverDetailsInvalid PrimaryIsNotTheChoosenAdapter GetVideoDriverDetailsInvalid PrimaryIsNotTheChoosenAdapter FoundDriverCount:0 
[2018.03.06-12.42.34:976][  0]LogD3D11RHI:     Adapter Name: NVIDIA GeForce GTX 760
[2018.03.06-12.42.34:976][  0]LogD3D11RHI:   Driver Version: Unknown (internal:Unknown, unified:Unknown)
[2018.03.06-12.42.34:976][  0]LogD3D11RHI:      Driver Date: Unknown
[2018.03.06-12.42.34:976][  0]LogRHI: Texture pool is 1361 MB (70% of 1945 MB)
[2018.03.06-12.42.35:008][  0]LogD3D11RHI: Async texture creation enabled
[2018.03.06-12.42.35:020][  0]LogD3D11RHI: GPU Timing Frequency: 1000.000000 (Debug: 2 1)
[2018.03.06-12.42.35:064][  0]LogShaderCompilers: Guid format shader working directory is -31 characters bigger than the processId version (../../../../../../Users/Games/Desktop/mgp-mgp-group-7/Programming/powerbar2D/Intermediate/Shaders/WorkingDirectory/10788/).
[2018.03.06-12.42.35:064][  0]LogShaderCompilers: Cleaned the shader compiler working directory 'C:/Users/Games/AppData/Local/Temp/UnrealShaderWorkingDir/1A47B5AB418EF6B5B12373BE7F65C7A1/'.
[2018.03.06-12.42.35:065][  0]LogShaderCompilers: Display: Using Local Shader Compiler.
[2018.03.06-12.42.36:412][  0]LogTemp: Display: Loaded TP WindowsClientTargetPlatform
[2018.03.06-12.42.36:508][  0]LogTemp: Display: Loaded TP WindowsNoEditorTargetPlatform
[2018.03.06-12.42.36:591][  0]LogTemp: Display: Loaded TP WindowsServerTargetPlatform
[2018.03.06-12.42.36:707][  0]LogTemp: Display: Loaded TP WindowsTargetPlatform
[2018.03.06-12.42.36:707][  0]LogTargetPlatformManager: Display: Building Assets For Windows
[2018.03.06-12.42.37:704][  0]LogDerivedDataCache: Display: Max Cache Size: 512 MB
[2018.03.06-12.42.37:820][  0]LogDerivedDataCache: Loaded boot cache 0.12s 93MB C:/Users/Games/AppData/Local/UnrealEngine/4.17/DerivedDataCache/Boot.ddc.
[2018.03.06-12.42.37:820][  0]LogDerivedDataCache: Display: Loaded Boot cache: C:/Users/Games/AppData/Local/UnrealEngine/4.17/DerivedDataCache/Boot.ddc
[2018.03.06-12.42.37:820][  0]LogDerivedDataCache: FDerivedDataBackendGraph:  Pak pak cache file ../../../../../../Users/Games/Desktop/mgp-mgp-group-7/Programming/powerbar2D/DerivedDataCache/DDC.ddp not found, will not use a pak cache.
[2018.03.06-12.42.37:820][  0]LogDerivedDataCache: Unable to find inner node Pak for hierarchical cache Hierarchy.
[2018.03.06-12.42.37:820][  0]LogDerivedDataCache: FDerivedDataBackendGraph:  CompressedPak pak cache file ../../../../../../Users/Games/Desktop/mgp-mgp-group-7/Programming/powerbar2D/DerivedDataCache/Compressed.ddp not found, will not use a pak cache.
[2018.03.06-12.42.37:820][  0]LogDerivedDataCache: Unable to find inner node CompressedPak for hierarchical cache Hierarchy.
[2018.03.06-12.42.37:838][  0]LogDerivedDataCache: Display: Pak cache opened for reading ../../../Engine/DerivedDataCache/Compressed.ddp.
[2018.03.06-12.42.37:850][  0]LogDerivedDataCache: Using Local data cache path C:/Users/Games/AppData/Local/UnrealEngine/Common/DerivedDataCache: Writable
[2018.03.06-12.42.37:861][  0]LogMaterial: Verifying Global Shaders for PCD3D_SM5
[2018.03.06-12.42.37:861][  0]LogSlate: Using Freetype 2.6.0
[2018.03.06-12.42.37:862][  0]LogSlate: SlateFontCache - WITH_FREETYPE: 1, WITH_HARFBUZZ: 1
[2018.03.06-12.42.37:862][  0]LogSlate: SlateFontCache - WITH_FREETYPE: 1, WITH_HARFBUZZ: 1
[2018.03.06-12.42.38:342][  0]LogAssetRegistry: FAssetRegistry took 0.0110 seconds to start up
[2018.03.06-12.42.38:398][  0]LogPackageLocalizationCache: Processed 5 localized package path(s) for 2 prioritized culture(s) in 0.012153 seconds
[2018.03.06-12.42.38:590][  0]LogInit: Selected Device Profile: [Windows]
[2018.03.06-12.42.38:774][  0]LogContentStreaming: Texture pool size is 1000.00 MB
[2018.03.06-12.42.39:297][  0]LogSimplygon: Simplygon DLL not present - disabling.
[2018.03.06-12.42.39:398][  0]LogMeshReduction: Using SimplygonSwarm for distributed automatic mesh merging
[2018.03.06-12.42.39:398][  0]LogMeshReduction: Using QuadricMeshReduction for automatic static mesh reduction
[2018.03.06-12.42.39:398][  0]LogMeshReduction: No automatic skeletal mesh reduction module available
[2018.03.06-12.42.39:398][  0]LogMeshReduction: No automatic mesh merging module available
[2018.03.06-12.42.39:398][  0]LogMeshMerging: No automatic mesh merging module available
[2018.03.06-12.42.39:896][  0]LogNetVersion: powerbar2D , NetCL: 3573198, EngineNetVer: 2, GameNetVer: 0 (Checksum: 2573702744)
[2018.03.06-12.42.40:169][  0]LogInit: WinSock: version 1.1 (2.2), MaxSocks=32767, MaxUdp=65467
[2018.03.06-12.42.42:652][  0]LogMoviePlayer: Initializing movie player
[2018.03.06-12.42.42:733][  0]LogWindowsTextInputMethodSystem: Display: IME system now deactivated.
[2018.03.06-12.42.43:122][  0]LogCollectionManager: Loaded 0 collections in 0.003652 seconds
[2018.03.06-12.42.43:199][  0]LogFileCache: Scanning file cache for directory 'C:/Users/Games/Desktop/mgp-mgp-group-7/Programming/powerbar2D/Saved/Collections/' took 0.01s
[2018.03.06-12.42.43:199][  0]LogFileCache: Scanning file cache for directory 'C:/Users/Games/Desktop/mgp-mgp-group-7/Programming/powerbar2D/Content/Developers/Games/Collections/' took 0.01s
[2018.03.06-12.42.43:199][  0]LogFileCache: Scanning file cache for directory 'C:/Users/Games/Desktop/mgp-mgp-group-7/Programming/powerbar2D/Content/Collections/' took 0.01s
[2018.03.06-12.42.43:200][  0]LogCollectionManager: Rebuilt the object cache for 0 collections in 0.000001 seconds (found 0 objects)
[2018.03.06-12.42.43:200][  0]LogCollectionManager: Fixed up redirectors for 0 collections in 0.000098 seconds (updated 0 objects)
[2018.03.06-12.42.43:453][  0]LogTcpMessaging: Initializing TcpMessaging bridge
[2018.03.06-12.42.43:516][  0]LogUdpMessaging: Initializing bridge on interface 0.0.0.0:0 to multicast group 230.0.0.1:6666.
[2018.03.06-12.42.44:289][  0]SourceControl: Source control is disabled
[2018.03.06-12.42.44:289][  0]SourceControl: Source control is disabled
[2018.03.06-12.42.44:363][  0]SourceControl: Source control is disabled
[2018.03.06-12.42.44:811][  0]LogAndroidPermission: UAndroidPermissionCallbackProxy::GetInstance
[2018.03.06-12.42.45:263][  0]LogOcInput: OculusInput pre-init called
[2018.03.06-12.42.45:457][  0]LogUObjectArray: 38661 objects as part of root set at end of initial load.
[2018.03.06-12.42.45:457][  0]LogUObjectAllocator: 8461320 out of 0 bytes used by permanent object pool.
[2018.03.06-12.42.45:457][  0]LogUObjectArray: CloseDisregardForGC: 0/0 objects in disregard for GC pool
[2018.03.06-12.42.45:644][  0]LogEngine: Initializing Engine...
[2018.03.06-12.42.45:648][  0]LogHMD: Failed to initialize OpenVR with code 110
[2018.03.06-12.42.45:895][  0]LogStats: UGameplayTagsManager::ConstructGameplayTagTree: Construct from data asset -  0.000 s
[2018.03.06-12.42.45:895][  0]LogStats: UGameplayTagsManager::ConstructGameplayTagTree: GameplayTagTreeChangedEvent.Broadcast -  0.000 s
[2018.03.06-12.42.45:905][  0]LogInit: XAudio2 using 'Headphones (High Definition Audio Device)' : 2 channels at 44.1 kHz using 16 bits per sample (channel mask 0x3)
[2018.03.06-12.42.45:923][  0]LogInit: FAudioDevice initialized.
[2018.03.06-12.42.45:953][  0]LogInit: Texture streaming: Enabled
[2018.03.06-12.42.45:979][  0]LogMaterial: Uniform references updated for custom material expression Custom.
[2018.03.06-12.42.46:319][  0]LogSlateStyle: Warning: Unable to find Slate Widget Style 'NormalText'. Using FTextBlockStyle defaults instead.
[2018.03.06-12.42.46:319][  0]LogSlateStyle: Warning: Unable to find Slate Widget Style 'SpinBox'. Using FSpinBoxStyle defaults instead.
[2018.03.06-12.42.46:652][  0]LogInit: Display: Game Engine Initialized.
[2018.03.06-12.42.46:652][  0]LogGameplayTags: Display: UGameplayTagsManager::DoneAddingNativeTags. DelegateIsBound: 0
[2018.03.06-12.42.46:879][  0]LogInit: Display: Starting Game.
[2018.03.06-12.42.46:879][  0]LogNet: Browse: /Temp/Autosaves/Game/2DSideScrollerBP/Blueprints/UEDPCMainMenu?Name=Player
[2018.03.06-12.42.46:879][  0]LogLoad: LoadMap: /Temp/Autosaves/Game/2DSideScrollerBP/Blueprints/UEDPCMainMenu?Name=Player
[2018.03.06-12.42.46:898][  0]LogMemory: Platform Memory Stats for Windows
[2018.03.06-12.42.46:898][  0]LogMemory: Process Physical Memory: 822.21 MB used, 951.11 MB peak
[2018.03.06-12.42.46:898][  0]LogMemory: Process Virtual Memory: 957.23 MB used, 1015.79 MB peak
[2018.03.06-12.42.46:898][  0]LogMemory: Physical Memory: 6167.12 MB used,  10094.61 MB free, 16261.73 MB total
[2018.03.06-12.42.46:898][  0]LogMemory: Virtual Memory: 1611.70 MB used,  10094.61 MB free, 134217728.00 MB total
[2018.03.06-12.42.46:898][  0]LogMemory: 
[2018.03.06-12.42.46:898][  0]Allocator Stats for TBB: (not implemented)
[2018.03.06-12.42.47:100][  0]LogAIModule: Creating AISystem for world MainMenu
[2018.03.06-12.42.47:451][  0]LogLoad: Game class is '2DSideScrollerGameMode_C'
[2018.03.06-12.42.47:453][  0]LogWorld: Bringing World /Temp/Autosaves/Game/2DSideScrollerBP/Blueprints/UEDPCMainMenu.MainMenu up for play (max tick rate 0) at 2018.03.06-12.42.47
[2018.03.06-12.42.47:454][  0]LogWorld: Bringing up level for play took: 0.001402
[2018.03.06-12.42.47:461][  0]LogScriptCore: Warning: Script Msg: Attempted to access index 0 from array 'CallFunc_GetAllActorsOfClass_OutActors' of length 0 in '/Game/2DSideScrollerBP/Blueprints/2DSideScrollerCharacter.2DSideScrollerCharacter_C:ExecuteUbergraph_2DSideScrollerCharacter'!
[2018.03.06-12.42.47:463][  0]LogLoad: Took 0.584277 seconds to LoadMap(/Temp/Autosaves/Game/2DSideScrollerBP/Blueprints/UEDPCMainMenu)
[2018.03.06-12.42.47:759][  0]LogRenderer: Reallocating scene render targets to support 1280x720 Format 10 NumSamples 1 (Frame:1).
[2018.03.06-12.42.47:759][  0]LogLoad: (Engine Initialization) Total time: 15.52 seconds
[2018.03.06-12.42.47:759][  0]LogLoad: (Engine Initialization) Total Blueprint compile time: 0.00 seconds
[2018.03.06-12.42.47:759][  0]LogExternalProfiler: Found external profiler: VSPerf
[2018.03.06-12.42.47:759][  0]LogExternalProfiler: Using external profiler: VSPerf
[2018.03.06-12.43.07:107][189]LogPackageName: SearchForPackageOnDisk took   0.102s to resolve 2DSideScrollerExampleMap.umap.
[2018.03.06-12.43.07:221][189]LogPackageName: SearchForPackageOnDisk took   0.114s to resolve 2DSideScrollerExampleMap.umap.
[2018.03.06-12.43.07:221][189]LogNet: Browse: /Game/2DSideScrollerBP/Maps/2DSideScrollerExampleMap
[2018.03.06-12.43.07:221][189]LogLoad: LoadMap: /Game/2DSideScrollerBP/Maps/2DSideScrollerExampleMap
[2018.03.06-12.43.07:255][189]LogMemory: Platform Memory Stats for Windows
[2018.03.06-12.43.07:255][189]LogMemory: Process Physical Memory: 876.15 MB used, 1023.63 MB peak
[2018.03.06-12.43.07:255][189]LogMemory: Process Virtual Memory: 1184.45 MB used, 1393.91 MB peak
[2018.03.06-12.43.07:255][189]LogMemory: Physical Memory: 6195.86 MB used,  10065.87 MB free, 16261.73 MB total
[2018.03.06-12.43.07:255][189]LogMemory: Virtual Memory: 1936.91 MB used,  10065.87 MB free, 134217728.00 MB total
[2018.03.06-12.43.07:255][189]LogMemory: 
[2018.03.06-12.43.07:255][189]Allocator Stats for TBB: (not implemented)
[2018.03.06-12.43.07:622][189]LogAIModule: Creating AISystem for world 2DSideScrollerExampleMap
[2018.03.06-12.43.07:622][189]LogLoad: Game class is '2DSideScrollerGameMode_C'
[2018.03.06-12.43.07:627][189]LogWorld: Bringing World /Game/2DSideScrollerBP/Maps/2DSideScrollerExampleMap.2DSideScrollerExampleMap up for play (max tick rate 0) at 2018.03.06-12.43.07
[2018.03.06-12.43.07:627][189]LogWorld: Bringing up level for play took: 0.003990
[2018.03.06-12.43.07:630][189]LogLoad: Took 0.409080 seconds to LoadMap(/Game/2DSideScrollerBP/Maps/2DSideScrollerExampleMap)
[2018.03.06-12.43.11:029][399]LogBlueprintUserMessages: [2DSideScrollerCharacter_254] 98.709671
[2018.03.06-12.43.11:030][399]LogBlueprintUserMessages: [2DSideScrollerCharacter_254] 50.129032
[2018.03.06-12.43.11:030][399]LogBlueprintUserMessages: [2DSideScrollerCharacter_254] 1
[2018.03.06-12.43.13:416][547]LogBlueprintUserMessages: [2DSideScrollerCharacter_254] 91.617737
[2018.03.06-12.43.13:417][547]LogBlueprintUserMessages: [2DSideScrollerCharacter_254] 40.967258
[2018.03.06-12.43.13:417][547]LogBlueprintUserMessages: [2DSideScrollerCharacter_254] 2
[2018.03.06-12.43.14:755][630]LogBlueprintUserMessages: [2DSideScrollerCharacter_254] 1.930248
[2018.03.06-12.43.14:755][630]LogBlueprintUserMessages: [2DSideScrollerCharacter_254] 40.774235
[2018.03.06-12.43.14:756][630]LogBlueprintUserMessages: [2DSideScrollerCharacter_254] 3
[2018.03.06-12.43.16:030][709]LogBlueprintUserMessages: [2DSideScrollerCharacter_254] 99.360207
[2018.03.06-12.43.16:030][709]LogBlueprintUserMessages: [2DSideScrollerCharacter_254] 30.838215
[2018.03.06-12.43.16:030][709]LogBlueprintUserMessages: [2DSideScrollerCharacter_254] 4
[2018.03.06-12.43.16:998][769]LogBlueprintUserMessages: [2DSideScrollerCharacter_254] 23.867043
[2018.03.06-12.43.16:998][769]LogBlueprintUserMessages: [2DSideScrollerCharacter_254] 28.451511
[2018.03.06-12.43.16:998][769]LogBlueprintUserMessages: [2DSideScrollerCharacter_254] 5
[2018.03.06-12.43.18:530][864]LogBlueprintUserMessages: [2DSideScrollerCharacter_254] 98.06813
[2018.03.06-12.43.18:530][864]LogBlueprintUserMessages: [2DSideScrollerCharacter_254] 18.644699
[2018.03.06-12.43.18:530][864]LogBlueprintUserMessages: [2DSideScrollerCharacter_254] 6
[2018.03.06-12.43.21:030][ 19]LogBlueprintUserMessages: [2DSideScrollerCharacter_254] 96.783569
[2018.03.06-12.43.21:031][ 19]LogBlueprintUserMessages: [2DSideScrollerCharacter_254] 8.966343
[2018.03.06-12.43.21:031][ 19]LogBlueprintUserMessages: [2DSideScrollerCharacter_254] 7
[2018.03.06-12.43.23:595][178]LogBlueprintUserMessages: [2DSideScrollerCharacter_254] 100.0
[2018.03.06-12.43.23:595][178]LogBlueprintUserMessages: [2DSideScrollerCharacter_254] -1.033657
[2018.03.06-12.43.24:175][214]LogBlueprintUserMessages: [2DSideScrollerCharacter_254] 53.54591
[2018.03.06-12.43.24:176][214]LogBlueprintUserMessages: [2DSideScrollerCharacter_254] -6.388248
[2018.03.06-12.43.24:675][245]LogBlueprintUserMessages: [2DSideScrollerCharacter_254] 13.54413
[2018.03.06-12.43.24:675][245]LogBlueprintUserMessages: [2DSideScrollerCharacter_254] -7.742661
[2018.03.06-12.43.25:208][278]LogBlueprintUserMessages: [2DSideScrollerCharacter_254] 28.388771
[2018.03.06-12.43.25:208][278]LogBlueprintUserMessages: [2DSideScrollerCharacter_254] -10.581538
[2018.03.06-12.43.25:643][305]LogBlueprintUserMessages: [2DSideScrollerCharacter_254] 63.229256
[2018.03.06-12.43.25:644][305]LogBlueprintUserMessages: [2DSideScrollerCharacter_254] -16.904465
[2018.03.06-12.43.26:094][333]LogBlueprintUserMessages: [2DSideScrollerCharacter_254] 99.360214
[2018.03.06-12.43.26:095][333]LogBlueprintUserMessages: [2DSideScrollerCharacter_254] -26.840487
[2018.03.06-12.43.26:562][362]LogBlueprintUserMessages: [2DSideScrollerCharacter_254] 63.868427
[2018.03.06-12.43.26:562][362]LogBlueprintUserMessages: [2DSideScrollerCharacter_254] -33.227329
[2018.03.06-12.43.27:014][390]LogBlueprintUserMessages: [2DSideScrollerCharacter_254] 27.737713
[2018.03.06-12.43.27:014][390]LogBlueprintUserMessages: [2DSideScrollerCharacter_254] -36.001099
[2018.03.06-12.43.27:563][424]LogBlueprintUserMessages: [2DSideScrollerCharacter_254] 15.484396
[2018.03.06-12.43.27:563][424]LogBlueprintUserMessages: [2DSideScrollerCharacter_254] -37.549538
[2018.03.06-12.43.28:659][492]LogBlueprintUserMessages: [2DSideScrollerCharacter_254] 97.419258
[2018.03.06-12.43.28:660][492]LogBlueprintUserMessages: [2DSideScrollerCharacter_254] -47.291462
[2018.03.06-12.43.29:143][522]LogBlueprintUserMessages: [2DSideScrollerCharacter_254] 58.70681
[2018.03.06-12.43.29:144][522]LogBlueprintUserMessages: [2DSideScrollerCharacter_254] -53.162144
[2018.03.06-12.43.33:866][813]LogWindowsTextInputMethodSystem: Display: IME system now deactivated.
[2018.03.06-12.43.33:874][813]LogWindowsTextInputMethodSystem: Display: IME system now deactivated.
[2018.03.06-12.43.33:876][813]LogEngine: All Windows Closed
[2018.03.06-12.43.33:877][813]LogWindows: FPlatformMisc::RequestExit(0)
[2018.03.06-12.43.34:669][814]LogExit: Preparing to exit.
[2018.03.06-12.43.34:669][814]LogMoviePlayer: Shutting down movie player
[2018.03.06-12.43.35:688][814]LogExit: Game engine shut down
[2018.03.06-12.43.35:760][814]LogExit: Object subsystem successfully closed.
[2018.03.06-12.43.35:784][814]LogD3D11RHI: Shutdown
[2018.03.06-12.43.35:784][814]LogD3D11RHI: CleanupD3DDevice
[2018.03.06-12.43.35:787][814]LogD3D11RHI: ~FD3D11DynamicRHI
[2018.03.06-12.43.35:809][814]LogModuleManager: Shutting down and abandoning module SequenceRecorderSections (304)
[2018.03.06-12.43.35:809][814]LogModuleManager: Shutting down and abandoning module SequenceRecorder (302)
[2018.03.06-12.43.35:809][814]LogModuleManager: Shutting down and abandoning module AutomationController (300)
[2018.03.06-12.43.35:809][814]LogModuleManager: Shutting down and abandoning module AutomationWorker (298)
[2018.03.06-12.43.35:809][814]LogModuleManager: Shutting down and abandoning module AIModule (296)
[2018.03.06-12.43.35:809][814]LogModuleManager: Shutting down and abandoning module GameplayDebugger (295)
[2018.03.06-12.43.35:809][814]LogModuleManager: Shutting down and abandoning module AITestSuite (293)
[2018.03.06-12.43.35:809][814]LogModuleManager: Shutting down and abandoning module WmfMediaFactory (290)
[2018.03.06-12.43.35:810][814]LogModuleManager: Shutting down and abandoning module AvfMediaFactory (288)
[2018.03.06-12.43.35:810][814]LogModuleManager: Shutting down and abandoning module AndroidMediaFactory (286)
[2018.03.06-12.43.35:810][814]LogModuleManager: Shutting down and abandoning module Media (285)
[2018.03.06-12.43.35:810][814]LogModuleManager: Shutting down and abandoning module CharacterAI (282)
[2018.03.06-12.43.35:810][814]LogModuleManager: Shutting down and abandoning module SessionServices (280)
[2018.03.06-12.43.35:810][814]LogModuleManager: Shutting down and abandoning module MovieSceneCapture (278)
[2018.03.06-12.43.35:810][814]LogModuleManager: Shutting down and abandoning module MovieSceneTracks (276)
[2018.03.06-12.43.35:810][814]LogModuleManager: Shutting down and abandoning module MovieScene (274)
[2018.03.06-12.43.35:810][814]LogModuleManager: Shutting down and abandoning module GeometryCache (272)
[2018.03.06-12.43.35:810][814]LogModuleManager: Shutting down and abandoning module GeometryCacheEd (271)
[2018.03.06-12.43.35:810][814]LogModuleManager: Shutting down and abandoning module Niagara (268)
[2018.03.06-12.43.35:810][814]LogModuleManager: Shutting down and abandoning module NiagaraEditor (267)
[2018.03.06-12.43.35:810][814]LogModuleManager: Shutting down and abandoning module StreamingPauseRendering (264)
[2018.03.06-12.43.35:810][814]LogModuleManager: Shutting down and abandoning module PortalServices (262)
[2018.03.06-12.43.35:810][814]LogModuleManager: Shutting down and abandoning module PortalRpc (260)
[2018.03.06-12.43.35:810][814]LogModuleManager: Shutting down and abandoning module MessagingRpc (258)
[2018.03.06-12.43.35:810][814]LogModuleManager: Shutting down and abandoning module ProfilerService (256)
[2018.03.06-12.43.35:890][814]LogModuleManager: Shutting down and abandoning module TaskGraph (254)
[2018.03.06-12.43.35:891][814]LogModuleManager: Shutting down and abandoning module SteamVRController (252)
[2018.03.06-12.43.35:891][814]LogModuleManager: Shutting down and abandoning module ProceduralMeshComponent (250)
[2018.03.06-12.43.35:891][814]LogModuleManager: Shutting down and abandoning module OculusInput (248)
[2018.03.06-12.43.35:891][814]LogModuleManager: Shutting down and abandoning module MobilePatchingUtils (246)
[2018.03.06-12.43.35:891][814]LogModuleManager: Shutting down and abandoning module CustomMeshComponent (244)
[2018.03.06-12.43.35:891][814]LogModuleManager: Shutting down and abandoning module CableComponent (242)
[2018.03.06-12.43.35:891][814]LogModuleManager: Shutting down and abandoning module ArchVisCharacter (240)
[2018.03.06-12.43.35:891][814]LogModuleManager: Shutting down and abandoning module AndroidPermission (238)
[2018.03.06-12.43.35:891][814]LogModuleManager: Shutting down and abandoning module HTML5Networking (234)
[2018.03.06-12.43.35:891][814]LogModuleManager: Shutting down and abandoning module VisualStudioSourceCodeAccess (232)
[2018.03.06-12.43.35:891][814]LogModuleManager: Shutting down and abandoning module DesktopPlatform (231)
[2018.03.06-12.43.35:891][814]LogModuleManager: Shutting down and abandoning module HotReload (229)
[2018.03.06-12.43.35:891][814]LogModuleManager: Shutting down and abandoning module UObjectPlugin (226)
[2018.03.06-12.43.35:891][814]LogModuleManager: Shutting down and abandoning module SubversionSourceControl (224)
[2018.03.06-12.43.35:891][814]LogModuleManager: Shutting down and abandoning module PerforceSourceControl (222)
[2018.03.06-12.43.35:891][814]LogModuleManager: Shutting down and abandoning module SourceControl (221)
[2018.03.06-12.43.35:891][814]LogModuleManager: Shutting down and abandoning module RuntimePhysXCooking (218)
[2018.03.06-12.43.35:891][814]LogModuleManager: Shutting down and abandoning module PhysXVehiclesEditor (216)
[2018.03.06-12.43.35:892][814]LogModuleManager: Shutting down and abandoning module PhysXVehicles (214)
[2018.03.06-12.43.35:892][814]LogModuleManager: Shutting down and abandoning module LocationServicesBPLibrary (212)
[2018.03.06-12.43.35:892][814]LogModuleManager: Shutting down and abandoning module ImmediatePhysicsEditor (210)
[2018.03.06-12.43.35:892][814]LogModuleManager: Shutting down and abandoning module ImmediatePhysics (208)
[2018.03.06-12.43.35:892][814]LogModuleManager: Shutting down and abandoning module UdpMessaging (206)
[2018.03.06-12.43.35:992][814]LogModuleManager: Shutting down and abandoning module TcpMessaging (204)
[2018.03.06-12.43.36:474][814]LogModuleManager: Shutting down and abandoning module GameplayTagsEditor (202)
[2018.03.06-12.43.36:474][814]LogModuleManager: Shutting down and abandoning module FacialAnimation (200)
[2018.03.06-12.43.36:474][814]LogModuleManager: Shutting down and abandoning module AssetManagerEditor (198)
[2018.03.06-12.43.36:475][814]LogModuleManager: Shutting down and abandoning module GraphEditor (197)
[2018.03.06-12.43.36:475][814]LogModuleManager: Shutting down and abandoning module ContentBrowser (195)
[2018.03.06-12.43.36:475][814]LogModuleManager: Shutting down and abandoning module CollectionManager (194)
[2018.03.06-12.43.36:475][814]LogDirectoryWatcher: A directory notification for 'C:/Users/Games/Desktop/mgp-mgp-group-7/Programming/powerbar2D/Content/Collections/' was aborted.
[2018.03.06-12.43.36:475][814]LogDirectoryWatcher: A directory notification for 'C:/Users/Games/Desktop/mgp-mgp-group-7/Programming/powerbar2D/Content/Developers/Games/Collections/' was aborted.
[2018.03.06-12.43.36:475][814]LogDirectoryWatcher: A directory notification for 'C:/Users/Games/Desktop/mgp-mgp-group-7/Programming/powerbar2D/Saved/Collections/' was aborted.
[2018.03.06-12.43.36:475][814]LogModuleManager: Shutting down and abandoning module DirectoryWatcher (193)
[2018.03.06-12.43.36:475][814]LogModuleManager: Shutting down and abandoning module LightPropagationVolumeRuntime (188)
[2018.03.06-12.43.36:475][814]LogModuleManager: Shutting down and abandoning module Paper2D (186)
[2018.03.06-12.43.36:475][814]LogModuleManager: Shutting down and abandoning module WindowsMoviePlayer (184)
[2018.03.06-12.43.36:476][814]LogModuleManager: Shutting down and abandoning module WmfMedia (182)
[2018.03.06-12.43.36:478][814]LogModuleManager: Shutting down and abandoning module PacketHandler (180)
[2018.03.06-12.43.36:478][814]LogModuleManager: Shutting down and abandoning module ClothingSystemEditor (178)
[2018.03.06-12.43.36:478][814]LogModuleManager: Shutting down and abandoning module ClothingSystemRuntime (176)
[2018.03.06-12.43.36:478][814]LogModuleManager: Shutting down and abandoning module Overlay (174)
[2018.03.06-12.43.36:478][814]LogModuleManager: Shutting down and abandoning module OverlayEditor (173)
[2018.03.06-12.43.36:478][814]LogModuleManager: Shutting down and abandoning module MediaAssets (170)
[2018.03.06-12.43.36:478][814]LogModuleManager: Shutting down and abandoning module VREditor (168)
[2018.03.06-12.43.36:478][814]LogModuleManager: Shutting down and abandoning module StringTableEditor (166)
[2018.03.06-12.43.36:479][814]LogModuleManager: Shutting down and abandoning module GameplayTasksEditor (164)
[2018.03.06-12.43.36:479][814]LogModuleManager: Shutting down and abandoning module BehaviorTreeEditor (162)
[2018.03.06-12.43.36:479][814]LogModuleManager: Shutting down and abandoning module FunctionalTesting (160)
[2018.03.06-12.43.36:479][814]LogModuleManager: Shutting down and abandoning module CollisionAnalyzer (158)
[2018.03.06-12.43.36:479][814]LogModuleManager: Shutting down and abandoning module WorkspaceMenuStructure (157)
[2018.03.06-12.43.36:479][814]LogModuleManager: Shutting down and abandoning module UMG (154)
[2018.03.06-12.43.36:479][814]LogModuleManager: Shutting down and abandoning module UMGEditor (153)
[2018.03.06-12.43.36:479][814]LogModuleManager: Shutting down and abandoning module Sequencer (152)
[2018.03.06-12.43.36:479][814]LogModuleManager: Shutting down and abandoning module MessageLog (149)
[2018.03.06-12.43.36:479][814]LogModuleManager: Shutting down and abandoning module SlateReflector (144)
[2018.03.06-12.43.36:479][814]LogModuleManager: Shutting down and abandoning module Slate (142)
[2018.03.06-12.43.36:479][814]LogModuleManager: Shutting down and abandoning module EditorStyle (140)
[2018.03.06-12.43.36:485][814]LogModuleManager: Shutting down and abandoning module MRMesh (138)
[2018.03.06-12.43.36:486][814]LogModuleManager: Shutting down and abandoning module Messaging (136)
[2018.03.06-12.43.36:486][814]LogModuleManager: Shutting down and abandoning module SourceCodeAccess (134)
[2018.03.06-12.43.36:486][814]LogModuleManager: Shutting down and abandoning module HeadMountedDisplay (132)
[2018.03.06-12.43.36:486][814]LogModuleManager: Shutting down and abandoning module XAudio2 (130)
[2018.03.06-12.43.36:486][814]LogModuleManager: Shutting down and abandoning module Networking (128)
[2018.03.06-12.43.36:486][814]LogModuleManager: Shutting down and abandoning module Core (124)
[2018.03.06-12.43.36:486][814]LogModuleManager: Shutting down and abandoning module KismetCompiler (122)
[2018.03.06-12.43.36:486][814]LogModuleManager: Shutting down and abandoning module LevelSequence (120)
[2018.03.06-12.43.36:486][814]LogModuleManager: Shutting down and abandoning module MeshUtilities (118)
[2018.03.06-12.43.36:486][814]LogModuleManager: Shutting down and abandoning module MeshMergeUtilities (117)
[2018.03.06-12.43.36:486][814]LogModuleManager: Shutting down and abandoning module MeshReductionInterface (116)
[2018.03.06-12.43.36:486][814]LogModuleManager: Shutting down and abandoning module SimplygonSwarm (115)
[2018.03.06-12.43.36:486][814]LogModuleManager: Shutting down and abandoning module SimplygonMeshReduction (113)
[2018.03.06-12.43.36:486][814]LogModuleManager: Shutting down and abandoning module QuadricMeshReduction (111)
[2018.03.06-12.43.36:486][814]LogModuleManager: Shutting down and abandoning module MaterialBaking (107)
[2018.03.06-12.43.36:486][814]LogModuleManager: Shutting down and abandoning module DerivedDataCache (102)
[2018.03.06-12.43.36:886][814]LogDerivedDataCache: Shutdown
[2018.03.06-12.43.36:886][814]LogModuleManager: Shutting down and abandoning module TargetPlatform (100)
[2018.03.06-12.43.36:886][814]LogModuleManager: Shutting down and abandoning module VulkanShaderFormat (99)
[2018.03.06-12.43.36:886][814]LogModuleManager: Shutting down and abandoning module ShaderFormatVectorVM (97)
[2018.03.06-12.43.36:886][814]LogModuleManager: Shutting down and abandoning module ShaderFormatOpenGL (95)
[2018.03.06-12.43.36:886][814]LogModuleManager: Shutting down and abandoning module ShaderFormatD3D (93)
[2018.03.06-12.43.36:886][814]LogModuleManager: Shutting down and abandoning module MetalShaderFormat (91)
[2018.03.06-12.43.36:886][814]LogModuleManager: Shutting down and abandoning module TextureFormatUncompressed (89)
[2018.03.06-12.43.36:886][814]LogModuleManager: Shutting down and abandoning module TextureFormatPVR (87)
[2018.03.06-12.43.36:886][814]LogModuleManager: Shutting down and abandoning module TextureFormatDXT (85)
[2018.03.06-12.43.36:886][814]LogModuleManager: Shutting down and abandoning module TextureFormatIntelISPCTexComp (83)
[2018.03.06-12.43.36:887][814]LogModuleManager: Shutting down and abandoning module TextureFormatASTC (81)
[2018.03.06-12.43.36:887][814]LogModuleManager: Shutting down and abandoning module ImageWrapper (80)
[2018.03.06-12.43.36:887][814]LogModuleManager: Shutting down and abandoning module TextureFormatAndroid (77)
[2018.03.06-12.43.36:887][814]LogModuleManager: Shutting down and abandoning module AudioFormatOpus (75)
[2018.03.06-12.43.36:887][814]LogModuleManager: Shutting down and abandoning module AudioFormatOgg (73)
[2018.03.06-12.43.36:887][814]LogModuleManager: Shutting down and abandoning module AudioFormatADPCM (71)
[2018.03.06-12.43.36:887][814]LogModuleManager: Shutting down and abandoning module WindowsTargetPlatform (69)
[2018.03.06-12.43.36:887][814]LogModuleManager: Shutting down and abandoning module WindowsServerTargetPlatform (67)
[2018.03.06-12.43.36:887][814]LogModuleManager: Shutting down and abandoning module WindowsNoEditorTargetPlatform (65)
[2018.03.06-12.43.36:887][814]LogModuleManager: Shutting down and abandoning module WindowsClientTargetPlatform (63)
[2018.03.06-12.43.36:887][814]LogModuleManager: Shutting down and abandoning module InputCore (60)
[2018.03.06-12.43.36:887][814]LogModuleManager: Shutting down and abandoning module Settings (58)
[2018.03.06-12.43.36:887][814]LogModuleManager: Shutting down and abandoning module PhysXCooking (56)
[2018.03.06-12.43.36:887][814]LogModuleManager: Shutting down and abandoning module SteamVR (54)
[2018.03.06-12.43.36:887][814]LogModuleManager: Shutting down and abandoning module OculusHMD (52)
[2018.03.06-12.43.36:887][814]LogModuleManager: Shutting down and abandoning module ExampleDeviceProfileSelector (50)
[2018.03.06-12.43.36:887][814]LogModuleManager: Shutting down and abandoning module OnlineBlueprintSupport (48)
[2018.03.06-12.43.36:887][814]LogModuleManager: Shutting down and abandoning module OnlineSubsystem (44)
[2018.03.06-12.43.36:888][814]LogOnline: Display: Unloading online subsystem: NULL
[2018.03.06-12.43.36:888][814]LogModuleManager: Shutting down and abandoning module XMPP (43)
[2018.03.06-12.43.36:888][814]LogModuleManager: Shutting down and abandoning module HTTP (41)
[2018.03.06-12.43.36:911][814]LogModuleManager: Shutting down and abandoning module SSL (40)
[2018.03.06-12.43.36:914][814]LogModuleManager: Shutting down and abandoning module AnimationModifiers (36)
[2018.03.06-12.43.36:914][814]LogModuleManager: Shutting down and abandoning module PropertyEditor (35)
[2018.03.06-12.43.36:914][814]LogModuleManager: Shutting down and abandoning module AudioEditor (32)
[2018.03.06-12.43.36:915][814]LogModuleManager: Shutting down and abandoning module TextureCompressor (30)
[2018.03.06-12.43.36:915][814]LogModuleManager: Shutting down and abandoning module ShaderCore (28)
[2018.03.06-12.43.36:915][814]LogModuleManager: Shutting down and abandoning module Landscape (26)
[2018.03.06-12.43.36:915][814]LogModuleManager: Shutting down and abandoning module SlateRHIRenderer (24)
[2018.03.06-12.43.36:915][814]LogModuleManager: Shutting down and abandoning module OpenGLDrv (22)
[2018.03.06-12.43.36:915][814]LogModuleManager: Shutting down and abandoning module D3D11RHI (20)
[2018.03.06-12.43.36:915][814]LogModuleManager: Shutting down and abandoning module AnimGraphRuntime (18)
[2018.03.06-12.43.36:916][814]LogModuleManager: Shutting down and abandoning module Renderer (16)
[2018.03.06-12.43.36:916][814]LogModuleManager: Shutting down and abandoning module Engine (14)
[2018.03.06-12.43.36:916][814]LogModuleManager: Shutting down and abandoning module CoreUObject (12)
[2018.03.06-12.43.36:916][814]LogModuleManager: Shutting down and abandoning module NetworkFile (10)
[2018.03.06-12.43.36:916][814]LogModuleManager: Shutting down and abandoning module CookedIterativeFile (8)
[2018.03.06-12.43.36:916][814]LogModuleManager: Shutting down and abandoning module StreamingFile (6)
[2018.03.06-12.43.36:916][814]LogModuleManager: Shutting down and abandoning module SandboxFile (4)
[2018.03.06-12.43.36:916][814]LogModuleManager: Shutting down and abandoning module PakFile (2)
[2018.03.06-12.43.36:921][814]LogExit: Exiting.
[2018.03.06-12.43.36:925][814]Log file closed, 03/06/18 12:43:36
