Log file open, 03/05/18 22:18:28
LogWindows: Failed to load 'aqProf.dll' (GetLastError=126)
LogWindows: File 'aqProf.dll' does not exist
LogWindows: Failed to load 'VSPerf140.dll' (GetLastError=126)
LogWindows: File 'VSPerf140.dll' does not exist
LogWindows: Failed to load 'VtuneApi.dll' (GetLastError=126)
LogWindows: File 'VtuneApi.dll' does not exist
LogWindows: Failed to load 'VtuneApi32e.dll' (GetLastError=126)
LogWindows: File 'VtuneApi32e.dll' does not exist
LogInit: Display: Running engine for game: powerbar2D
LogPlatformFile: Not using cached read wrapper
LogInit: Display: RandInit(-1309378812) SRandInit(-1309378812).
LogTaskGraph: Started task graph with 5 named threads and 26 total threads with 3 sets of task threads.
LogStats: Stats thread started at 0.335507
LogD3D11RHI: Aftermath initialized
LogPluginManager: Mounting plugin Paper2D
LogPluginManager: Mounting plugin LightPropagationVolume
LogPluginManager: Mounting plugin CodeLiteSourceCodeAccess
LogPluginManager: Mounting plugin GitSourceControl
LogPluginManager: Mounting plugin KDevelopSourceCodeAccess
LogPluginManager: Mounting plugin NullSourceCodeAccess
LogPluginManager: Mounting plugin PerforceSourceControl
LogPluginManager: Mounting plugin SubversionSourceControl
LogPluginManager: Mounting plugin UObjectPlugin
LogPluginManager: Mounting plugin VisualStudioSourceCodeAccess
LogPluginManager: Mounting plugin XCodeSourceCodeAccess
LogPluginManager: Mounting plugin AssetManagerEditor
LogPluginManager: Mounting plugin AudioCapture
LogPluginManager: Mounting plugin FacialAnimation
LogPluginManager: Mounting plugin GameplayTagsEditor
LogPluginManager: Mounting plugin MobileLauncherProfileWizard
LogPluginManager: Mounting plugin PluginBrowser
LogPluginManager: Mounting plugin SpeedTreeImporter
LogPluginManager: Mounting plugin AlembicImporter
LogPluginManager: Mounting plugin CharacterAI
LogPluginManager: Mounting plugin HTML5Networking
LogPluginManager: Mounting plugin AndroidMedia
LogPluginManager: Mounting plugin AvfMedia
LogPluginManager: Mounting plugin MediaPlayerEditor
LogPluginManager: Mounting plugin WmfMedia
LogPluginManager: Mounting plugin TcpMessaging
LogPluginManager: Mounting plugin UdpMessaging
LogPluginManager: Mounting plugin LevelSequenceEditor
LogPluginManager: Mounting plugin MatineeToLevelSequence
LogPluginManager: Mounting plugin OnlineSubsystemGooglePlay
LogPluginManager: Mounting plugin OnlineSubsystemIOS
LogPluginManager: Mounting plugin OnlineSubsystem
LogPluginManager: Mounting plugin OnlineSubsystemNull
LogPluginManager: Mounting plugin OnlineSubsystemUtils
LogPluginManager: Mounting plugin AndroidDeviceProfileSelector
LogPluginManager: Mounting plugin AndroidMoviePlayer
LogPluginManager: Mounting plugin AndroidPermission
LogPluginManager: Mounting plugin AppleMoviePlayer
LogPluginManager: Mounting plugin ArchVisCharacter
LogPluginManager: Mounting plugin CableComponent
LogPluginManager: Mounting plugin CustomMeshComponent
LogPluginManager: Mounting plugin ExampleDeviceProfileSelector
LogPluginManager: Mounting plugin GoogleCloudMessaging
LogPluginManager: Mounting plugin ImmediatePhysics
LogPluginManager: Mounting plugin IOSDeviceProfileSelector
LogPluginManager: Mounting plugin LinuxDeviceProfileSelector
LogPluginManager: Mounting plugin LocationServicesBPLibrary
LogPluginManager: Mounting plugin MobilePatchingUtils
LogPluginManager: Mounting plugin OculusVR
LogPluginManager: Mounting plugin PhysXVehicles
LogPluginManager: Mounting plugin ProceduralMeshComponent
LogPluginManager: Mounting plugin RuntimePhysXCooking
LogPluginManager: Mounting plugin SteamVR
LogPluginManager: Mounting plugin WindowsMoviePlayer
LogInit: Using libcurl 7.47.1
LogInit:  - built for x86_64-pc-win32
LogInit:  - supports SSL with OpenSSL/1.0.2g
LogInit:  - supports HTTP deflate (compression) using libz 1.2.8
LogInit:  - other features:
LogInit:      CURL_VERSION_SSL
LogInit:      CURL_VERSION_LIBZ
LogInit:      CURL_VERSION_IPV6
LogInit:      CURL_VERSION_ASYNCHDNS
LogInit:      CURL_VERSION_LARGEFILE
LogInit:      CURL_VERSION_IDN
LogInit:  CurlRequestOptions (configurable via config and command line):
LogInit:  - bVerifyPeer = false  - Libcurl will NOT verify peer certificate
LogInit:  - bUseHttpProxy = false  - Libcurl will NOT use HTTP proxy
LogInit:  - bDontReuseConnections = false  - Libcurl will reuse connections
LogInit:  - CertBundlePath = nullptr  - Libcurl will use whatever was configured at build time.
LogInit: Build: ++UE4+Release-4.17-CL-3658906
LogInit: Engine Version: 4.17.2-3658906+++UE4+Release-4.17
LogInit: Compatible Engine Version: 4.17.0-3573198+++UE4+Release-4.17
LogInit: Net CL: 3573198
LogDevObjectVersion: Number of dev versions registered: 16
LogDevObjectVersion:   Dev-Blueprints (B0D832E4-1F89-4F0D-ACCF-7EB736FD4AA2): 10
LogDevObjectVersion:   Dev-Build (E1C64328-A22C-4D53-A36C-8E866417BD8C): 0
LogDevObjectVersion:   Dev-Core (375EC13C-06E4-48FB-B500-84F0262A717E): 2
LogDevObjectVersion:   Dev-Editor (E4B068ED-F494-42E9-A231-DA0B2E46BB41): 20
LogDevObjectVersion:   Dev-Framework (CFFC743F-43B0-4480-9391-14DF171D2073): 28
LogDevObjectVersion:   Dev-Mobile (B02B49B5-BB20-44E9-A304-32B752E40360): 0
LogDevObjectVersion:   Dev-Networking (A4E4105C-59A1-49B5-A7C5-40C4547EDFEE): 0
LogDevObjectVersion:   Dev-Online (39C831C9-5AE6-47DC-9A44-9C173E1C8E7C): 0
LogDevObjectVersion:   Dev-Physics (78F01B33-EBEA-4F98-B9B4-84EACCB95AA2): 0
LogDevObjectVersion:   Dev-Platform (6631380F-2D4D-43E0-8009-CF276956A95A): 0
LogDevObjectVersion:   Dev-Rendering (12F88B9F-8875-4AFC-A67C-D90C383ABD29): 19
LogDevObjectVersion:   Dev-Sequencer (7B5AE74C-D270-4C10-A958-57980B212A5A): 4
LogDevObjectVersion:   Dev-VR (D7296918-1DD6-4BDD-9DE2-64A83CC13884): 0
LogDevObjectVersion:   Dev-LoadTimes (C2A15278-BFE7-4AFE-6C17-90FF531DF755): 1
LogDevObjectVersion:   Private-Geometry (6EACA3D4-40EC-4CC1-B786-8BED09428FC5): 1
LogDevObjectVersion:   Dev-AnimPhys (29E575DD-E0A3-4627-9D10-D276232CDCEA): 7
LogInit: Compiled (64-bit): Sep 22 2017 13:47:16
LogInit: Compiled with Visual C++: 19.00.24215.01
LogInit: Build Configuration: Development
LogInit: Branch Name: ++UE4+Release-4.17
LogInit: Command line:  
LogInit: Base directory: C:/Program Files/Epic Games/UE_4.17/Engine/Binaries/Win64/
LogInit: Installed Engine Build: 1
LogInit: Presizing for max 8388607 objects, including 0 objects not considered by GC, pre-allocating 0 bytes for permanent pool.
LogInit: Object subsystem initialized
[2018.03.05-22.18.29:772][  0]LogInit: Selected Device Profile: [Windows]
[2018.03.05-22.18.29:772][  0]LogInit: Applying CVar settings loaded from the selected device profile: [Windows]
[2018.03.05-22.18.29:805][  0]LogInit: Computer: DESKTOP-4M0A8F3
[2018.03.05-22.18.29:805][  0]LogInit: User: GeorgeWJ
[2018.03.05-22.18.29:805][  0]LogInit: CPU Page size=4096, Cores=8
[2018.03.05-22.18.29:805][  0]LogInit: High frequency timer resolution =3.515627 MHz
[2018.03.05-22.18.29:805][  0]LogMemory: Memory total: Physical=31.9GB (32GB approx)
[2018.03.05-22.18.29:806][  0]LogMemory: Platform Memory Stats for Windows
[2018.03.05-22.18.29:806][  0]LogMemory: Process Physical Memory: 280.36 MB used, 280.36 MB peak
[2018.03.05-22.18.29:806][  0]LogMemory: Process Virtual Memory: 281.21 MB used, 281.21 MB peak
[2018.03.05-22.18.29:806][  0]LogMemory: Physical Memory: 4970.71 MB used,  27743.96 MB free, 32714.68 MB total
[2018.03.05-22.18.29:806][  0]LogMemory: Virtual Memory: 723.11 MB used,  27743.96 MB free, 134217728.00 MB total
[2018.03.05-22.18.30:197][  0]LogInit: Using OS detected language (en-GB).
[2018.03.05-22.18.30:197][  0]LogInit: Using OS detected locale (en-GB).
[2018.03.05-22.18.30:258][  0]LogTextLocalizationManager: No specific localization for 'en-GB' exists, so the 'en' localization will be used.
[2018.03.05-22.18.33:061][  0]LogD3D11RHI: D3D11 adapters:
[2018.03.05-22.18.33:127][  0]LogD3D11RHI:    0. 'NVIDIA GeForce GTX 1080 Ti' (Feature Level 11_0)
[2018.03.05-22.18.33:127][  0]LogD3D11RHI:       11127/0/16357 MB DedicatedVideo/DedicatedSystem/SharedSystem, Outputs:1, VendorId:0x10de
[2018.03.05-22.18.33:130][  0]LogD3D11RHI:    1. 'Microsoft Basic Render Driver' (Feature Level 11_0)
[2018.03.05-22.18.33:130][  0]LogD3D11RHI:       0/0/16357 MB DedicatedVideo/DedicatedSystem/SharedSystem, Outputs:0, VendorId:0x1414
[2018.03.05-22.18.33:130][  0]LogD3D11RHI: Chosen D3D11 Adapter: 0
[2018.03.05-22.18.33:140][  0]LogD3D11RHI: Creating new Direct3DDevice
[2018.03.05-22.18.33:140][  0]LogD3D11RHI:     GPU DeviceId: 0x1b06 (for the marketing name, search the web for "GPU Device Id")
[2018.03.05-22.18.33:140][  0]LogWindows: EnumDisplayDevices:
[2018.03.05-22.18.33:140][  0]LogWindows:    0. 'NVIDIA GeForce GTX 1080 Ti' (P:1 D:1)
[2018.03.05-22.18.33:141][  0]LogWindows:    1. 'NVIDIA GeForce GTX 1080 Ti' (P:0 D:0)
[2018.03.05-22.18.33:141][  0]LogWindows:    2. 'NVIDIA GeForce GTX 1080 Ti' (P:0 D:0)
[2018.03.05-22.18.33:141][  0]LogWindows:    3. 'NVIDIA GeForce GTX 1080 Ti' (P:0 D:0)
[2018.03.05-22.18.33:141][  0]LogWindows: DebugString: GetVideoDriverDetailsInvalid PrimaryIsNotTheChoosenAdapter GetVideoDriverDetailsInvalid PrimaryIsNotTheChoosenAdapter GetVideoDriverDetailsInvalid PrimaryIsNotTheChoosenAdapter GetVideoDriverDetailsInvalid PrimaryIsNotTheChoosenAdapter FoundDriverCount:0 
[2018.03.05-22.18.33:141][  0]LogD3D11RHI:     Adapter Name: NVIDIA GeForce GTX 1080 Ti
[2018.03.05-22.18.33:141][  0]LogD3D11RHI:   Driver Version: Unknown (internal:Unknown, unified:Unknown)
[2018.03.05-22.18.33:141][  0]LogD3D11RHI:      Driver Date: Unknown
[2018.03.05-22.18.33:141][  0]LogRHI: Texture pool is 1361 MB (70% of 1945 MB)
[2018.03.05-22.18.33:175][  0]LogD3D11RHI: Async texture creation enabled
[2018.03.05-22.18.33:212][  0]LogD3D11RHI: GPU Timing Frequency: 1000.000000 (Debug: 2 2)
[2018.03.05-22.18.33:266][  0]LogShaderCompilers: Guid format shader working directory is -40 characters bigger than the processId version (../../../../../../Users/GeorgeWJ/Documents/GitHub/mgp-mgp-group-7/Programming/powerbar2D/Intermediate/Shaders/WorkingDirectory/11816/).
[2018.03.05-22.18.33:266][  0]LogShaderCompilers: Cleaned the shader compiler working directory 'C:/Users/GeorgeWJ/AppData/Local/Temp/UnrealShaderWorkingDir/69F6277A48181885F6E25E9EFF87E4F1/'.
[2018.03.05-22.18.33:267][  0]LogShaderCompilers: Display: Using Local Shader Compiler.
[2018.03.05-22.18.35:251][  0]LogTemp: Display: Loaded TP AllDesktopTargetPlatform
[2018.03.05-22.18.35:311][  0]LogTemp: Display: Loaded TP MacClientTargetPlatform
[2018.03.05-22.18.35:371][  0]LogTemp: Display: Loaded TP MacNoEditorTargetPlatform
[2018.03.05-22.18.35:432][  0]LogTemp: Display: Loaded TP MacServerTargetPlatform
[2018.03.05-22.18.35:496][  0]LogTemp: Display: Loaded TP MacTargetPlatform
[2018.03.05-22.18.35:558][  0]LogTemp: Display: Loaded TP WindowsClientTargetPlatform
[2018.03.05-22.18.35:619][  0]LogTemp: Display: Loaded TP WindowsNoEditorTargetPlatform
[2018.03.05-22.18.35:679][  0]LogTemp: Display: Loaded TP WindowsServerTargetPlatform
[2018.03.05-22.18.35:735][  0]LogTemp: Display: Loaded TP WindowsTargetPlatform
[2018.03.05-22.18.35:798][  0]LogTemp: Display: Loaded TP AndroidTargetPlatform
[2018.03.05-22.18.35:857][  0]LogTemp: Display: Loaded TP Android_ASTCTargetPlatform
[2018.03.05-22.18.35:915][  0]LogTemp: Display: Loaded TP Android_ATCTargetPlatform
[2018.03.05-22.18.35:974][  0]LogTemp: Display: Loaded TP Android_DXTTargetPlatform
[2018.03.05-22.18.36:033][  0]LogTemp: Display: Loaded TP Android_ETC1TargetPlatform
[2018.03.05-22.18.36:092][  0]LogTemp: Display: Loaded TP Android_ETC2TargetPlatform
[2018.03.05-22.18.36:215][  0]LogTemp: Display: Loaded TP Android_MultiTargetPlatform
[2018.03.05-22.18.36:215][  0]LogTemp: Display: Loaded TP Android_PVRTCTargetPlatform
[2018.03.05-22.18.36:268][  0]LogTemp: Display: Loaded TP HTML5TargetPlatform
[2018.03.05-22.18.36:386][  0]LogTemp: Display: Loaded TP IOSTargetPlatform
[2018.03.05-22.18.36:421][  0]LogTemp: Display: Loaded TP TVOSTargetPlatform
[2018.03.05-22.18.36:482][  0]LogTemp: Display: Loaded TP LinuxClientTargetPlatform
[2018.03.05-22.18.36:542][  0]LogTemp: Display: Loaded TP LinuxNoEditorTargetPlatform
[2018.03.05-22.18.36:601][  0]LogTemp: Display: Loaded TP LinuxServerTargetPlatform
[2018.03.05-22.18.36:671][  0]LogTemp: Display: Loaded TP LinuxTargetPlatform
[2018.03.05-22.18.36:672][  0]LogTargetPlatformManager: Display: Building Assets For Windows
[2018.03.05-22.18.37:327][  0]LogDerivedDataCache: Display: Max Cache Size: 512 MB
[2018.03.05-22.18.37:708][  0]LogDerivedDataCache: Loaded boot cache 0.38s 93MB C:/Users/GeorgeWJ/AppData/Local/UnrealEngine/4.17/DerivedDataCache/Boot.ddc.
[2018.03.05-22.18.37:708][  0]LogDerivedDataCache: Display: Loaded Boot cache: C:/Users/GeorgeWJ/AppData/Local/UnrealEngine/4.17/DerivedDataCache/Boot.ddc
[2018.03.05-22.18.37:708][  0]LogDerivedDataCache: FDerivedDataBackendGraph:  Pak pak cache file ../../../../../../Users/GeorgeWJ/Documents/GitHub/mgp-mgp-group-7/Programming/powerbar2D/DerivedDataCache/DDC.ddp not found, will not use a pak cache.
[2018.03.05-22.18.37:708][  0]LogDerivedDataCache: Unable to find inner node Pak for hierarchical cache Hierarchy.
[2018.03.05-22.18.37:708][  0]LogDerivedDataCache: FDerivedDataBackendGraph:  CompressedPak pak cache file ../../../../../../Users/GeorgeWJ/Documents/GitHub/mgp-mgp-group-7/Programming/powerbar2D/DerivedDataCache/Compressed.ddp not found, will not use a pak cache.
[2018.03.05-22.18.37:708][  0]LogDerivedDataCache: Unable to find inner node CompressedPak for hierarchical cache Hierarchy.
[2018.03.05-22.18.37:735][  0]LogDerivedDataCache: Display: Pak cache opened for reading ../../../Engine/DerivedDataCache/Compressed.ddp.
[2018.03.05-22.18.37:747][  0]LogDerivedDataCache: Using Local data cache path C:/Users/GeorgeWJ/AppData/Local/UnrealEngine/Common/DerivedDataCache: Writable
[2018.03.05-22.18.37:760][  0]LogMaterial: Verifying Global Shaders for PCD3D_SM5
[2018.03.05-22.18.37:764][  0]LogSlate: Using Freetype 2.6.0
[2018.03.05-22.18.37:778][  0]LogSlate: SlateFontCache - WITH_FREETYPE: 1, WITH_HARFBUZZ: 1
[2018.03.05-22.18.37:778][  0]LogSlate: SlateFontCache - WITH_FREETYPE: 1, WITH_HARFBUZZ: 1
[2018.03.05-22.18.38:580][  0]LogAssetRegistry: FAssetRegistry took 0.0290 seconds to start up
[2018.03.05-22.18.38:753][  0]LogInit: Selected Device Profile: [Windows]
[2018.03.05-22.18.39:483][  0]LogSimplygon: Simplygon DLL not present - disabling.
[2018.03.05-22.18.39:533][  0]LogMeshReduction: Using SimplygonSwarm for distributed automatic mesh merging
[2018.03.05-22.18.39:533][  0]LogMeshReduction: Using QuadricMeshReduction for automatic static mesh reduction
[2018.03.05-22.18.39:533][  0]LogMeshReduction: No automatic skeletal mesh reduction module available
[2018.03.05-22.18.39:533][  0]LogMeshReduction: No automatic mesh merging module available
[2018.03.05-22.18.39:533][  0]LogMeshMerging: No automatic mesh merging module available
[2018.03.05-22.18.39:545][  0]LogContentStreaming: Texture pool size is 0.00 MB
[2018.03.05-22.18.40:269][  0]LogNetVersion: powerbar2D , NetCL: 3573198, EngineNetVer: 2, GameNetVer: 0 (Checksum: 2573702744)
[2018.03.05-22.18.40:653][  0]LogPackageLocalizationCache: Processed 5 localized package path(s) for 2 prioritized culture(s) in 0.069185 seconds
[2018.03.05-22.18.40:660][  0]LogUObjectArray: 35825 objects as part of root set at end of initial load.
[2018.03.05-22.18.40:660][  0]LogUObjectAllocator: 7529104 out of 0 bytes used by permanent object pool.
[2018.03.05-22.18.40:660][  0]LogUObjectArray: CloseDisregardForGC: 0/0 objects in disregard for GC pool
[2018.03.05-22.18.40:735][  0]LogInit: WinSock: version 1.1 (2.2), MaxSocks=32767, MaxUdp=65467
[2018.03.05-22.18.45:870][  0]LogTcpMessaging: Initializing TcpMessaging bridge
[2018.03.05-22.18.45:922][  0]LogUdpMessaging: Initializing bridge on interface 0.0.0.0:0 to multicast group 230.0.0.1:6666.
[2018.03.05-22.18.46:751][  0]LogMaterial: Uniform references updated for custom material expression Custom.
[2018.03.05-22.18.47:255][  0]SourceControl: Source control is disabled
[2018.03.05-22.18.47:255][  0]SourceControl: Source control is disabled
[2018.03.05-22.18.47:319][  0]SourceControl: Source control is disabled
[2018.03.05-22.18.47:380][  0]SourceControl: Source control is disabled
[2018.03.05-22.18.48:164][  0]LogAndroidPermission: UAndroidPermissionCallbackProxy::GetInstance
[2018.03.05-22.18.48:479][  0]LogOcInput: OculusInput pre-init called
[2018.03.05-22.18.48:811][  0]LogEngine: Initializing Engine...
[2018.03.05-22.18.48:813][  0]LogHMD: Failed to initialize OpenVR with code 110
[2018.03.05-22.18.49:058][  0]LogStats: UGameplayTagsManager::ConstructGameplayTagTree: Construct from data asset -  0.000 s
[2018.03.05-22.18.49:059][  0]LogStats: UGameplayTagsManager::ConstructGameplayTagTree: GameplayTagTreeChangedEvent.Broadcast -  0.000 s
[2018.03.05-22.18.49:225][  0]LogAIModule: Creating AISystem for world Untitled
[2018.03.05-22.18.49:246][  0]LogInit: XAudio2 using 'LG ULTRAWIDE (NVIDIA High Definition Audio)' : 2 channels at 48 kHz using 16 bits per sample (channel mask 0x3)
[2018.03.05-22.18.49:268][  0]LogInit: FAudioDevice initialized.
[2018.03.05-22.18.49:364][  0]LogDerivedDataCache: Saved boot cache 0.10s 93MB C:/Users/GeorgeWJ/AppData/Local/UnrealEngine/4.17/DerivedDataCache/Boot.ddc.
[2018.03.05-22.18.49:380][  0]LogInit: Texture streaming: Enabled
[2018.03.05-22.18.49:516][  0]LogEngineSessionManager: EngineSessionManager initialized
[2018.03.05-22.18.49:895][  0]LogInit: Transaction tracking system initialized
[2018.03.05-22.18.50:290][  0]BlueprintLog: New page: Editor Load
[2018.03.05-22.18.51:443][  0]LocalizationService: Localization service is disabled
[2018.03.05-22.18.52:360][  0]LogConsoleResponse: Display: 
[2018.03.05-22.18.52:611][  0]LogCook: Display: Max memory allowance for cook 16384mb min free memory 0mb
[2018.03.05-22.18.52:611][  0]LogCook: Display: Mobile HDR setting 1
[2018.03.05-22.18.52:614][  0]LogFileCache: Scanning file cache for directory 'C:/Users/GeorgeWJ/Documents/GitHub/mgp-mgp-group-7/Programming/powerbar2D/Content/' took 0.02s
[2018.03.05-22.18.52:614][  0]LogGameplayTags: Display: UGameplayTagsManager::DoneAddingNativeTags. DelegateIsBound: 0
[2018.03.05-22.18.54:122][  0]SourceControl: Source control is disabled
[2018.03.05-22.18.54:126][  0]LightingResults: New page: Lighting Build
[2018.03.05-22.18.54:183][  0]MapCheck: New page: Map Check
[2018.03.05-22.18.54:183][  0]LightingResults: New page: Lighting Build
[2018.03.05-22.18.54:749][  0]LogTexture: Display: Building textures: Summer_background_WIP (BGRA8, 1322X499)
[2018.03.05-22.18.54:760][  0]LogAIModule: Creating AISystem for world 2DSideScrollerExampleMap
[2018.03.05-22.18.54:775][  0]LogEditorServer: Finished looking for orphan Actors (0.000 secs)
[2018.03.05-22.18.54:803][  0]Cmd: MAP CHECKDEP NOCLEARLOG
[2018.03.05-22.18.54:873][  0]MapCheck: Map check complete: 0 Error(s), 0 Warning(s), took 69.472ms to complete.
[2018.03.05-22.18.54:873][  0]LogFileHelpers: Loading map '2DSideScrollerExampleMap' took 0.750
[2018.03.05-22.18.55:081][  0]LogCollectionManager: Loaded 0 collections in 0.002453 seconds
[2018.03.05-22.18.55:182][  0]LogFileCache: Scanning file cache for directory 'C:/Users/GeorgeWJ/Documents/GitHub/mgp-mgp-group-7/Programming/powerbar2D/Saved/Collections/' took 0.01s
[2018.03.05-22.18.55:182][  0]LogFileCache: Scanning file cache for directory 'C:/Users/GeorgeWJ/Documents/GitHub/mgp-mgp-group-7/Programming/powerbar2D/Content/Developers/GeorgeWJ/Collections/' took 0.01s
[2018.03.05-22.18.55:182][  0]LogFileCache: Scanning file cache for directory 'C:/Users/GeorgeWJ/Documents/GitHub/mgp-mgp-group-7/Programming/powerbar2D/Content/Collections/' took 0.01s
[2018.03.05-22.18.55:182][  0]LogCollectionManager: Rebuilt the GUID cache for 0 collections in 0.000000 seconds
[2018.03.05-22.18.55:194][  0]LogContentBrowser: Native class hierarchy populated in 0.0106 seconds. Added 2386 classes and 500 folders.
[2018.03.05-22.18.55:289][  0]LogContentBrowser: Native class hierarchy updated for 'WidgetCarousel' in 0.0011 seconds. Added 0 classes and 0 folders.
[2018.03.05-22.18.55:709][  0]LogContentBrowser: Native class hierarchy updated for 'AddContentDialog' in 0.0007 seconds. Added 0 classes and 0 folders.
[2018.03.05-22.18.55:771][  0]LogContentBrowser: Native class hierarchy updated for 'SceneOutliner' in 0.0013 seconds. Added 1 classes and 2 folders.
[2018.03.05-22.18.55:841][  0]LogSlate: Took 0.008710 seconds to synchronously load lazily loaded font '../../../Engine/Content/Slate/Fonts/Roboto-Regular.ttf' (155K)
[2018.03.05-22.18.55:851][  0]LogSlate: Took 0.005932 seconds to synchronously load lazily loaded font '../../../Engine/Content/Slate/Fonts/Roboto-Bold.ttf' (160K)
[2018.03.05-22.18.55:864][  0]LogSlate: Took 0.005591 seconds to synchronously load lazily loaded font '../../../Engine/Content/Editor/Slate/Fonts/FontAwesome.ttf' (139K)
[2018.03.05-22.18.56:008][  0]LogRenderer: Reallocating scene render targets to support 1616x600 Format 10 NumSamples 1 (Frame:1).
[2018.03.05-22.18.56:284][  0]LogContentBrowser: Native class hierarchy updated for 'HierarchicalLODOutliner' in 0.0012 seconds. Added 1 classes and 2 folders.
[2018.03.05-22.18.56:284][  0]LogLoad: (Engine Initialization) Total time: 29.71 seconds
[2018.03.05-22.18.56:284][  0]LogLoad: (Engine Initialization) Total Blueprint compile time: 0.00 seconds
[2018.03.05-22.18.56:285][  0]LogExternalProfiler: No external profilers were discovered.  External profiling features will not be available.
[2018.03.05-22.18.56:317][  0]LogContentStreaming: Texture pool size now 1000 MB
[2018.03.05-22.18.56:372][  0]LogSlate: Took 0.005363 seconds to synchronously load lazily loaded font '../../../Engine/Content/Slate/Fonts/Roboto-Light.ttf' (159K)
[2018.03.05-22.18.56:409][  1]LogAssetRegistry: Asset discovery search completed in 17.8510 seconds
[2018.03.05-22.18.56:411][  1]LogCollectionManager: Rebuilt the object cache for 0 collections in 0.000001 seconds (found 0 objects)
[2018.03.05-22.18.56:411][  1]LogCollectionManager: Fixed up redirectors for 0 collections in 0.000058 seconds (updated 0 objects)
[2018.03.05-22.20.43:397][270]LogTemp: Repeating last play command: Selected Viewport
[2018.03.05-22.20.43:662][270]LogBlueprintUserMessages: Early PlayInEditor Detection: Level '/Game/2DSideScrollerBP/Maps/2DSideScrollerExampleMap.2DSideScrollerExampleMap:PersistentLevel' has LevelScriptBlueprint '/Game/2DSideScrollerBP/Maps/2DSideScrollerExampleMap.2DSideScrollerExampleMap:PersistentLevel.2DSideScrollerExampleMap' with GeneratedClass '/Game/2DSideScrollerBP/Maps/2DSideScrollerExampleMap.2DSideScrollerExampleMap_C' with ClassGeneratedBy '/Game/2DSideScrollerBP/Maps/2DSideScrollerExampleMap.2DSideScrollerExampleMap:PersistentLevel.2DSideScrollerExampleMap'
[2018.03.05-22.20.43:662][270]LogPlayLevel: PlayLevel: No blueprints needed recompiling
[2018.03.05-22.20.43:663][270]PIE: New page: PIE session: 2DSideScrollerExampleMap (5 Mar 2018 22:20:43)
[2018.03.05-22.20.43:663][270]LogPlayLevel: Creating play world package: /Game/2DSideScrollerBP/Maps/UEDPIE_0_2DSideScrollerExampleMap
[2018.03.05-22.20.43:666][270]LogPlayLevel: PIE: StaticDuplicateObject took: (0.002710s)
[2018.03.05-22.20.43:667][270]LogAIModule: Creating AISystem for world 2DSideScrollerExampleMap
[2018.03.05-22.20.43:667][270]LogPlayLevel: PIE: World Init took: (0.000856s)
[2018.03.05-22.20.43:667][270]LogPlayLevel: PIE: Created PIE world by copying editor world from /Game/2DSideScrollerBP/Maps/2DSideScrollerExampleMap.2DSideScrollerExampleMap to /Game/2DSideScrollerBP/Maps/UEDPIE_0_2DSideScrollerExampleMap.2DSideScrollerExampleMap (0.003852s)
[2018.03.05-22.20.43:707][270]LogInit: XAudio2 using 'LG ULTRAWIDE (NVIDIA High Definition Audio)' : 2 channels at 48 kHz using 16 bits per sample (channel mask 0x3)
[2018.03.05-22.20.43:714][270]LogInit: FAudioDevice initialized.
[2018.03.05-22.20.43:764][270]LogLoad: Game class is '2DSideScrollerGameMode_C'
[2018.03.05-22.20.43:768][270]LogWorld: Bringing World /Game/2DSideScrollerBP/Maps/UEDPIE_0_2DSideScrollerExampleMap.2DSideScrollerExampleMap up for play (max tick rate 0) at 2018.03.05-22.20.43
[2018.03.05-22.20.43:769][270]LogWorld: Bringing up level for play took: 0.002166
[2018.03.05-22.20.43:826][270]LogContentBrowser: Native class hierarchy updated for 'MovieSceneCapture' in 0.0012 seconds. Added 11 classes and 0 folders.
[2018.03.05-22.20.43:831][270]PIE: Play in editor start time for /Game/2DSideScrollerBP/Maps/UEDPIE_0_2DSideScrollerExampleMap -0.014
[2018.03.05-22.20.43:831][270]LogBlueprintUserMessages: Late PlayInEditor Detection: Level '/Game/2DSideScrollerBP/Maps/2DSideScrollerExampleMap.2DSideScrollerExampleMap:PersistentLevel' has LevelScriptBlueprint '/Game/2DSideScrollerBP/Maps/2DSideScrollerExampleMap.2DSideScrollerExampleMap:PersistentLevel.2DSideScrollerExampleMap' with GeneratedClass '/Game/2DSideScrollerBP/Maps/2DSideScrollerExampleMap.2DSideScrollerExampleMap_C' with ClassGeneratedBy '/Game/2DSideScrollerBP/Maps/2DSideScrollerExampleMap.2DSideScrollerExampleMap:PersistentLevel.2DSideScrollerExampleMap'
[2018.03.05-22.20.46:456][583]LogBlueprintUserMessages: [2DSideScrollerCharacter_254] 40.001808
[2018.03.05-22.20.46:457][583]LogBlueprintUserMessages: [2DSideScrollerCharacter_254] 63.999821
[2018.03.05-22.20.46:458][583]LogBlueprintUserMessages: [2DSideScrollerCharacter_254] 1
[2018.03.05-22.20.47:425][699]LogBlueprintUserMessages: [2DSideScrollerCharacter_254] 82.666542
[2018.03.05-22.20.47:425][699]LogBlueprintUserMessages: [2DSideScrollerCharacter_254] 55.733166
[2018.03.05-22.20.47:425][699]LogBlueprintUserMessages: [2DSideScrollerCharacter_254] 2
[2018.03.05-22.20.48:451][822]LogBlueprintUserMessages: Early EndPlayMap Detection: Level '/Game/2DSideScrollerBP/Maps/2DSideScrollerExampleMap.2DSideScrollerExampleMap:PersistentLevel' has LevelScriptBlueprint '/Game/2DSideScrollerBP/Maps/2DSideScrollerExampleMap.2DSideScrollerExampleMap:PersistentLevel.2DSideScrollerExampleMap' with GeneratedClass '/Game/2DSideScrollerBP/Maps/2DSideScrollerExampleMap.2DSideScrollerExampleMap_C' with ClassGeneratedBy '/Game/2DSideScrollerBP/Maps/2DSideScrollerExampleMap.2DSideScrollerExampleMap:PersistentLevel.2DSideScrollerExampleMap'
[2018.03.05-22.20.48:483][822]LogBlueprintUserMessages: Late EndPlayMap Detection: Level '/Game/2DSideScrollerBP/Maps/2DSideScrollerExampleMap.2DSideScrollerExampleMap:PersistentLevel' has LevelScriptBlueprint '/Game/2DSideScrollerBP/Maps/2DSideScrollerExampleMap.2DSideScrollerExampleMap:PersistentLevel.2DSideScrollerExampleMap' with GeneratedClass '/Game/2DSideScrollerBP/Maps/2DSideScrollerExampleMap.2DSideScrollerExampleMap_C' with ClassGeneratedBy '/Game/2DSideScrollerBP/Maps/2DSideScrollerExampleMap.2DSideScrollerExampleMap:PersistentLevel.2DSideScrollerExampleMap'
[2018.03.05-22.20.50:209][ 19]LogRenderer: Reallocating scene render targets to support 1616x604 Format 10 NumSamples 1 (Frame:634).
[2018.03.05-22.20.50:253][ 20]LogRenderer: Reallocating scene render targets to support 1616x624 Format 10 NumSamples 1 (Frame:636).
[2018.03.05-22.20.50:295][ 21]LogRenderer: Reallocating scene render targets to support 1616x664 Format 10 NumSamples 1 (Frame:638).
[2018.03.05-22.20.50:335][ 22]LogRenderer: Reallocating scene render targets to support 1616x708 Format 10 NumSamples 1 (Frame:640).
[2018.03.05-22.20.50:377][ 23]LogRenderer: Reallocating scene render targets to support 1616x736 Format 10 NumSamples 1 (Frame:642).
[2018.03.05-22.20.50:417][ 24]LogRenderer: Reallocating scene render targets to support 1616x748 Format 10 NumSamples 1 (Frame:644).
[2018.03.05-22.20.50:458][ 25]LogRenderer: Reallocating scene render targets to support 1616x764 Format 10 NumSamples 1 (Frame:646).
[2018.03.05-22.20.50:497][ 26]LogRenderer: Reallocating scene render targets to support 1616x784 Format 10 NumSamples 1 (Frame:648).
[2018.03.05-22.20.50:541][ 27]LogRenderer: Reallocating scene render targets to support 1616x808 Format 10 NumSamples 1 (Frame:650).
[2018.03.05-22.20.50:585][ 28]LogRenderer: Reallocating scene render targets to support 1616x840 Format 10 NumSamples 1 (Frame:652).
[2018.03.05-22.20.50:628][ 29]LogRenderer: Reallocating scene render targets to support 1616x860 Format 10 NumSamples 1 (Frame:654).
[2018.03.05-22.20.50:668][ 30]LogRenderer: Reallocating scene render targets to support 1616x868 Format 10 NumSamples 1 (Frame:656).
[2018.03.05-22.20.50:708][ 31]LogRenderer: Reallocating scene render targets to support 1616x880 Format 10 NumSamples 1 (Frame:658).
[2018.03.05-22.20.50:750][ 32]LogRenderer: Reallocating scene render targets to support 1616x896 Format 10 NumSamples 1 (Frame:660).
[2018.03.05-22.20.50:794][ 33]LogRenderer: Reallocating scene render targets to support 1616x928 Format 10 NumSamples 1 (Frame:662).
[2018.03.05-22.20.50:841][ 34]LogRenderer: Reallocating scene render targets to support 1616x940 Format 10 NumSamples 1 (Frame:664).
[2018.03.05-22.20.53:221][312]LogTemp: Repeating last play command: Selected Viewport
[2018.03.05-22.20.53:243][312]LogBlueprintUserMessages: Early PlayInEditor Detection: Level '/Game/2DSideScrollerBP/Maps/2DSideScrollerExampleMap.2DSideScrollerExampleMap:PersistentLevel' has LevelScriptBlueprint '/Game/2DSideScrollerBP/Maps/2DSideScrollerExampleMap.2DSideScrollerExampleMap:PersistentLevel.2DSideScrollerExampleMap' with GeneratedClass '/Game/2DSideScrollerBP/Maps/2DSideScrollerExampleMap.2DSideScrollerExampleMap_C' with ClassGeneratedBy '/Game/2DSideScrollerBP/Maps/2DSideScrollerExampleMap.2DSideScrollerExampleMap:PersistentLevel.2DSideScrollerExampleMap'
[2018.03.05-22.20.53:243][312]LogPlayLevel: PlayLevel: No blueprints needed recompiling
[2018.03.05-22.20.53:243][312]PIE: New page: PIE session: 2DSideScrollerExampleMap (5 Mar 2018 22:20:53)
[2018.03.05-22.20.53:243][312]LogPlayLevel: Creating play world package: /Game/2DSideScrollerBP/Maps/UEDPIE_0_2DSideScrollerExampleMap
[2018.03.05-22.20.53:245][312]LogPlayLevel: PIE: StaticDuplicateObject took: (0.001998s)
[2018.03.05-22.20.53:246][312]LogAIModule: Creating AISystem for world 2DSideScrollerExampleMap
[2018.03.05-22.20.53:246][312]LogPlayLevel: PIE: World Init took: (0.001076s)
[2018.03.05-22.20.53:246][312]LogPlayLevel: PIE: Created PIE world by copying editor world from /Game/2DSideScrollerBP/Maps/2DSideScrollerExampleMap.2DSideScrollerExampleMap to /Game/2DSideScrollerBP/Maps/UEDPIE_0_2DSideScrollerExampleMap.2DSideScrollerExampleMap (0.003353s)
[2018.03.05-22.20.53:283][312]LogInit: XAudio2 using 'LG ULTRAWIDE (NVIDIA High Definition Audio)' : 2 channels at 48 kHz using 16 bits per sample (channel mask 0x3)
[2018.03.05-22.20.53:290][312]LogInit: FAudioDevice initialized.
[2018.03.05-22.20.53:327][312]LogLoad: Game class is '2DSideScrollerGameMode_C'
[2018.03.05-22.20.53:328][312]LogWorld: Bringing World /Game/2DSideScrollerBP/Maps/UEDPIE_0_2DSideScrollerExampleMap.2DSideScrollerExampleMap up for play (max tick rate 0) at 2018.03.05-22.20.53
[2018.03.05-22.20.53:329][312]LogWorld: Bringing up level for play took: 0.001095
[2018.03.05-22.20.53:330][312]PIE: Play in editor start time for /Game/2DSideScrollerBP/Maps/UEDPIE_0_2DSideScrollerExampleMap -0.515
[2018.03.05-22.20.53:330][312]LogBlueprintUserMessages: Late PlayInEditor Detection: Level '/Game/2DSideScrollerBP/Maps/2DSideScrollerExampleMap.2DSideScrollerExampleMap:PersistentLevel' has LevelScriptBlueprint '/Game/2DSideScrollerBP/Maps/2DSideScrollerExampleMap.2DSideScrollerExampleMap:PersistentLevel.2DSideScrollerExampleMap' with GeneratedClass '/Game/2DSideScrollerBP/Maps/2DSideScrollerExampleMap.2DSideScrollerExampleMap_C' with ClassGeneratedBy '/Game/2DSideScrollerBP/Maps/2DSideScrollerExampleMap.2DSideScrollerExampleMap:PersistentLevel.2DSideScrollerExampleMap'
[2018.03.05-22.20.54:531][455]LogBlueprintUserMessages: [2DSideScrollerCharacter_254] 95.333305
[2018.03.05-22.20.54:531][455]LogBlueprintUserMessages: [2DSideScrollerCharacter_254] 45.466671
[2018.03.05-22.20.54:531][455]LogBlueprintUserMessages: [2DSideScrollerCharacter_254] 1
[2018.03.05-22.20.55:364][555]LogBlueprintUserMessages: [2DSideScrollerCharacter_254] 28.666279
[2018.03.05-22.20.55:364][555]LogBlueprintUserMessages: [2DSideScrollerCharacter_254] 42.600044
[2018.03.05-22.20.55:364][555]LogBlueprintUserMessages: [2DSideScrollerCharacter_254] 2
[2018.03.05-22.20.56:372][676]LogBlueprintUserMessages: [2DSideScrollerCharacter_254] 52.000191
[2018.03.05-22.20.56:372][676]LogBlueprintUserMessages: [2DSideScrollerCharacter_254] 37.400024
[2018.03.05-22.20.56:372][676]LogBlueprintUserMessages: [2DSideScrollerCharacter_254] 3
[2018.03.05-22.20.56:955][746]LogBlueprintUserMessages: [2DSideScrollerCharacter_254] 98.667152
[2018.03.05-22.20.56:955][746]LogBlueprintUserMessages: [2DSideScrollerCharacter_254] 27.53331
[2018.03.05-22.20.56:956][746]LogBlueprintUserMessages: [2DSideScrollerCharacter_254] 4
[2018.03.05-22.20.57:830][851]LogBlueprintUserMessages: [2DSideScrollerCharacter_254] 31.330984
[2018.03.05-22.20.57:831][851]LogBlueprintUserMessages: [2DSideScrollerCharacter_254] 24.400211
[2018.03.05-22.20.57:831][851]LogBlueprintUserMessages: [2DSideScrollerCharacter_254] 5
[2018.03.05-22.20.59:422][ 42]LogBlueprintUserMessages: [2DSideScrollerCharacter_254] 96.002266
[2018.03.05-22.20.59:422][ 42]LogBlueprintUserMessages: [2DSideScrollerCharacter_254] 14.799984
[2018.03.05-22.20.59:422][ 42]LogBlueprintUserMessages: [2DSideScrollerCharacter_254] 6
[2018.03.05-22.21.00:147][129]LogBlueprintUserMessages: [2DSideScrollerCharacter_254] 45.99968
[2018.03.05-22.21.00:148][129]LogBlueprintUserMessages: [2DSideScrollerCharacter_254] 10.200016
[2018.03.05-22.21.00:148][129]LogBlueprintUserMessages: [2DSideScrollerCharacter_254] 7
[2018.03.05-22.21.01:881][337]LogBlueprintUserMessages: [2DSideScrollerCharacter_254] 92.671165
[2018.03.05-22.21.01:881][337]LogBlueprintUserMessages: [2DSideScrollerCharacter_254] 0.932899
[2018.03.05-22.21.01:881][337]LogBlueprintUserMessages: [2DSideScrollerCharacter_254] 8
[2018.03.05-22.21.03:014][473]LogBlueprintUserMessages: [2DSideScrollerCharacter_254] 16.652796
[2018.03.05-22.21.03:014][473]LogBlueprintUserMessages: [2DSideScrollerCharacter_254] -0.73238
[2018.03.05-22.21.04:064][599]LogBlueprintUserMessages: [2DSideScrollerCharacter_254] 67.333618
[2018.03.05-22.21.04:065][599]LogBlueprintUserMessages: [2DSideScrollerCharacter_254] -7.465742
[2018.03.05-22.21.04:531][655]LogBlueprintUserMessages: [2DSideScrollerCharacter_254] 95.333313
[2018.03.05-22.21.04:531][655]LogBlueprintUserMessages: [2DSideScrollerCharacter_254] -16.999073
[2018.03.05-22.21.06:939][944]LogBlueprintUserMessages: [2DSideScrollerCharacter_254] 97.333817
[2018.03.05-22.21.06:939][944]LogBlueprintUserMessages: [2DSideScrollerCharacter_254] -26.732454
[2018.03.05-22.21.07:439][  4]LogBlueprintUserMessages: [2DSideScrollerCharacter_254] 62.661507
[2018.03.05-22.21.07:439][  4]LogBlueprintUserMessages: [2DSideScrollerCharacter_254] -32.998604
[2018.03.05-22.21.07:939][ 64]LogBlueprintUserMessages: [2DSideScrollerCharacter_254] 22.660601
[2018.03.05-22.21.07:939][ 64]LogBlueprintUserMessages: [2DSideScrollerCharacter_254] -35.264664
[2018.03.05-22.21.08:473][128]LogBlueprintUserMessages: [2DSideScrollerCharacter_254] 20.000072
[2018.03.05-22.21.08:473][128]LogBlueprintUserMessages: [2DSideScrollerCharacter_254] -37.264671
[2018.03.05-22.21.09:398][239]LogBlueprintUserMessages: Early EndPlayMap Detection: Level '/Game/2DSideScrollerBP/Maps/2DSideScrollerExampleMap.2DSideScrollerExampleMap:PersistentLevel' has LevelScriptBlueprint '/Game/2DSideScrollerBP/Maps/2DSideScrollerExampleMap.2DSideScrollerExampleMap:PersistentLevel.2DSideScrollerExampleMap' with GeneratedClass '/Game/2DSideScrollerBP/Maps/2DSideScrollerExampleMap.2DSideScrollerExampleMap_C' with ClassGeneratedBy '/Game/2DSideScrollerBP/Maps/2DSideScrollerExampleMap.2DSideScrollerExampleMap:PersistentLevel.2DSideScrollerExampleMap'
[2018.03.05-22.21.09:430][239]LogBlueprintUserMessages: Late EndPlayMap Detection: Level '/Game/2DSideScrollerBP/Maps/2DSideScrollerExampleMap.2DSideScrollerExampleMap:PersistentLevel' has LevelScriptBlueprint '/Game/2DSideScrollerBP/Maps/2DSideScrollerExampleMap.2DSideScrollerExampleMap:PersistentLevel.2DSideScrollerExampleMap' with GeneratedClass '/Game/2DSideScrollerBP/Maps/2DSideScrollerExampleMap.2DSideScrollerExampleMap_C' with ClassGeneratedBy '/Game/2DSideScrollerBP/Maps/2DSideScrollerExampleMap.2DSideScrollerExampleMap:PersistentLevel.2DSideScrollerExampleMap'
[2018.03.05-22.21.30:479][633]LogSlate: Took 0.003824 seconds to synchronously load lazily loaded font '../../../Engine/Content/Slate/Fonts/Roboto-Light.ttf' (159K)
[2018.03.05-22.21.30:920][633]LogContentBrowser: Native class hierarchy updated for 'BlueprintGraph' in 0.0011 seconds. Added 113 classes and 0 folders.
[2018.03.05-22.21.31:646][633]LogSlate: Took 0.003873 seconds to synchronously load lazily loaded font '../../../Engine/Content/Slate/Fonts/Roboto-Regular.ttf' (155K)
[2018.03.05-22.21.31:761][633]LogSlate: Took 0.004518 seconds to synchronously load lazily loaded font '../../../Engine/Content/Editor/Slate/Fonts/Roboto-BoldCondensed.ttf' (158K)
[2018.03.05-22.21.32:242][634]LogSlate: Took 0.004289 seconds to synchronously load lazily loaded font '../../../Engine/Content/Editor/Slate/Fonts/Roboto-Italic.ttf' (157K)
[2018.03.05-22.23.17:760][588]LogMetaData: Removing '/Game/2DSideScrollerBP/Blueprints/myShake.myShake_C' ref from Metadata '/Game/2DSideScrollerBP/myShake.PackageMetaData'
[2018.03.05-22.23.17:760][588]LogMetaData: Removing '/Game/2DSideScrollerBP/Blueprints/myShake.SKEL_myShake_C' ref from Metadata '/Game/2DSideScrollerBP/myShake.PackageMetaData'
[2018.03.05-22.23.17:786][588]LogSavePackage: Save=8.64ms
[2018.03.05-22.23.17:786][588]LogSavePackage: Moving '../../../../../../Users/GeorgeWJ/Documents/GitHub/mgp-mgp-group-7/Programming/powerbar2D/Saved/myShake338719BF41BD00608E7764AA7E5B4C5A.tmp' to '../../../../../../Users/GeorgeWJ/Documents/GitHub/mgp-mgp-group-7/Programming/powerbar2D/Content/2DSideScrollerBP/Blueprints/myShake.uasset'
[2018.03.05-22.23.17:792][588]LogSavePackage: Display: Finished SavePackage ../../../../../../Users/GeorgeWJ/Documents/GitHub/mgp-mgp-group-7/Programming/powerbar2D/Content/2DSideScrollerBP/Blueprints/myShake.uasset
[2018.03.05-22.24.42:058][ 32]BlueprintLog: New page: Compile 2DSideScrollerCharacter
[2018.03.05-22.24.42:145][ 32]LogBlueprint: Error: [Compiler 2DSideScrollerCharacter] This blueprint (self) is not a PlayerCameraManager, therefore ' Target ' must have a connection.
[2018.03.05-22.24.42:463][ 32]LogBlueprint: Warning: [Compiler 2DSideScrollerCharacter] [0375.89] Compile of 2DSideScrollerCharacter failed. 1 Fatal Issue(s) 0 Warning(s) [in 405 ms] (/Game/2DSideScrollerBP/Blueprints/2DSideScrollerCharacter.2DSideScrollerCharacter)
[2018.03.05-22.25.21:440][ 60]LogSlate: Warning: Prevented a slow task dialog from being summoned while a context menu was open
[2018.03.05-22.25.35:780][207]BlueprintLog: New page: Compile 2DSideScrollerCharacter
[2018.03.05-22.25.35:863][207]LogBlueprint: Error: [Compiler 2DSideScrollerCharacter] This blueprint (self) is not a SceneComponent, therefore ' Target ' must have a connection.
[2018.03.05-22.25.36:173][207]LogBlueprint: Warning: [Compiler 2DSideScrollerCharacter] [0429.60] Compile of 2DSideScrollerCharacter failed. 1 Fatal Issue(s) 0 Warning(s) [in 392 ms] (/Game/2DSideScrollerBP/Blueprints/2DSideScrollerCharacter.2DSideScrollerCharacter)
[2018.03.05-22.26.00:583][141]BlueprintLog: New page: Compile 2DSideScrollerCharacter
[2018.03.05-22.26.05:603][550]LogTemp: Repeating last play command: Selected Viewport
[2018.03.05-22.26.05:655][550]LogBlueprintUserMessages: Early PlayInEditor Detection: Level '/Game/2DSideScrollerBP/Maps/2DSideScrollerExampleMap.2DSideScrollerExampleMap:PersistentLevel' has LevelScriptBlueprint '/Game/2DSideScrollerBP/Maps/2DSideScrollerExampleMap.2DSideScrollerExampleMap:PersistentLevel.2DSideScrollerExampleMap' with GeneratedClass '/Game/2DSideScrollerBP/Maps/2DSideScrollerExampleMap.2DSideScrollerExampleMap_C' with ClassGeneratedBy '/Game/2DSideScrollerBP/Maps/2DSideScrollerExampleMap.2DSideScrollerExampleMap:PersistentLevel.2DSideScrollerExampleMap'
[2018.03.05-22.26.05:655][550]LogPlayLevel: PlayLevel: No blueprints needed recompiling
[2018.03.05-22.26.05:656][550]PIE: New page: PIE session: 2DSideScrollerExampleMap (5 Mar 2018 22:26:05)
[2018.03.05-22.26.05:656][550]LogPlayLevel: Creating play world package: /Game/2DSideScrollerBP/Maps/UEDPIE_0_2DSideScrollerExampleMap
[2018.03.05-22.26.05:657][550]LogPlayLevel: PIE: StaticDuplicateObject took: (0.001811s)
[2018.03.05-22.26.05:658][550]LogAIModule: Creating AISystem for world 2DSideScrollerExampleMap
[2018.03.05-22.26.05:658][550]LogPlayLevel: PIE: World Init took: (0.000650s)
[2018.03.05-22.26.05:658][550]LogPlayLevel: PIE: Created PIE world by copying editor world from /Game/2DSideScrollerBP/Maps/2DSideScrollerExampleMap.2DSideScrollerExampleMap to /Game/2DSideScrollerBP/Maps/UEDPIE_0_2DSideScrollerExampleMap.2DSideScrollerExampleMap (0.002666s)
[2018.03.05-22.26.05:709][550]LogInit: XAudio2 using 'LG ULTRAWIDE (NVIDIA High Definition Audio)' : 2 channels at 48 kHz using 16 bits per sample (channel mask 0x3)
[2018.03.05-22.26.05:716][550]LogInit: FAudioDevice initialized.
[2018.03.05-22.26.05:751][550]LogLoad: Game class is '2DSideScrollerGameMode_C'
[2018.03.05-22.26.05:753][550]LogWorld: Bringing World /Game/2DSideScrollerBP/Maps/UEDPIE_0_2DSideScrollerExampleMap.2DSideScrollerExampleMap up for play (max tick rate 0) at 2018.03.05-22.26.05
[2018.03.05-22.26.05:753][550]LogWorld: Bringing up level for play took: 0.001564
[2018.03.05-22.26.05:755][550]PIE: Play in editor start time for /Game/2DSideScrollerBP/Maps/UEDPIE_0_2DSideScrollerExampleMap -0.09
[2018.03.05-22.26.05:756][550]LogBlueprintUserMessages: Late PlayInEditor Detection: Level '/Game/2DSideScrollerBP/Maps/2DSideScrollerExampleMap.2DSideScrollerExampleMap:PersistentLevel' has LevelScriptBlueprint '/Game/2DSideScrollerBP/Maps/2DSideScrollerExampleMap.2DSideScrollerExampleMap:PersistentLevel.2DSideScrollerExampleMap' with GeneratedClass '/Game/2DSideScrollerBP/Maps/2DSideScrollerExampleMap.2DSideScrollerExampleMap_C' with ClassGeneratedBy '/Game/2DSideScrollerBP/Maps/2DSideScrollerExampleMap.2DSideScrollerExampleMap:PersistentLevel.2DSideScrollerExampleMap'
[2018.03.05-22.26.06:174][599]LogBlueprintUserMessages: [2DSideScrollerCharacter_254] 45.661381
[2018.03.05-22.26.06:174][599]LogBlueprintUserMessages: [2DSideScrollerCharacter_254] 49.433861
[2018.03.05-22.26.06:174][599]LogBlueprintUserMessages: [2DSideScrollerCharacter_254] 1
[2018.03.05-22.26.06:849][680]LogBlueprintUserMessages: [2DSideScrollerCharacter_254] 99.663773
[2018.03.05-22.26.06:849][680]LogBlueprintUserMessages: [2DSideScrollerCharacter_254] 39.467484
[2018.03.05-22.26.06:849][680]LogBlueprintUserMessages: [2DSideScrollerCharacter_254] 2
[2018.03.05-22.26.07:641][775]LogBlueprintUserMessages: [2DSideScrollerCharacter_254] 37.32819
[2018.03.05-22.26.07:641][775]LogBlueprintUserMessages: [2DSideScrollerCharacter_254] 35.734665
[2018.03.05-22.26.07:641][775]LogBlueprintUserMessages: [2DSideScrollerCharacter_254] 3
[2018.03.05-22.26.08:383][864]LogBlueprintUserMessages: Early EndPlayMap Detection: Level '/Game/2DSideScrollerBP/Maps/2DSideScrollerExampleMap.2DSideScrollerExampleMap:PersistentLevel' has LevelScriptBlueprint '/Game/2DSideScrollerBP/Maps/2DSideScrollerExampleMap.2DSideScrollerExampleMap:PersistentLevel.2DSideScrollerExampleMap' with GeneratedClass '/Game/2DSideScrollerBP/Maps/2DSideScrollerExampleMap.2DSideScrollerExampleMap_C' with ClassGeneratedBy '/Game/2DSideScrollerBP/Maps/2DSideScrollerExampleMap.2DSideScrollerExampleMap:PersistentLevel.2DSideScrollerExampleMap'
[2018.03.05-22.26.08:422][864]LogBlueprintUserMessages: Late EndPlayMap Detection: Level '/Game/2DSideScrollerBP/Maps/2DSideScrollerExampleMap.2DSideScrollerExampleMap:PersistentLevel' has LevelScriptBlueprint '/Game/2DSideScrollerBP/Maps/2DSideScrollerExampleMap.2DSideScrollerExampleMap:PersistentLevel.2DSideScrollerExampleMap' with GeneratedClass '/Game/2DSideScrollerBP/Maps/2DSideScrollerExampleMap.2DSideScrollerExampleMap_C' with ClassGeneratedBy '/Game/2DSideScrollerBP/Maps/2DSideScrollerExampleMap.2DSideScrollerExampleMap:PersistentLevel.2DSideScrollerExampleMap'
[2018.03.05-22.26.22:061][396]LogTemp: Repeating last play command: Selected Viewport
[2018.03.05-22.26.22:085][396]LogBlueprintUserMessages: Early PlayInEditor Detection: Level '/Game/2DSideScrollerBP/Maps/2DSideScrollerExampleMap.2DSideScrollerExampleMap:PersistentLevel' has LevelScriptBlueprint '/Game/2DSideScrollerBP/Maps/2DSideScrollerExampleMap.2DSideScrollerExampleMap:PersistentLevel.2DSideScrollerExampleMap' with GeneratedClass '/Game/2DSideScrollerBP/Maps/2DSideScrollerExampleMap.2DSideScrollerExampleMap_C' with ClassGeneratedBy '/Game/2DSideScrollerBP/Maps/2DSideScrollerExampleMap.2DSideScrollerExampleMap:PersistentLevel.2DSideScrollerExampleMap'
[2018.03.05-22.26.22:085][396]LogPlayLevel: PlayLevel: No blueprints needed recompiling
[2018.03.05-22.26.22:085][396]PIE: New page: PIE session: 2DSideScrollerExampleMap (5 Mar 2018 22:26:22)
[2018.03.05-22.26.22:085][396]LogPlayLevel: Creating play world package: /Game/2DSideScrollerBP/Maps/UEDPIE_0_2DSideScrollerExampleMap
[2018.03.05-22.26.22:087][396]LogPlayLevel: PIE: StaticDuplicateObject took: (0.001815s)
[2018.03.05-22.26.22:088][396]LogAIModule: Creating AISystem for world 2DSideScrollerExampleMap
[2018.03.05-22.26.22:088][396]LogPlayLevel: PIE: World Init took: (0.000691s)
[2018.03.05-22.26.22:088][396]LogPlayLevel: PIE: Created PIE world by copying editor world from /Game/2DSideScrollerBP/Maps/2DSideScrollerExampleMap.2DSideScrollerExampleMap to /Game/2DSideScrollerBP/Maps/UEDPIE_0_2DSideScrollerExampleMap.2DSideScrollerExampleMap (0.002725s)
[2018.03.05-22.26.22:142][396]LogInit: XAudio2 using 'LG ULTRAWIDE (NVIDIA High Definition Audio)' : 2 channels at 48 kHz using 16 bits per sample (channel mask 0x3)
[2018.03.05-22.26.22:149][396]LogInit: FAudioDevice initialized.
[2018.03.05-22.26.22:181][396]LogLoad: Game class is '2DSideScrollerGameMode_C'
[2018.03.05-22.26.22:183][396]LogWorld: Bringing World /Game/2DSideScrollerBP/Maps/UEDPIE_0_2DSideScrollerExampleMap.2DSideScrollerExampleMap up for play (max tick rate 0) at 2018.03.05-22.26.22
[2018.03.05-22.26.22:184][396]LogWorld: Bringing up level for play took: 0.001600
[2018.03.05-22.26.22:186][396]PIE: Play in editor start time for /Game/2DSideScrollerBP/Maps/UEDPIE_0_2DSideScrollerExampleMap 0.341
[2018.03.05-22.26.22:186][396]LogBlueprintUserMessages: Late PlayInEditor Detection: Level '/Game/2DSideScrollerBP/Maps/2DSideScrollerExampleMap.2DSideScrollerExampleMap:PersistentLevel' has LevelScriptBlueprint '/Game/2DSideScrollerBP/Maps/2DSideScrollerExampleMap.2DSideScrollerExampleMap:PersistentLevel.2DSideScrollerExampleMap' with GeneratedClass '/Game/2DSideScrollerBP/Maps/2DSideScrollerExampleMap.2DSideScrollerExampleMap_C' with ClassGeneratedBy '/Game/2DSideScrollerBP/Maps/2DSideScrollerExampleMap.2DSideScrollerExampleMap:PersistentLevel.2DSideScrollerExampleMap'
[2018.03.05-22.26.22:530][436]LogBlueprintUserMessages: [2DSideScrollerCharacter_254] 37.52507
[2018.03.05-22.26.22:531][436]LogBlueprintUserMessages: [2DSideScrollerCharacter_254] 66.24749
[2018.03.05-22.26.22:531][436]LogBlueprintUserMessages: [2DSideScrollerCharacter_254] 1
[2018.03.05-22.26.23:248][522]LogBlueprintUserMessages: Early EndPlayMap Detection: Level '/Game/2DSideScrollerBP/Maps/2DSideScrollerExampleMap.2DSideScrollerExampleMap:PersistentLevel' has LevelScriptBlueprint '/Game/2DSideScrollerBP/Maps/2DSideScrollerExampleMap.2DSideScrollerExampleMap:PersistentLevel.2DSideScrollerExampleMap' with GeneratedClass '/Game/2DSideScrollerBP/Maps/2DSideScrollerExampleMap.2DSideScrollerExampleMap_C' with ClassGeneratedBy '/Game/2DSideScrollerBP/Maps/2DSideScrollerExampleMap.2DSideScrollerExampleMap:PersistentLevel.2DSideScrollerExampleMap'
[2018.03.05-22.26.23:285][522]LogBlueprintUserMessages: Late EndPlayMap Detection: Level '/Game/2DSideScrollerBP/Maps/2DSideScrollerExampleMap.2DSideScrollerExampleMap:PersistentLevel' has LevelScriptBlueprint '/Game/2DSideScrollerBP/Maps/2DSideScrollerExampleMap.2DSideScrollerExampleMap:PersistentLevel.2DSideScrollerExampleMap' with GeneratedClass '/Game/2DSideScrollerBP/Maps/2DSideScrollerExampleMap.2DSideScrollerExampleMap_C' with ClassGeneratedBy '/Game/2DSideScrollerBP/Maps/2DSideScrollerExampleMap.2DSideScrollerExampleMap:PersistentLevel.2DSideScrollerExampleMap'
[2018.03.05-22.26.57:608][787]BlueprintLog: New page: Compile 2DSideScrollerCharacter
[2018.03.05-22.27.02:055][166]LogTemp: Repeating last play command: Selected Viewport
[2018.03.05-22.27.02:097][166]LogBlueprintUserMessages: Early PlayInEditor Detection: Level '/Game/2DSideScrollerBP/Maps/2DSideScrollerExampleMap.2DSideScrollerExampleMap:PersistentLevel' has LevelScriptBlueprint '/Game/2DSideScrollerBP/Maps/2DSideScrollerExampleMap.2DSideScrollerExampleMap:PersistentLevel.2DSideScrollerExampleMap' with GeneratedClass '/Game/2DSideScrollerBP/Maps/2DSideScrollerExampleMap.2DSideScrollerExampleMap_C' with ClassGeneratedBy '/Game/2DSideScrollerBP/Maps/2DSideScrollerExampleMap.2DSideScrollerExampleMap:PersistentLevel.2DSideScrollerExampleMap'
[2018.03.05-22.27.02:097][166]LogPlayLevel: PlayLevel: No blueprints needed recompiling
[2018.03.05-22.27.02:097][166]PIE: New page: PIE session: 2DSideScrollerExampleMap (5 Mar 2018 22:27:02)
[2018.03.05-22.27.02:097][166]LogPlayLevel: Creating play world package: /Game/2DSideScrollerBP/Maps/UEDPIE_0_2DSideScrollerExampleMap
[2018.03.05-22.27.02:099][166]LogPlayLevel: PIE: StaticDuplicateObject took: (0.001823s)
[2018.03.05-22.27.02:099][166]LogAIModule: Creating AISystem for world 2DSideScrollerExampleMap
[2018.03.05-22.27.02:099][166]LogPlayLevel: PIE: World Init took: (0.000644s)
[2018.03.05-22.27.02:100][166]LogPlayLevel: PIE: Created PIE world by copying editor world from /Game/2DSideScrollerBP/Maps/2DSideScrollerExampleMap.2DSideScrollerExampleMap to /Game/2DSideScrollerBP/Maps/UEDPIE_0_2DSideScrollerExampleMap.2DSideScrollerExampleMap (0.002684s)
[2018.03.05-22.27.02:152][166]LogInit: XAudio2 using 'LG ULTRAWIDE (NVIDIA High Definition Audio)' : 2 channels at 48 kHz using 16 bits per sample (channel mask 0x3)
[2018.03.05-22.27.02:158][166]LogInit: FAudioDevice initialized.
[2018.03.05-22.27.02:190][166]LogLoad: Game class is '2DSideScrollerGameMode_C'
[2018.03.05-22.27.02:191][166]LogWorld: Bringing World /Game/2DSideScrollerBP/Maps/UEDPIE_0_2DSideScrollerExampleMap.2DSideScrollerExampleMap up for play (max tick rate 0) at 2018.03.05-22.27.02
[2018.03.05-22.27.02:192][166]LogWorld: Bringing up level for play took: 0.001314
[2018.03.05-22.27.02:193][166]PIE: Play in editor start time for /Game/2DSideScrollerBP/Maps/UEDPIE_0_2DSideScrollerExampleMap 0.348
[2018.03.05-22.27.02:193][166]LogBlueprintUserMessages: Late PlayInEditor Detection: Level '/Game/2DSideScrollerBP/Maps/2DSideScrollerExampleMap.2DSideScrollerExampleMap:PersistentLevel' has LevelScriptBlueprint '/Game/2DSideScrollerBP/Maps/2DSideScrollerExampleMap.2DSideScrollerExampleMap:PersistentLevel.2DSideScrollerExampleMap' with GeneratedClass '/Game/2DSideScrollerBP/Maps/2DSideScrollerExampleMap.2DSideScrollerExampleMap_C' with ClassGeneratedBy '/Game/2DSideScrollerBP/Maps/2DSideScrollerExampleMap.2DSideScrollerExampleMap:PersistentLevel.2DSideScrollerExampleMap'
[2018.03.05-22.27.02:495][201]LogBlueprintUserMessages: [2DSideScrollerCharacter_254] 35.201935
[2018.03.05-22.27.02:495][201]LogBlueprintUserMessages: [2DSideScrollerCharacter_254] 92.479805
[2018.03.05-22.27.02:496][201]LogBlueprintUserMessages: [2DSideScrollerCharacter_254] 1
[2018.03.05-22.27.03:087][272]LogBlueprintUserMessages: [2DSideScrollerCharacter_254] 82.535522
[2018.03.05-22.27.03:087][272]LogBlueprintUserMessages: [2DSideScrollerCharacter_254] 84.22625
[2018.03.05-22.27.03:087][272]LogBlueprintUserMessages: [2DSideScrollerCharacter_254] 2
[2018.03.05-22.27.03:670][342]LogBlueprintUserMessages: [2DSideScrollerCharacter_254] 71.33316
[2018.03.05-22.27.03:670][342]LogBlueprintUserMessages: [2DSideScrollerCharacter_254] 77.092934
[2018.03.05-22.27.03:671][342]LogBlueprintUserMessages: [2DSideScrollerCharacter_254] 3
[2018.03.05-22.27.04:379][427]LogBlueprintUserMessages: Early EndPlayMap Detection: Level '/Game/2DSideScrollerBP/Maps/2DSideScrollerExampleMap.2DSideScrollerExampleMap:PersistentLevel' has LevelScriptBlueprint '/Game/2DSideScrollerBP/Maps/2DSideScrollerExampleMap.2DSideScrollerExampleMap:PersistentLevel.2DSideScrollerExampleMap' with GeneratedClass '/Game/2DSideScrollerBP/Maps/2DSideScrollerExampleMap.2DSideScrollerExampleMap_C' with ClassGeneratedBy '/Game/2DSideScrollerBP/Maps/2DSideScrollerExampleMap.2DSideScrollerExampleMap:PersistentLevel.2DSideScrollerExampleMap'
[2018.03.05-22.27.04:413][427]LogBlueprintUserMessages: Late EndPlayMap Detection: Level '/Game/2DSideScrollerBP/Maps/2DSideScrollerExampleMap.2DSideScrollerExampleMap:PersistentLevel' has LevelScriptBlueprint '/Game/2DSideScrollerBP/Maps/2DSideScrollerExampleMap.2DSideScrollerExampleMap:PersistentLevel.2DSideScrollerExampleMap' with GeneratedClass '/Game/2DSideScrollerBP/Maps/2DSideScrollerExampleMap.2DSideScrollerExampleMap_C' with ClassGeneratedBy '/Game/2DSideScrollerBP/Maps/2DSideScrollerExampleMap.2DSideScrollerExampleMap:PersistentLevel.2DSideScrollerExampleMap'
[2018.03.05-22.27.08:258][808]LogTemp: Repeating last play command: Selected Viewport
[2018.03.05-22.27.08:282][808]LogBlueprintUserMessages: Early PlayInEditor Detection: Level '/Game/2DSideScrollerBP/Maps/2DSideScrollerExampleMap.2DSideScrollerExampleMap:PersistentLevel' has LevelScriptBlueprint '/Game/2DSideScrollerBP/Maps/2DSideScrollerExampleMap.2DSideScrollerExampleMap:PersistentLevel.2DSideScrollerExampleMap' with GeneratedClass '/Game/2DSideScrollerBP/Maps/2DSideScrollerExampleMap.2DSideScrollerExampleMap_C' with ClassGeneratedBy '/Game/2DSideScrollerBP/Maps/2DSideScrollerExampleMap.2DSideScrollerExampleMap:PersistentLevel.2DSideScrollerExampleMap'
[2018.03.05-22.27.08:282][808]LogPlayLevel: PlayLevel: No blueprints needed recompiling
[2018.03.05-22.27.08:282][808]PIE: New page: PIE session: 2DSideScrollerExampleMap (5 Mar 2018 22:27:08)
[2018.03.05-22.27.08:282][808]LogPlayLevel: Creating play world package: /Game/2DSideScrollerBP/Maps/UEDPIE_0_2DSideScrollerExampleMap
[2018.03.05-22.27.08:284][808]LogPlayLevel: PIE: StaticDuplicateObject took: (0.001898s)
[2018.03.05-22.27.08:285][808]LogAIModule: Creating AISystem for world 2DSideScrollerExampleMap
[2018.03.05-22.27.08:285][808]LogPlayLevel: PIE: World Init took: (0.000928s)
[2018.03.05-22.27.08:285][808]LogPlayLevel: PIE: Created PIE world by copying editor world from /Game/2DSideScrollerBP/Maps/2DSideScrollerExampleMap.2DSideScrollerExampleMap to /Game/2DSideScrollerBP/Maps/UEDPIE_0_2DSideScrollerExampleMap.2DSideScrollerExampleMap (0.003087s)
[2018.03.05-22.27.08:338][808]LogInit: XAudio2 using 'LG ULTRAWIDE (NVIDIA High Definition Audio)' : 2 channels at 48 kHz using 16 bits per sample (channel mask 0x3)
[2018.03.05-22.27.08:345][808]LogInit: FAudioDevice initialized.
[2018.03.05-22.27.08:379][808]LogLoad: Game class is '2DSideScrollerGameMode_C'
[2018.03.05-22.27.08:381][808]LogWorld: Bringing World /Game/2DSideScrollerBP/Maps/UEDPIE_0_2DSideScrollerExampleMap.2DSideScrollerExampleMap up for play (max tick rate 0) at 2018.03.05-22.27.08
[2018.03.05-22.27.08:382][808]LogWorld: Bringing up level for play took: 0.001547
[2018.03.05-22.27.08:384][808]PIE: Play in editor start time for /Game/2DSideScrollerBP/Maps/UEDPIE_0_2DSideScrollerExampleMap 0.539
[2018.03.05-22.27.08:384][808]LogBlueprintUserMessages: Late PlayInEditor Detection: Level '/Game/2DSideScrollerBP/Maps/2DSideScrollerExampleMap.2DSideScrollerExampleMap:PersistentLevel' has LevelScriptBlueprint '/Game/2DSideScrollerBP/Maps/2DSideScrollerExampleMap.2DSideScrollerExampleMap:PersistentLevel.2DSideScrollerExampleMap' with GeneratedClass '/Game/2DSideScrollerBP/Maps/2DSideScrollerExampleMap.2DSideScrollerExampleMap_C' with ClassGeneratedBy '/Game/2DSideScrollerBP/Maps/2DSideScrollerExampleMap.2DSideScrollerExampleMap:PersistentLevel.2DSideScrollerExampleMap'
[2018.03.05-22.27.09:346][922]LogBlueprintUserMessages: [2DSideScrollerCharacter_254] 86.9664
[2018.03.05-22.27.09:346][922]LogBlueprintUserMessages: [2DSideScrollerCharacter_254] 85.30336
[2018.03.05-22.27.09:346][922]LogBlueprintUserMessages: [2DSideScrollerCharacter_254] 1
[2018.03.05-22.27.10:162][ 20]LogBlueprintUserMessages: [2DSideScrollerCharacter_254] 47.999687
[2018.03.05-22.27.10:162][ 20]LogBlueprintUserMessages: [2DSideScrollerCharacter_254] 80.503387
[2018.03.05-22.27.10:162][ 20]LogBlueprintUserMessages: [2DSideScrollerCharacter_254] 2
[2018.03.05-22.27.11:828][220]LogBlueprintUserMessages: [2DSideScrollerCharacter_254] 85.333755
[2018.03.05-22.27.11:828][220]LogBlueprintUserMessages: [2DSideScrollerCharacter_254] 71.970016
[2018.03.05-22.27.11:828][220]LogBlueprintUserMessages: [2DSideScrollerCharacter_254] 3
[2018.03.05-22.27.12:637][317]LogBlueprintUserMessages: [2DSideScrollerCharacter_254] 49.999687
[2018.03.05-22.27.12:637][317]LogBlueprintUserMessages: [2DSideScrollerCharacter_254] 66.970047
[2018.03.05-22.27.12:637][317]LogBlueprintUserMessages: [2DSideScrollerCharacter_254] 4
[2018.03.05-22.27.13:937][473]LogBlueprintUserMessages: [2DSideScrollerCharacter_254] 54.000793
[2018.03.05-22.27.13:937][473]LogBlueprintUserMessages: [2DSideScrollerCharacter_254] 61.569969
[2018.03.05-22.27.13:937][473]LogBlueprintUserMessages: [2DSideScrollerCharacter_254] 5
[2018.03.05-22.27.14:612][554]LogBlueprintUserMessages: [2DSideScrollerCharacter_254] 91.999962
[2018.03.05-22.27.14:612][554]LogBlueprintUserMessages: [2DSideScrollerCharacter_254] 52.369972
[2018.03.05-22.27.14:612][554]LogBlueprintUserMessages: [2DSideScrollerCharacter_254] 6
[2018.03.05-22.27.16:887][827]LogBlueprintUserMessages: [2DSideScrollerCharacter_254] 90.00518
[2018.03.05-22.27.16:887][827]LogBlueprintUserMessages: [2DSideScrollerCharacter_254] 43.369453
[2018.03.05-22.27.16:887][827]LogBlueprintUserMessages: [2DSideScrollerCharacter_254] 7
[2018.03.05-22.27.18:296][996]LogBlueprintUserMessages: [2DSideScrollerCharacter_254] 2.666677
[2018.03.05-22.27.18:296][996]LogBlueprintUserMessages: [2DSideScrollerCharacter_254] 43.102787
[2018.03.05-22.27.18:296][996]LogBlueprintUserMessages: [2DSideScrollerCharacter_254] 8
[2018.03.05-22.27.19:379][126]LogBlueprintUserMessages: [2DSideScrollerCharacter_254] 89.335526
[2018.03.05-22.27.19:379][126]LogBlueprintUserMessages: [2DSideScrollerCharacter_254] 34.169235
[2018.03.05-22.27.19:379][126]LogBlueprintUserMessages: [2DSideScrollerCharacter_254] 9
[2018.03.05-22.27.19:903][189]LogBlueprintUserMessages: [2DSideScrollerCharacter_254] 68.66629
[2018.03.05-22.27.19:904][189]LogBlueprintUserMessages: [2DSideScrollerCharacter_254] 27.302607
[2018.03.05-22.27.19:904][189]LogBlueprintUserMessages: [2DSideScrollerCharacter_254] 10
[2018.03.05-22.27.20:404][249]LogBlueprintUserMessages: [2DSideScrollerCharacter_254] 28.666105
[2018.03.05-22.27.20:404][249]LogBlueprintUserMessages: [2DSideScrollerCharacter_254] 24.435997
[2018.03.05-22.27.20:404][249]LogBlueprintUserMessages: [2DSideScrollerCharacter_254] 11
[2018.03.05-22.27.21:962][436]LogBlueprintUserMessages: [2DSideScrollerCharacter_254] 96.001991
[2018.03.05-22.27.21:962][436]LogBlueprintUserMessages: [2DSideScrollerCharacter_254] 14.835798
[2018.03.05-22.27.21:962][436]LogBlueprintUserMessages: [2DSideScrollerCharacter_254] 12
[2018.03.05-22.27.22:762][532]LogBlueprintUserMessages: [2DSideScrollerCharacter_254] 39.999592
[2018.03.05-22.27.22:762][532]LogBlueprintUserMessages: [2DSideScrollerCharacter_254] 10.835839
[2018.03.05-22.27.22:762][532]LogBlueprintUserMessages: [2DSideScrollerCharacter_254] 13
[2018.03.05-22.27.23:295][596]LogBlueprintUserMessages: [2DSideScrollerCharacter_254] 2.666677
[2018.03.05-22.27.23:296][596]LogBlueprintUserMessages: [2DSideScrollerCharacter_254] 10.569172
[2018.03.05-22.27.23:296][596]LogBlueprintUserMessages: [2DSideScrollerCharacter_254] 14
[2018.03.05-22.27.23:987][679]LogBlueprintUserMessages: [2DSideScrollerCharacter_254] 58.000683
[2018.03.05-22.27.23:987][679]LogBlueprintUserMessages: [2DSideScrollerCharacter_254] 4.769104
[2018.03.05-22.27.23:987][679]LogBlueprintUserMessages: [2DSideScrollerCharacter_254] 15
[2018.03.05-22.27.24:537][745]LogBlueprintUserMessages: [2DSideScrollerCharacter_254] 97.999985
[2018.03.05-22.27.24:537][745]LogBlueprintUserMessages: [2DSideScrollerCharacter_254] -5.030895
[2018.03.05-22.27.25:020][803]LogBlueprintUserMessages: [2DSideScrollerCharacter_254] 59.332855
[2018.03.05-22.27.25:020][803]LogBlueprintUserMessages: [2DSideScrollerCharacter_254] -10.96418
[2018.03.05-22.27.25:453][855]LogBlueprintUserMessages: [2DSideScrollerCharacter_254] 24.665218
[2018.03.05-22.27.25:454][855]LogBlueprintUserMessages: [2DSideScrollerCharacter_254] -13.430702
[2018.03.05-22.27.25:846][902]LogBlueprintUserMessages: Early EndPlayMap Detection: Level '/Game/2DSideScrollerBP/Maps/2DSideScrollerExampleMap.2DSideScrollerExampleMap:PersistentLevel' has LevelScriptBlueprint '/Game/2DSideScrollerBP/Maps/2DSideScrollerExampleMap.2DSideScrollerExampleMap:PersistentLevel.2DSideScrollerExampleMap' with GeneratedClass '/Game/2DSideScrollerBP/Maps/2DSideScrollerExampleMap.2DSideScrollerExampleMap_C' with ClassGeneratedBy '/Game/2DSideScrollerBP/Maps/2DSideScrollerExampleMap.2DSideScrollerExampleMap:PersistentLevel.2DSideScrollerExampleMap'
[2018.03.05-22.27.25:885][902]LogBlueprintUserMessages: Late EndPlayMap Detection: Level '/Game/2DSideScrollerBP/Maps/2DSideScrollerExampleMap.2DSideScrollerExampleMap:PersistentLevel' has LevelScriptBlueprint '/Game/2DSideScrollerBP/Maps/2DSideScrollerExampleMap.2DSideScrollerExampleMap:PersistentLevel.2DSideScrollerExampleMap' with GeneratedClass '/Game/2DSideScrollerBP/Maps/2DSideScrollerExampleMap.2DSideScrollerExampleMap_C' with ClassGeneratedBy '/Game/2DSideScrollerBP/Maps/2DSideScrollerExampleMap.2DSideScrollerExampleMap:PersistentLevel.2DSideScrollerExampleMap'
[2018.03.05-22.28.14:347][ 54]LogSavePackage: Save=36.41ms
[2018.03.05-22.28.14:347][ 54]LogSavePackage: Moving '../../../../../../Users/GeorgeWJ/Documents/GitHub/mgp-mgp-group-7/Programming/powerbar2D/Saved/2DSideScrollerExampleMap174951484F0F99474D5A368FB78798AD.tmp' to '../../../../../../Users/GeorgeWJ/Documents/GitHub/mgp-mgp-group-7/Programming/powerbar2D/Content/2DSideScrollerBP/Maps/2DSideScrollerExampleMap.umap'
[2018.03.05-22.28.14:350][ 54]LogSavePackage: Display: Finished SavePackage ../../../../../../Users/GeorgeWJ/Documents/GitHub/mgp-mgp-group-7/Programming/powerbar2D/Content/2DSideScrollerBP/Maps/2DSideScrollerExampleMap.umap
[2018.03.05-22.28.14:423][ 54]LogSavePackage: Save=5.15ms
[2018.03.05-22.28.14:423][ 54]LogSavePackage: Moving '../../../../../../Users/GeorgeWJ/Documents/GitHub/mgp-mgp-group-7/Programming/powerbar2D/Saved/2DSideScrollerExampleMap_BuiltDataEBF6E5BE4B8C5A4691880F99872F22B8.tmp' to '../../../../../../Users/GeorgeWJ/Documents/GitHub/mgp-mgp-group-7/Programming/powerbar2D/Content/2DSideScrollerBP/Maps/2DSideScrollerExampleMap_BuiltData.uasset'
[2018.03.05-22.28.14:425][ 54]LogSavePackage: Display: Finished SavePackage ../../../../../../Users/GeorgeWJ/Documents/GitHub/mgp-mgp-group-7/Programming/powerbar2D/Content/2DSideScrollerBP/Maps/2DSideScrollerExampleMap_BuiltData.uasset
[2018.03.05-22.38.14:832][ 27]LogSlate: Took 0.000276 seconds to synchronously load lazily loaded font '../../../Engine/Content/Slate/Fonts/Roboto-Light.ttf' (159K)
[2018.03.05-22.38.14:901][ 27]LogFileHelpers: Editor autosave (incl. sublevels) for '/Game/2DSideScrollerBP/Maps/2DSideScrollerExampleMap' took 0.045
[2018.03.05-22.38.14:903][ 27]OBJ SavePackage: Generating thumbnails for [0] asset(s) in package [/Game/2DSideScrollerBP/Blueprints/2DSideScrollerCharacter] ([1] browsable assets)...
[2018.03.05-22.38.14:903][ 27]OBJ SavePackage: Finished generating thumbnails for package [/Game/2DSideScrollerBP/Blueprints/2DSideScrollerCharacter]
[2018.03.05-22.38.15:051][ 27]LogSavePackage: Save=132.85ms
[2018.03.05-22.38.15:051][ 27]LogSavePackage: Moving '../../../../../../Users/GeorgeWJ/Documents/GitHub/mgp-mgp-group-7/Programming/powerbar2D/Saved/2DSideScrollerCharacter_Auto17D9301CD438B81EC565026B631D82576.tmp' to '../../../../../../Users/GeorgeWJ/Documents/GitHub/mgp-mgp-group-7/Programming/powerbar2D/Saved/Autosaves/Game/2DSideScrollerBP/Blueprints/2DSideScrollerCharacter_Auto1.uasset'
[2018.03.05-22.38.15:054][ 27]LogSavePackage: Display: Finished SavePackage ../../../../../../Users/GeorgeWJ/Documents/GitHub/mgp-mgp-group-7/Programming/powerbar2D/Saved/Autosaves/Game/2DSideScrollerBP/Blueprints/2DSideScrollerCharacter_Auto1.uasset
[2018.03.05-22.38.15:055][ 27]LogFileHelpers: Auto-saving content packages took 0.153
[2018.03.05-22.39.42:547][772]LogFactory: FactoryCreateFile: SoundWave with ReimportSoundFactory (0 0 E:\Hacking Sound Effects\Heavy attack.wav)
[2018.03.05-22.39.42:552][772]LogAudioDerivedData: Display: Building compressed audio format OGG wave Heavy_attack...
[2018.03.05-22.39.42:565][772]LogAudioDerivedData: Updated SoundWave->RawPCMDataSize during cooking SoundWave /Game/2DSideScrollerBP/Blueprints/Heavy_attack.Heavy_attack.
[2018.03.05-22.39.42:576][772]LogFactory: FactoryCreateFile: SoundWave with ReimportSoundFactory (0 0 E:\Hacking Sound Effects\Medium attack.wav)
[2018.03.05-22.39.42:579][772]LogAudioDerivedData: Display: Building compressed audio format OGG wave Medium_attack...
[2018.03.05-22.39.42:596][772]LogAudioDerivedData: Updated SoundWave->RawPCMDataSize during cooking SoundWave /Game/2DSideScrollerBP/Blueprints/Medium_attack.Medium_attack.
[2018.03.05-22.39.42:634][772]LogFactory: FactoryCreateFile: SoundWave with ReimportSoundFactory (0 0 E:\Hacking Sound Effects\Small attack.wav)
[2018.03.05-22.39.42:643][772]LogAudioDerivedData: Display: Building compressed audio format OGG wave Small_attack...
[2018.03.05-22.39.42:744][772]LogAudioDerivedData: Updated SoundWave->RawPCMDataSize during cooking SoundWave /Game/2DSideScrollerBP/Blueprints/Small_attack.Small_attack.
[2018.03.05-22.40.48:851][418]LogSlate: Took 0.004458 seconds to synchronously load lazily loaded font '../../../Engine/Content/Editor/Slate/Fonts/Roboto-BoldCondensedItalic.ttf' (160K)
[2018.03.05-22.41.46:820][616]BlueprintLog: New page: Compile 2DSideScrollerCharacter
[2018.03.05-22.41.55:016][166]LogSavePackage: Save=135.38ms
[2018.03.05-22.41.55:016][166]LogSavePackage: Moving '../../../../../../Users/GeorgeWJ/Documents/GitHub/mgp-mgp-group-7/Programming/powerbar2D/Saved/2DSideScrollerCharacterF8C62E634BFF230C33FD4DA51E9FDB4F.tmp' to '../../../../../../Users/GeorgeWJ/Documents/GitHub/mgp-mgp-group-7/Programming/powerbar2D/Content/2DSideScrollerBP/Blueprints/2DSideScrollerCharacter.uasset'
[2018.03.05-22.41.55:020][166]LogSavePackage: Display: Finished SavePackage ../../../../../../Users/GeorgeWJ/Documents/GitHub/mgp-mgp-group-7/Programming/powerbar2D/Content/2DSideScrollerBP/Blueprints/2DSideScrollerCharacter.uasset
[2018.03.05-23.56.30:282][401]LogHttp: Warning: 00000208A385E500: request failed, libcurl error: 6 (Couldn't resolve host name)
[2018.03.05-23.56.30:282][401]LogHttp: Warning: 00000208A385E500: libcurl info message cache 0 (Connection 11 seems to be dead!)
[2018.03.05-23.56.30:282][401]LogHttp: Warning: 00000208A385E500: libcurl info message cache 1 (Closing connection 11)
[2018.03.05-23.56.30:282][401]LogHttp: Warning: 00000208A385E500: libcurl info message cache 2 (Could not resolve host: datarouter.ol.epicgames.com)
[2018.03.05-23.56.30:282][401]LogHttp: Warning: 00000208A385E500: libcurl info message cache 3 (Closing connection 12)
[2018.03.05-23.56.40:402][430]LogSavePackage: Save=36.08ms
[2018.03.05-23.56.40:402][430]LogSavePackage: Moving '../../../../../../Users/GeorgeWJ/Documents/GitHub/mgp-mgp-group-7/Programming/powerbar2D/Saved/2DSideScrollerExampleMap_Auto2BF4F400A4E834E96E53BD8923EAD97C5.tmp' to '../../../../../../Users/GeorgeWJ/Documents/GitHub/mgp-mgp-group-7/Programming/powerbar2D/Saved/Autosaves/Game/2DSideScrollerBP/Maps/2DSideScrollerExampleMap_Auto2.umap'
[2018.03.05-23.56.40:404][430]LogSavePackage: Display: Finished SavePackage ../../../../../../Users/GeorgeWJ/Documents/GitHub/mgp-mgp-group-7/Programming/powerbar2D/Saved/Autosaves/Game/2DSideScrollerBP/Maps/2DSideScrollerExampleMap_Auto2.umap
[2018.03.05-23.56.40:410][430]LogFileHelpers: Editor autosave (incl. sublevels) for '/Game/2DSideScrollerBP/Maps/2DSideScrollerExampleMap' took 0.109
[2018.03.05-23.56.40:410][430]LogFileHelpers: Editor autosave (incl. sublevels) for all levels took 0.109
[2018.03.05-23.56.40:411][430]OBJ SavePackage: Generating thumbnails for [1] asset(s) in package [/Game/2DSideScrollerBP/Blueprints/Heavy_attack] ([1] browsable assets)...
[2018.03.05-23.56.40:416][430]OBJ SavePackage:     Rendered thumbnail for [SoundWave /Game/2DSideScrollerBP/Blueprints/Heavy_attack.Heavy_attack]
[2018.03.05-23.56.40:416][430]OBJ SavePackage: Finished generating thumbnails for package [/Game/2DSideScrollerBP/Blueprints/Heavy_attack]
[2018.03.05-23.56.40:427][430]LogSavePackage: Save=8.60ms
[2018.03.05-23.56.40:427][430]LogSavePackage: Moving '../../../../../../Users/GeorgeWJ/Documents/GitHub/mgp-mgp-group-7/Programming/powerbar2D/Saved/Heavy_attack_Auto2E8F591F54F0C8F4E17ECB0AD2A17B158.tmp' to '../../../../../../Users/GeorgeWJ/Documents/GitHub/mgp-mgp-group-7/Programming/powerbar2D/Saved/Autosaves/Game/2DSideScrollerBP/Blueprints/Heavy_attack_Auto2.uasset'
[2018.03.05-23.56.40:429][430]LogSavePackage: Display: Finished SavePackage ../../../../../../Users/GeorgeWJ/Documents/GitHub/mgp-mgp-group-7/Programming/powerbar2D/Saved/Autosaves/Game/2DSideScrollerBP/Blueprints/Heavy_attack_Auto2.uasset
[2018.03.05-23.56.40:429][430]OBJ SavePackage: Generating thumbnails for [1] asset(s) in package [/Game/2DSideScrollerBP/Blueprints/Medium_attack] ([1] browsable assets)...
[2018.03.05-23.56.40:433][430]OBJ SavePackage:     Rendered thumbnail for [SoundWave /Game/2DSideScrollerBP/Blueprints/Medium_attack.Medium_attack]
[2018.03.05-23.56.40:433][430]OBJ SavePackage: Finished generating thumbnails for package [/Game/2DSideScrollerBP/Blueprints/Medium_attack]
[2018.03.05-23.56.40:443][430]LogSavePackage: Save=7.61ms
[2018.03.05-23.56.40:443][430]LogSavePackage: Moving '../../../../../../Users/GeorgeWJ/Documents/GitHub/mgp-mgp-group-7/Programming/powerbar2D/Saved/Medium_attack_Auto271B5C0A548ACBA2FF43AEEA332A8EAC1.tmp' to '../../../../../../Users/GeorgeWJ/Documents/GitHub/mgp-mgp-group-7/Programming/powerbar2D/Saved/Autosaves/Game/2DSideScrollerBP/Blueprints/Medium_attack_Auto2.uasset'
[2018.03.05-23.56.40:445][430]LogSavePackage: Display: Finished SavePackage ../../../../../../Users/GeorgeWJ/Documents/GitHub/mgp-mgp-group-7/Programming/powerbar2D/Saved/Autosaves/Game/2DSideScrollerBP/Blueprints/Medium_attack_Auto2.uasset
[2018.03.05-23.56.40:446][430]OBJ SavePackage: Generating thumbnails for [1] asset(s) in package [/Game/2DSideScrollerBP/Blueprints/Small_attack] ([1] browsable assets)...
[2018.03.05-23.56.40:453][430]OBJ SavePackage:     Rendered thumbnail for [SoundWave /Game/2DSideScrollerBP/Blueprints/Small_attack.Small_attack]
[2018.03.05-23.56.40:453][430]OBJ SavePackage: Finished generating thumbnails for package [/Game/2DSideScrollerBP/Blueprints/Small_attack]
[2018.03.05-23.56.40:462][430]LogSavePackage: Save=7.58ms
[2018.03.05-23.56.40:462][430]LogSavePackage: Moving '../../../../../../Users/GeorgeWJ/Documents/GitHub/mgp-mgp-group-7/Programming/powerbar2D/Saved/Small_attack_Auto224728FEB40E153CF297F339329EFD181.tmp' to '../../../../../../Users/GeorgeWJ/Documents/GitHub/mgp-mgp-group-7/Programming/powerbar2D/Saved/Autosaves/Game/2DSideScrollerBP/Blueprints/Small_attack_Auto2.uasset'
[2018.03.05-23.56.40:464][430]LogSavePackage: Display: Finished SavePackage ../../../../../../Users/GeorgeWJ/Documents/GitHub/mgp-mgp-group-7/Programming/powerbar2D/Saved/Autosaves/Game/2DSideScrollerBP/Blueprints/Small_attack_Auto2.uasset
[2018.03.05-23.56.40:465][430]LogFileHelpers: Auto-saving content packages took 0.054
[2018.03.06-00.01.08:047][281]LogSynthBenchmark: Display: FSynthBenchmark (V0.95):  requested WorkScale=1.00
[2018.03.06-00.01.08:047][281]LogSynthBenchmark: Display: ===============
[2018.03.06-00.01.08:047][281]LogSynthBenchmark: Display: Main Processor:
[2018.03.06-00.01.08:083][281]LogSynthBenchmark: Display:          ... 0.020621 s/Run 'RayIntersect'
[2018.03.06-00.01.08:083][281]LogSynthBenchmark: Display:          ... 0.015031 s/Run 'Fractal'
[2018.03.06-00.01.08:083][281]LogSynthBenchmark: Display: 
[2018.03.06-00.01.08:083][281]LogSynthBenchmark: Display:   CompiledTarget_x_Bits: 64
[2018.03.06-00.01.08:083][281]LogSynthBenchmark: Display:   UE_BUILD_SHIPPING: 0
[2018.03.06-00.01.08:083][281]LogSynthBenchmark: Display:   UE_BUILD_TEST: 0
[2018.03.06-00.01.08:083][281]LogSynthBenchmark: Display:   UE_BUILD_DEBUG: 0
[2018.03.06-00.01.08:083][281]LogSynthBenchmark: Display:   TotalPhysicalGBRam: 32
[2018.03.06-00.01.08:083][281]LogSynthBenchmark: Display:   NumberOfCores (physical): 8
[2018.03.06-00.01.08:083][281]LogSynthBenchmark: Display:   NumberOfCores (logical): 16
[2018.03.06-00.01.08:083][281]LogSynthBenchmark: Display:   CPU Perf Index 0: 124.2 (weight 1.00)
[2018.03.06-00.01.08:083][281]LogSynthBenchmark: Display:   CPU Perf Index 1: 190.3 (weight 1.50)
[2018.03.06-00.01.08:083][281]LogSynthBenchmark: Display:  
[2018.03.06-00.01.08:083][281]LogSynthBenchmark: Display: Graphics:
[2018.03.06-00.01.08:083][281]LogSynthBenchmark: Display:   Adapter Name: 'NVIDIA GeForce GTX 1080 Ti'
[2018.03.06-00.01.08:083][281]LogSynthBenchmark: Display:   (On Optimus the name might be wrong, memory should be ok)
[2018.03.06-00.01.08:083][281]LogSynthBenchmark: Display:   Vendor Id: 0x10DE
[2018.03.06-00.01.08:083][281]LogSynthBenchmark: Display:   Device Id: 0x1B06
[2018.03.06-00.01.08:083][281]LogSynthBenchmark: Display:   Device Revision: 0xA1
[2018.03.06-00.01.08:083][281]LogSynthBenchmark: Display:   GPU Memory: 11127/0/16358 MB
[2018.03.06-00.01.09:066][281]LogSynthBenchmark: Display:   GPU first test: 0.01s
[2018.03.06-00.01.09:066][281]LogSynthBenchmark: Display:          ... 1.307 s/GigaPix, Confidence=89% 'ALUHeavyNoise' (likely to be very inaccurate)
[2018.03.06-00.01.09:066][281]LogSynthBenchmark: Display:          ... 2.292 s/GigaPix, Confidence=89% 'TexHeavy' (likely to be very inaccurate)
[2018.03.06-00.01.09:066][281]LogSynthBenchmark: Display:          ... 0.858 s/GigaPix, Confidence=51% 'DepTexHeavy' (likely to be very inaccurate)
[2018.03.06-00.01.09:066][281]LogSynthBenchmark: Display:          ... 2.678 s/GigaPix, Confidence=70% 'FillOnly' (likely to be very inaccurate)
[2018.03.06-00.01.09:066][281]LogSynthBenchmark: Display:          ... 0.365 s/GigaPix, Confidence=89% 'Bandwidth' (likely to be very inaccurate)
[2018.03.06-00.01.09:066][281]LogSynthBenchmark: Display:          ... 0.867 s/GigaVert, Confidence=60% 'VertThroughPut1' (likely to be very inaccurate)
[2018.03.06-00.01.09:066][281]LogSynthBenchmark: Display:          ... 10.341 s/GigaVert, Confidence=81% 'VertThroughPut2' (likely to be very inaccurate)
[2018.03.06-00.01.09:191][281]LogSynthBenchmark: Display:   GPU second test: 0.08s
[2018.03.06-00.01.09:191][281]LogSynthBenchmark: Display:          ... 4.196 s/GigaPix, Confidence=89% 'ALUHeavyNoise' (likely to be inaccurate)
[2018.03.06-00.01.09:191][281]LogSynthBenchmark: Display:          ... 3.833 s/GigaPix, Confidence=81% 'TexHeavy' (likely to be inaccurate)
[2018.03.06-00.01.09:191][281]LogSynthBenchmark: Display:          ... 3.219 s/GigaPix, Confidence=89% 'DepTexHeavy' (likely to be inaccurate)
[2018.03.06-00.01.09:191][281]LogSynthBenchmark: Display:          ... 17.785 s/GigaPix, Confidence=81% 'FillOnly' (likely to be inaccurate)
[2018.03.06-00.01.09:191][281]LogSynthBenchmark: Display:          ... 0.487 s/GigaPix, Confidence=89% 'Bandwidth' (likely to be inaccurate)
[2018.03.06-00.01.09:191][281]LogSynthBenchmark: Display:          ... 0.430 s/GigaVert, Confidence=89% 'VertThroughPut1' (likely to be inaccurate)
[2018.03.06-00.01.09:191][281]LogSynthBenchmark: Display:          ... 2.358 s/GigaVert, Confidence=100% 'VertThroughPut2' (likely to be inaccurate)
[2018.03.06-00.01.09:500][281]LogSynthBenchmark: Display:   GPU third test: 0.27s
[2018.03.06-00.01.09:500][281]LogSynthBenchmark: Display:          ... 23.988 s/GigaPix, Confidence=40% 'ALUHeavyNoise'
[2018.03.06-00.01.09:500][281]LogSynthBenchmark: Display:          ... 20.209 s/GigaPix, Confidence=51% 'TexHeavy'
[2018.03.06-00.01.09:500][281]LogSynthBenchmark: Display:          ... 17.716 s/GigaPix, Confidence=51% 'DepTexHeavy'
[2018.03.06-00.01.09:500][281]LogSynthBenchmark: Display:          ... 94.295 s/GigaPix, Confidence=51% 'FillOnly'
[2018.03.06-00.01.09:500][281]LogSynthBenchmark: Display:          ... 1.749 s/GigaPix, Confidence=51% 'Bandwidth'
[2018.03.06-00.01.09:500][281]LogSynthBenchmark: Display:          ... 10.333 s/GigaVert, Confidence=40% 'VertThroughPut1'
[2018.03.06-00.01.09:500][281]LogSynthBenchmark: Display:          ... 4.506 s/GigaVert, Confidence=89% 'VertThroughPut2'
[2018.03.06-00.01.09:500][281]LogSynthBenchmark: Display:   GPU Final Results:
[2018.03.06-00.01.09:500][281]LogSynthBenchmark: Display:          ... 23.988 s/GigaPix, Confidence=40% 'ALUHeavyNoise'
[2018.03.06-00.01.09:500][281]LogSynthBenchmark: Display:          ... 20.209 s/GigaPix, Confidence=51% 'TexHeavy'
[2018.03.06-00.01.09:500][281]LogSynthBenchmark: Display:          ... 17.716 s/GigaPix, Confidence=51% 'DepTexHeavy'
[2018.03.06-00.01.09:500][281]LogSynthBenchmark: Display:          ... 94.295 s/GigaPix, Confidence=51% 'FillOnly'
[2018.03.06-00.01.09:500][281]LogSynthBenchmark: Display:          ... 1.749 s/GigaPix, Confidence=51% 'Bandwidth'
[2018.03.06-00.01.09:500][281]LogSynthBenchmark: Display:          ... 10.333 s/GigaVert, Confidence=40% 'VertThroughPut1'
[2018.03.06-00.01.09:500][281]LogSynthBenchmark: Display:          ... 4.506 s/GigaVert, Confidence=89% 'VertThroughPut2'
[2018.03.06-00.01.09:500][281]LogSynthBenchmark: Display: 
[2018.03.06-00.01.09:500][281]LogSynthBenchmark: Display:   GPU Perf Index 0: 521.4 (weight 1.00)
[2018.03.06-00.01.09:500][281]LogSynthBenchmark: Display:   GPU Perf Index 1: 271.4 (weight 0.10)
[2018.03.06-00.01.09:500][281]LogSynthBenchmark: Display:   GPU Perf Index 2: 460.5 (weight 0.10)
[2018.03.06-00.01.09:500][281]LogSynthBenchmark: Display:   GPU Perf Index 3: 370.3 (weight 3.00)
[2018.03.06-00.01.09:500][281]LogSynthBenchmark: Display:   GPU Perf Index 4: 163.2 (weight 1.00)
[2018.03.06-00.01.09:500][281]LogSynthBenchmark: Display:   GPU Perf Index 5: 672.3 (weight 0.00)
[2018.03.06-00.01.09:500][281]LogSynthBenchmark: Display:   GPU Perf Index 6: 255.0 (weight 0.00)
[2018.03.06-00.01.09:500][281]LogSynthBenchmark: Display:   CPUIndex: 163.8
[2018.03.06-00.01.09:500][281]LogSynthBenchmark: Display:   GPUIndex: 359.4
[2018.03.06-00.01.09:500][281]LogSynthBenchmark: Display: 
[2018.03.06-00.01.09:500][281]LogSynthBenchmark: Display:          ... Total Time: 1.453244 sec
[2018.03.06-00.01.23:233][297]BlueprintLog: New page: Compile 2DSideScrollerCharacter
[2018.03.06-00.01.32:069][344]LogSavePackage: Save=34.31ms
[2018.03.06-00.01.32:069][344]LogSavePackage: Moving '../../../../../../Users/GeorgeWJ/Documents/GitHub/mgp-mgp-group-7/Programming/powerbar2D/Saved/2DSideScrollerExampleMap275CF1C14CD2B66C7FB453BDDEEED7C5.tmp' to '../../../../../../Users/GeorgeWJ/Documents/GitHub/mgp-mgp-group-7/Programming/powerbar2D/Content/2DSideScrollerBP/Maps/2DSideScrollerExampleMap.umap'
[2018.03.06-00.01.32:078][344]LogSavePackage: Display: Finished SavePackage ../../../../../../Users/GeorgeWJ/Documents/GitHub/mgp-mgp-group-7/Programming/powerbar2D/Content/2DSideScrollerBP/Maps/2DSideScrollerExampleMap.umap
[2018.03.06-00.01.32:144][344]LogSavePackage: Save=4.53ms
[2018.03.06-00.01.32:144][344]LogSavePackage: Moving '../../../../../../Users/GeorgeWJ/Documents/GitHub/mgp-mgp-group-7/Programming/powerbar2D/Saved/2DSideScrollerExampleMap_BuiltData28210767447F449E723BE38681492770.tmp' to '../../../../../../Users/GeorgeWJ/Documents/GitHub/mgp-mgp-group-7/Programming/powerbar2D/Content/2DSideScrollerBP/Maps/2DSideScrollerExampleMap_BuiltData.uasset'
[2018.03.06-00.01.32:146][344]LogSavePackage: Display: Finished SavePackage ../../../../../../Users/GeorgeWJ/Documents/GitHub/mgp-mgp-group-7/Programming/powerbar2D/Content/2DSideScrollerBP/Maps/2DSideScrollerExampleMap_BuiltData.uasset
[2018.03.06-00.04.12:265][431]BlueprintLog: New page: Compile 2DSideScrollerCharacter
[2018.03.06-00.04.13:483][464]LogSavePackage: Save=145.10ms
[2018.03.06-00.04.13:483][464]LogSavePackage: Moving '../../../../../../Users/GeorgeWJ/Documents/GitHub/mgp-mgp-group-7/Programming/powerbar2D/Saved/2DSideScrollerCharacterB70AEAA640B1814A4AB40EAF162F128C.tmp' to '../../../../../../Users/GeorgeWJ/Documents/GitHub/mgp-mgp-group-7/Programming/powerbar2D/Content/2DSideScrollerBP/Blueprints/2DSideScrollerCharacter.uasset'
[2018.03.06-00.04.13:488][464]LogSavePackage: Display: Finished SavePackage ../../../../../../Users/GeorgeWJ/Documents/GitHub/mgp-mgp-group-7/Programming/powerbar2D/Content/2DSideScrollerBP/Blueprints/2DSideScrollerCharacter.uasset
[2018.03.06-00.04.18:512][937]LogSavePackage: Save=33.88ms
[2018.03.06-00.04.18:512][937]LogSavePackage: Moving '../../../../../../Users/GeorgeWJ/Documents/GitHub/mgp-mgp-group-7/Programming/powerbar2D/Saved/2DSideScrollerExampleMap4A3934924C46444856F8BBB329206B49.tmp' to '../../../../../../Users/GeorgeWJ/Documents/GitHub/mgp-mgp-group-7/Programming/powerbar2D/Content/2DSideScrollerBP/Maps/2DSideScrollerExampleMap.umap'
[2018.03.06-00.04.18:516][937]LogSavePackage: Display: Finished SavePackage ../../../../../../Users/GeorgeWJ/Documents/GitHub/mgp-mgp-group-7/Programming/powerbar2D/Content/2DSideScrollerBP/Maps/2DSideScrollerExampleMap.umap
[2018.03.06-00.04.18:566][937]LogFileHelpers: Saving map '2DSideScrollerExampleMap' took 0.217
[2018.03.06-00.04.18:586][937]LogSavePackage: Save=7.72ms
[2018.03.06-00.04.18:586][937]LogSavePackage: Moving '../../../../../../Users/GeorgeWJ/Documents/GitHub/mgp-mgp-group-7/Programming/powerbar2D/Saved/Heavy_attack5BC4B55E4829E14D83FB65BE41E2BB69.tmp' to '../../../../../../Users/GeorgeWJ/Documents/GitHub/mgp-mgp-group-7/Programming/powerbar2D/Content/2DSideScrollerBP/Blueprints/Heavy_attack.uasset'
[2018.03.06-00.04.18:594][937]LogSavePackage: Display: Finished SavePackage ../../../../../../Users/GeorgeWJ/Documents/GitHub/mgp-mgp-group-7/Programming/powerbar2D/Content/2DSideScrollerBP/Blueprints/Heavy_attack.uasset
[2018.03.06-00.04.18:614][937]LogSavePackage: Save=7.58ms
[2018.03.06-00.04.18:614][937]LogSavePackage: Moving '../../../../../../Users/GeorgeWJ/Documents/GitHub/mgp-mgp-group-7/Programming/powerbar2D/Saved/Medium_attackC067D82C4C5DE41A2A44948628702BC7.tmp' to '../../../../../../Users/GeorgeWJ/Documents/GitHub/mgp-mgp-group-7/Programming/powerbar2D/Content/2DSideScrollerBP/Blueprints/Medium_attack.uasset'
[2018.03.06-00.04.18:621][937]LogSavePackage: Display: Finished SavePackage ../../../../../../Users/GeorgeWJ/Documents/GitHub/mgp-mgp-group-7/Programming/powerbar2D/Content/2DSideScrollerBP/Blueprints/Medium_attack.uasset
[2018.03.06-00.04.18:641][937]LogSavePackage: Save=7.38ms
[2018.03.06-00.04.18:641][937]LogSavePackage: Moving '../../../../../../Users/GeorgeWJ/Documents/GitHub/mgp-mgp-group-7/Programming/powerbar2D/Saved/Small_attackA7F78B3B4E596509810516BC69F95C44.tmp' to '../../../../../../Users/GeorgeWJ/Documents/GitHub/mgp-mgp-group-7/Programming/powerbar2D/Content/2DSideScrollerBP/Blueprints/Small_attack.uasset'
[2018.03.06-00.04.18:645][937]LogSavePackage: Display: Finished SavePackage ../../../../../../Users/GeorgeWJ/Documents/GitHub/mgp-mgp-group-7/Programming/powerbar2D/Content/2DSideScrollerBP/Blueprints/Small_attack.uasset
