Log file open, 03/05/18 16:01:29
LogWindows: Failed to load 'aqProf.dll' (GetLastError=126)
LogWindows: File 'aqProf.dll' does not exist
LogWindows: Failed to load 'VtuneApi.dll' (GetLastError=126)
LogWindows: File 'VtuneApi.dll' does not exist
LogWindows: Failed to load 'VtuneApi32e.dll' (GetLastError=126)
LogWindows: File 'VtuneApi32e.dll' does not exist
LogInit: Display: Running engine for game: powerbar2D
LogPlatformFile: Not using cached read wrapper
LogInit: Display: RandInit(-300560151) SRandInit(-300560151).
LogTaskGraph: Started task graph with 5 named threads and 8 total threads with 3 sets of task threads.
LogStats: Stats thread started at 0.327959
LogD3D11RHI: Aftermath initialized
LogPluginManager: Mounting plugin Paper2D
LogPluginManager: Mounting plugin LightPropagationVolume
LogPluginManager: Mounting plugin CodeLiteSourceCodeAccess
LogPluginManager: Mounting plugin GitSourceControl
LogPluginManager: Mounting plugin KDevelopSourceCodeAccess
LogPluginManager: Mounting plugin NullSourceCodeAccess
LogPluginManager: Mounting plugin PerforceSourceControl
LogPluginManager: Mounting plugin SubversionSourceControl
LogPluginManager: Mounting plugin UObjectPlugin
LogPluginManager: Mounting plugin VisualStudioSourceCodeAccess
LogPluginManager: Mounting plugin XCodeSourceCodeAccess
LogPluginManager: Mounting plugin AssetManagerEditor
LogPluginManager: Mounting plugin AudioCapture
LogPluginManager: Mounting plugin FacialAnimation
LogPluginManager: Mounting plugin GameplayTagsEditor
LogPluginManager: Mounting plugin MobileLauncherProfileWizard
LogPluginManager: Mounting plugin PluginBrowser
LogPluginManager: Mounting plugin SpeedTreeImporter
LogPluginManager: Mounting plugin AlembicImporter
LogPluginManager: Mounting plugin CharacterAI
LogPluginManager: Mounting plugin HTML5Networking
LogPluginManager: Mounting plugin AndroidMedia
LogPluginManager: Mounting plugin AvfMedia
LogPluginManager: Mounting plugin MediaPlayerEditor
LogPluginManager: Mounting plugin WmfMedia
LogPluginManager: Mounting plugin TcpMessaging
LogPluginManager: Mounting plugin UdpMessaging
LogPluginManager: Mounting plugin LevelSequenceEditor
LogPluginManager: Mounting plugin MatineeToLevelSequence
LogPluginManager: Mounting plugin OnlineSubsystemGooglePlay
LogPluginManager: Mounting plugin OnlineSubsystemIOS
LogPluginManager: Mounting plugin OnlineSubsystem
LogPluginManager: Mounting plugin OnlineSubsystemNull
LogPluginManager: Mounting plugin OnlineSubsystemUtils
LogPluginManager: Mounting plugin AndroidDeviceProfileSelector
LogPluginManager: Mounting plugin AndroidMoviePlayer
LogPluginManager: Mounting plugin AndroidPermission
LogPluginManager: Mounting plugin AppleMoviePlayer
LogPluginManager: Mounting plugin ArchVisCharacter
LogPluginManager: Mounting plugin CableComponent
LogPluginManager: Mounting plugin CustomMeshComponent
LogPluginManager: Mounting plugin ExampleDeviceProfileSelector
LogPluginManager: Mounting plugin GoogleCloudMessaging
LogPluginManager: Mounting plugin ImmediatePhysics
LogPluginManager: Mounting plugin IOSDeviceProfileSelector
LogPluginManager: Mounting plugin LinuxDeviceProfileSelector
LogPluginManager: Mounting plugin LocationServicesBPLibrary
LogPluginManager: Mounting plugin MobilePatchingUtils
LogPluginManager: Mounting plugin OculusVR
LogPluginManager: Mounting plugin PhysXVehicles
LogPluginManager: Mounting plugin ProceduralMeshComponent
LogPluginManager: Mounting plugin RuntimePhysXCooking
LogPluginManager: Mounting plugin SteamVR
LogPluginManager: Mounting plugin WindowsMoviePlayer
LogInit: Using libcurl 7.47.1
LogInit:  - built for x86_64-pc-win32
LogInit:  - supports SSL with OpenSSL/1.0.2g
LogInit:  - supports HTTP deflate (compression) using libz 1.2.8
LogInit:  - other features:
LogInit:      CURL_VERSION_SSL
LogInit:      CURL_VERSION_LIBZ
LogInit:      CURL_VERSION_IPV6
LogInit:      CURL_VERSION_ASYNCHDNS
LogInit:      CURL_VERSION_LARGEFILE
LogInit:      CURL_VERSION_IDN
LogInit:  CurlRequestOptions (configurable via config and command line):
LogInit:  - bVerifyPeer = false  - Libcurl will NOT verify peer certificate
LogInit:  - bUseHttpProxy = false  - Libcurl will NOT use HTTP proxy
LogInit:  - bDontReuseConnections = false  - Libcurl will reuse connections
LogInit:  - CertBundlePath = nullptr  - Libcurl will use whatever was configured at build time.
LogInit: Build: ++UE4+Release-4.17-CL-3658906
LogInit: Engine Version: 4.17.2-3658906+++UE4+Release-4.17
LogInit: Compatible Engine Version: 4.17.0-3573198+++UE4+Release-4.17
LogInit: Net CL: 3573198
LogDevObjectVersion: Number of dev versions registered: 16
LogDevObjectVersion:   Dev-Blueprints (B0D832E4-1F89-4F0D-ACCF-7EB736FD4AA2): 10
LogDevObjectVersion:   Dev-Build (E1C64328-A22C-4D53-A36C-8E866417BD8C): 0
LogDevObjectVersion:   Dev-Core (375EC13C-06E4-48FB-B500-84F0262A717E): 2
LogDevObjectVersion:   Dev-Editor (E4B068ED-F494-42E9-A231-DA0B2E46BB41): 20
LogDevObjectVersion:   Dev-Framework (CFFC743F-43B0-4480-9391-14DF171D2073): 28
LogDevObjectVersion:   Dev-Mobile (B02B49B5-BB20-44E9-A304-32B752E40360): 0
LogDevObjectVersion:   Dev-Networking (A4E4105C-59A1-49B5-A7C5-40C4547EDFEE): 0
LogDevObjectVersion:   Dev-Online (39C831C9-5AE6-47DC-9A44-9C173E1C8E7C): 0
LogDevObjectVersion:   Dev-Physics (78F01B33-EBEA-4F98-B9B4-84EACCB95AA2): 0
LogDevObjectVersion:   Dev-Platform (6631380F-2D4D-43E0-8009-CF276956A95A): 0
LogDevObjectVersion:   Dev-Rendering (12F88B9F-8875-4AFC-A67C-D90C383ABD29): 19
LogDevObjectVersion:   Dev-Sequencer (7B5AE74C-D270-4C10-A958-57980B212A5A): 4
LogDevObjectVersion:   Dev-VR (D7296918-1DD6-4BDD-9DE2-64A83CC13884): 0
LogDevObjectVersion:   Dev-LoadTimes (C2A15278-BFE7-4AFE-6C17-90FF531DF755): 1
LogDevObjectVersion:   Private-Geometry (6EACA3D4-40EC-4CC1-B786-8BED09428FC5): 1
LogDevObjectVersion:   Dev-AnimPhys (29E575DD-E0A3-4627-9D10-D276232CDCEA): 7
LogInit: Compiled (64-bit): Sep 22 2017 13:47:16
LogInit: Compiled with Visual C++: 19.00.24215.01
LogInit: Build Configuration: Development
LogInit: Branch Name: ++UE4+Release-4.17
LogInit: Command line: -EpicPortal 
LogInit: Base directory: E:/Epic Games/UE_4.17/Engine/Binaries/Win64/
LogInit: Installed Engine Build: 1
LogInit: Presizing for max 8388607 objects, including 0 objects not considered by GC, pre-allocating 0 bytes for permanent pool.
LogInit: Object subsystem initialized
[2018.03.05-16.01.31:622][  0]LogInit: Selected Device Profile: [Windows]
[2018.03.05-16.01.31:622][  0]LogInit: Applying CVar settings loaded from the selected device profile: [Windows]
[2018.03.05-16.01.31:728][  0]LogInit: Computer: GEORGE-PC
[2018.03.05-16.01.31:728][  0]LogInit: User: George
[2018.03.05-16.01.31:728][  0]LogInit: CPU Page size=4096, Cores=2
[2018.03.05-16.01.31:728][  0]LogInit: High frequency timer resolution =3.728017 MHz
[2018.03.05-16.01.31:728][  0]LogMemory: Memory total: Physical=10.0GB (10GB approx)
[2018.03.05-16.01.31:728][  0]LogMemory: Platform Memory Stats for Windows
[2018.03.05-16.01.31:728][  0]LogMemory: Process Physical Memory: 280.57 MB used, 280.57 MB peak
[2018.03.05-16.01.31:728][  0]LogMemory: Process Virtual Memory: 276.11 MB used, 276.11 MB peak
[2018.03.05-16.01.31:728][  0]LogMemory: Physical Memory: 7554.07 MB used,  2650.59 MB free, 10204.66 MB total
[2018.03.05-16.01.31:728][  0]LogMemory: Virtual Memory: 701.12 MB used,  2650.59 MB free, 134217728.00 MB total
[2018.03.05-16.01.32:131][  0]LogInit: Using OS detected language (en-US).
[2018.03.05-16.01.32:131][  0]LogInit: Using OS detected locale (en-GB).
[2018.03.05-16.01.32:137][  0]LogTextLocalizationManager: No specific localization for 'en-US' exists, so the 'en' localization will be used.
[2018.03.05-16.01.33:688][  0]LogD3D11RHI: D3D11 adapters:
[2018.03.05-16.01.33:784][  0]LogD3D11RHI:    0. 'NVIDIA GeForce GTX 970' (Feature Level 11_0)
[2018.03.05-16.01.33:784][  0]LogD3D11RHI:       4058/0/5102 MB DedicatedVideo/DedicatedSystem/SharedSystem, Outputs:2, VendorId:0x10de
[2018.03.05-16.01.33:788][  0]LogD3D11RHI:    1. 'Microsoft Basic Render Driver' (Feature Level 11_0)
[2018.03.05-16.01.33:788][  0]LogD3D11RHI:       0/0/5102 MB DedicatedVideo/DedicatedSystem/SharedSystem, Outputs:0, VendorId:0x1414
[2018.03.05-16.01.33:788][  0]LogD3D11RHI: Chosen D3D11 Adapter: 0
[2018.03.05-16.01.33:805][  0]LogD3D11RHI: Creating new Direct3DDevice
[2018.03.05-16.01.33:805][  0]LogD3D11RHI:     GPU DeviceId: 0x13c2 (for the marketing name, search the web for "GPU Device Id")
[2018.03.05-16.01.33:805][  0]LogWindows: EnumDisplayDevices:
[2018.03.05-16.01.33:805][  0]LogWindows:    0. 'NVIDIA GeForce GTX 970' (P:1 D:1)
[2018.03.05-16.01.33:805][  0]LogWindows:    1. 'NVIDIA GeForce GTX 970' (P:0 D:1)
[2018.03.05-16.01.33:806][  0]LogWindows:    2. 'NVIDIA GeForce GTX 970' (P:0 D:0)
[2018.03.05-16.01.33:806][  0]LogWindows:    3. 'NVIDIA GeForce GTX 970' (P:0 D:0)
[2018.03.05-16.01.33:806][  0]LogWindows: DebugString: GetVideoDriverDetailsInvalid PrimaryIsNotTheChoosenAdapter GetVideoDriverDetailsInvalid PrimaryIsNotTheChoosenAdapter GetVideoDriverDetailsInvalid PrimaryIsNotTheChoosenAdapter GetVideoDriverDetailsInvalid PrimaryIsNotTheChoosenAdapter FoundDriverCount:0 
[2018.03.05-16.01.33:806][  0]LogD3D11RHI:     Adapter Name: NVIDIA GeForce GTX 970
[2018.03.05-16.01.33:806][  0]LogD3D11RHI:   Driver Version: Unknown (internal:Unknown, unified:Unknown)
[2018.03.05-16.01.33:806][  0]LogD3D11RHI:      Driver Date: Unknown
[2018.03.05-16.01.33:806][  0]LogRHI: Texture pool is 1361 MB (70% of 1945 MB)
[2018.03.05-16.01.33:854][  0]LogD3D11RHI: Async texture creation enabled
[2018.03.05-16.01.34:374][  0]LogD3D11RHI: GPU Timing Frequency: 1000.000000 (Debug: 2 2)
[2018.03.05-16.01.34:428][  0]LogShaderCompilers: Guid format shader working directory is -44 characters bigger than the processId version (F:/Projects/Unreal/copy/mgp-mgp-group-7/Programming/powerbar2D/Intermediate/Shaders/WorkingDirectory/21228/).
[2018.03.05-16.01.34:429][  0]LogShaderCompilers: Cleaned the shader compiler working directory 'D:/TMP/UnrealShaderWorkingDir/E55882804657E3554164EDBC93E7DAEA/'.
[2018.03.05-16.01.34:429][  0]LogShaderCompilers: Display: Using Local Shader Compiler.
[2018.03.05-16.01.36:930][  0]LogTemp: Display: Loaded TP AllDesktopTargetPlatform
[2018.03.05-16.01.37:043][  0]LogTemp: Display: Loaded TP MacClientTargetPlatform
[2018.03.05-16.01.37:161][  0]LogTemp: Display: Loaded TP MacNoEditorTargetPlatform
[2018.03.05-16.01.37:271][  0]LogTemp: Display: Loaded TP MacServerTargetPlatform
[2018.03.05-16.01.37:406][  0]LogTemp: Display: Loaded TP MacTargetPlatform
[2018.03.05-16.01.37:522][  0]LogTemp: Display: Loaded TP WindowsClientTargetPlatform
[2018.03.05-16.01.37:630][  0]LogTemp: Display: Loaded TP WindowsNoEditorTargetPlatform
[2018.03.05-16.01.37:740][  0]LogTemp: Display: Loaded TP WindowsServerTargetPlatform
[2018.03.05-16.01.37:837][  0]LogTemp: Display: Loaded TP WindowsTargetPlatform
[2018.03.05-16.01.37:970][  0]LogTemp: Display: Loaded TP AndroidTargetPlatform
[2018.03.05-16.01.38:074][  0]LogTemp: Display: Loaded TP Android_ASTCTargetPlatform
[2018.03.05-16.01.38:189][  0]LogTemp: Display: Loaded TP Android_ATCTargetPlatform
[2018.03.05-16.01.38:296][  0]LogTemp: Display: Loaded TP Android_DXTTargetPlatform
[2018.03.05-16.01.38:407][  0]LogTemp: Display: Loaded TP Android_ETC1TargetPlatform
[2018.03.05-16.01.38:519][  0]LogTemp: Display: Loaded TP Android_ETC2TargetPlatform
[2018.03.05-16.01.38:735][  0]LogTemp: Display: Loaded TP Android_MultiTargetPlatform
[2018.03.05-16.01.38:735][  0]LogTemp: Display: Loaded TP Android_PVRTCTargetPlatform
[2018.03.05-16.01.38:824][  0]LogTemp: Display: Loaded TP HTML5TargetPlatform
[2018.03.05-16.01.39:008][  0]LogTemp: Display: Loaded TP IOSTargetPlatform
[2018.03.05-16.01.39:089][  0]LogTemp: Display: Loaded TP TVOSTargetPlatform
[2018.03.05-16.01.39:203][  0]LogTemp: Display: Loaded TP LinuxClientTargetPlatform
[2018.03.05-16.01.39:314][  0]LogTemp: Display: Loaded TP LinuxNoEditorTargetPlatform
[2018.03.05-16.01.39:421][  0]LogTemp: Display: Loaded TP LinuxServerTargetPlatform
[2018.03.05-16.01.39:531][  0]LogTemp: Display: Loaded TP LinuxTargetPlatform
[2018.03.05-16.01.39:532][  0]LogTargetPlatformManager: Display: Building Assets For Windows
[2018.03.05-16.01.40:563][  0]LogDerivedDataCache: Display: Max Cache Size: 512 MB
[2018.03.05-16.01.40:808][  0]LogDerivedDataCache: Loaded boot cache 0.25s 93MB C:/Users/George/AppData/Local/UnrealEngine/4.17/DerivedDataCache/Boot.ddc.
[2018.03.05-16.01.40:808][  0]LogDerivedDataCache: Display: Loaded Boot cache: C:/Users/George/AppData/Local/UnrealEngine/4.17/DerivedDataCache/Boot.ddc
[2018.03.05-16.01.40:808][  0]LogDerivedDataCache: FDerivedDataBackendGraph:  Pak pak cache file F:/Projects/Unreal/copy/mgp-mgp-group-7/Programming/powerbar2D/DerivedDataCache/DDC.ddp not found, will not use a pak cache.
[2018.03.05-16.01.40:808][  0]LogDerivedDataCache: Unable to find inner node Pak for hierarchical cache Hierarchy.
[2018.03.05-16.01.40:808][  0]LogDerivedDataCache: FDerivedDataBackendGraph:  CompressedPak pak cache file F:/Projects/Unreal/copy/mgp-mgp-group-7/Programming/powerbar2D/DerivedDataCache/Compressed.ddp not found, will not use a pak cache.
[2018.03.05-16.01.40:808][  0]LogDerivedDataCache: Unable to find inner node CompressedPak for hierarchical cache Hierarchy.
[2018.03.05-16.01.40:849][  0]LogDerivedDataCache: Display: Pak cache opened for reading ../../../Engine/DerivedDataCache/Compressed.ddp.
[2018.03.05-16.01.40:862][  0]LogDerivedDataCache: Using Local data cache path C:/Users/George/AppData/Local/UnrealEngine/Common/DerivedDataCache: Writable
[2018.03.05-16.01.40:889][  0]LogMaterial: Verifying Global Shaders for PCD3D_SM5
[2018.03.05-16.01.40:889][  0]LogSlate: Using Freetype 2.6.0
[2018.03.05-16.01.40:923][  0]LogSlate: SlateFontCache - WITH_FREETYPE: 1, WITH_HARFBUZZ: 1
[2018.03.05-16.01.40:924][  0]LogSlate: SlateFontCache - WITH_FREETYPE: 1, WITH_HARFBUZZ: 1
[2018.03.05-16.01.42:068][  0]LogAssetRegistry: FAssetRegistry took 0.0354 seconds to start up
[2018.03.05-16.01.42:541][  0]LogInit: Selected Device Profile: [Windows]
[2018.03.05-16.01.42:872][  0]LogContentStreaming: Texture pool size is 0.00 MB
[2018.03.05-16.01.43:557][  0]LogSimplygon: Simplygon DLL not present - disabling.
[2018.03.05-16.01.43:647][  0]LogMeshReduction: Using SimplygonSwarm for distributed automatic mesh merging
[2018.03.05-16.01.43:647][  0]LogMeshReduction: Using QuadricMeshReduction for automatic static mesh reduction
[2018.03.05-16.01.43:648][  0]LogMeshReduction: No automatic skeletal mesh reduction module available
[2018.03.05-16.01.43:648][  0]LogMeshReduction: No automatic mesh merging module available
[2018.03.05-16.01.43:648][  0]LogMeshMerging: No automatic mesh merging module available
[2018.03.05-16.01.44:437][  0]LogNetVersion: powerbar2D , NetCL: 3573198, EngineNetVer: 2, GameNetVer: 0 (Checksum: 2573702744)
[2018.03.05-16.01.46:157][  0]LogPackageLocalizationCache: Processed 5 localized package path(s) for 2 prioritized culture(s) in 1.339309 seconds
[2018.03.05-16.01.46:169][  0]LogUObjectArray: 35825 objects as part of root set at end of initial load.
[2018.03.05-16.01.46:170][  0]LogUObjectAllocator: 7529104 out of 0 bytes used by permanent object pool.
[2018.03.05-16.01.46:170][  0]LogUObjectArray: CloseDisregardForGC: 0/0 objects in disregard for GC pool
[2018.03.05-16.01.46:302][  0]LogInit: WinSock: version 1.1 (2.2), MaxSocks=32767, MaxUdp=65467
[2018.03.05-16.02.01:595][  0]LogTcpMessaging: Initializing TcpMessaging bridge
[2018.03.05-16.02.01:676][  0]LogUdpMessaging: Initializing bridge on interface 0.0.0.0:0 to multicast group 230.0.0.1:6666.
[2018.03.05-16.02.03:331][  0]LogMaterial: Uniform references updated for custom material expression Custom.
[2018.03.05-16.02.04:455][  0]SourceControl: Source control is disabled
[2018.03.05-16.02.04:455][  0]SourceControl: Source control is disabled
[2018.03.05-16.02.04:560][  0]SourceControl: Source control is disabled
[2018.03.05-16.02.04:667][  0]SourceControl: Source control is disabled
[2018.03.05-16.02.06:037][  0]LogAndroidPermission: UAndroidPermissionCallbackProxy::GetInstance
[2018.03.05-16.02.06:600][  0]LogOcInput: OculusInput pre-init called
[2018.03.05-16.02.07:227][  0]LogEngine: Initializing Engine...
[2018.03.05-16.02.07:262][  0]LogHMD: Failed to initialize OpenVR with code 108
[2018.03.05-16.02.08:260][  0]LogStats: UGameplayTagsManager::ConstructGameplayTagTree: Construct from data asset -  0.000 s
[2018.03.05-16.02.08:260][  0]LogStats: UGameplayTagsManager::ConstructGameplayTagTree: GameplayTagTreeChangedEvent.Broadcast -  0.000 s
[2018.03.05-16.02.08:576][  0]LogAIModule: Creating AISystem for world Untitled
[2018.03.05-16.02.08:599][  0]LogInit: XAudio2 using 'Speakers (USB PnP Sound Device)' : 2 channels at 44.1 kHz using 16 bits per sample (channel mask 0x3)
[2018.03.05-16.02.08:619][  0]LogInit: FAudioDevice initialized.
[2018.03.05-16.02.08:789][  0]LogDerivedDataCache: Saved boot cache 0.17s 93MB C:/Users/George/AppData/Local/UnrealEngine/4.17/DerivedDataCache/Boot.ddc.
[2018.03.05-16.02.08:846][  0]LogInit: Texture streaming: Enabled
[2018.03.05-16.02.09:167][  0]LogEngineSessionManager: EngineSessionManager initialized
[2018.03.05-16.02.09:804][  0]LogInit: Transaction tracking system initialized
[2018.03.05-16.02.10:658][  0]BlueprintLog: New page: Editor Load
[2018.03.05-16.02.12:891][  0]LocalizationService: Localization service is disabled
[2018.03.05-16.02.14:599][  0]LogConsoleResponse: Display: 
[2018.03.05-16.02.15:375][  0]LogFileCache: Scanning file cache for directory 'F:/Projects/Unreal/copy/mgp-mgp-group-7/Programming/powerbar2D/Content/' took 0.02s
[2018.03.05-16.02.15:375][  0]LogCook: Display: Max memory allowance for cook 16384mb min free memory 0mb
[2018.03.05-16.02.15:375][  0]LogCook: Display: Mobile HDR setting 1
[2018.03.05-16.02.15:375][  0]LogGameplayTags: Display: UGameplayTagsManager::DoneAddingNativeTags. DelegateIsBound: 0
[2018.03.05-16.02.17:839][  0]SourceControl: Source control is disabled
[2018.03.05-16.02.17:840][  0]Cmd: MAP LOAD FILE="F:/Projects/Unreal/copy/mgp-mgp-group-7/Programming/powerbar2D/Content/2DSideScrollerBP/Maps/2DSideScrollerExampleMap.umap" TEMPLATE=0 SHOWPROGRESS=1 FEATURELEVEL=3
[2018.03.05-16.02.17:842][  0]LightingResults: New page: Lighting Build
[2018.03.05-16.02.17:928][  0]MapCheck: New page: Map Check
[2018.03.05-16.02.17:928][  0]LightingResults: New page: Lighting Build
[2018.03.05-16.02.20:551][  0]LogTexture: Display: Building textures: Summer_background_WIP (BGRA8, 1322X499)
[2018.03.05-16.02.20:551][  0]LogAIModule: Creating AISystem for world 2DSideScrollerExampleMap
[2018.03.05-16.02.20:620][  0]LogEditorServer: Finished looking for orphan Actors (0.000 secs)
[2018.03.05-16.02.20:687][  0]Cmd: MAP CHECKDEP NOCLEARLOG
[2018.03.05-16.02.20:798][  0]MapCheck: Map check complete: 0 Error(s), 0 Warning(s), took 110.203ms to complete.
[2018.03.05-16.02.20:798][  0]LogFileHelpers: Loading map '2DSideScrollerExampleMap' took 2.958
[2018.03.05-16.02.20:927][  0]LogWindowsTextInputMethodSystem: Display: IME system now deactivated.
[2018.03.05-16.02.21:326][  0]LogCollectionManager: Loaded 0 collections in 0.001830 seconds
[2018.03.05-16.02.21:597][  0]LogFileCache: Scanning file cache for directory 'F:/Projects/Unreal/copy/mgp-mgp-group-7/Programming/powerbar2D/Saved/Collections/' took 0.01s
[2018.03.05-16.02.21:597][  0]LogFileCache: Scanning file cache for directory 'F:/Projects/Unreal/copy/mgp-mgp-group-7/Programming/powerbar2D/Content/Developers/George/Collections/' took 0.01s
[2018.03.05-16.02.21:597][  0]LogFileCache: Scanning file cache for directory 'F:/Projects/Unreal/copy/mgp-mgp-group-7/Programming/powerbar2D/Content/Collections/' took 0.01s
[2018.03.05-16.02.21:597][  0]LogCollectionManager: Rebuilt the GUID cache for 0 collections in 0.000001 seconds
[2018.03.05-16.02.21:624][  0]LogContentBrowser: Native class hierarchy populated in 0.0222 seconds. Added 2386 classes and 500 folders.
[2018.03.05-16.02.21:827][  0]LogContentBrowser: Native class hierarchy updated for 'WidgetCarousel' in 0.0015 seconds. Added 0 classes and 0 folders.
[2018.03.05-16.02.22:887][  0]LogContentBrowser: Native class hierarchy updated for 'AddContentDialog' in 0.0014 seconds. Added 0 classes and 0 folders.
[2018.03.05-16.02.23:029][  0]LogContentBrowser: Native class hierarchy updated for 'SceneOutliner' in 0.0015 seconds. Added 1 classes and 2 folders.
[2018.03.05-16.02.23:462][  0]LogSlate: Took 0.000523 seconds to synchronously load lazily loaded font '../../../Engine/Content/Slate/Fonts/Roboto-Regular.ttf' (155K)
[2018.03.05-16.02.23:467][  0]LogSlate: Took 0.000435 seconds to synchronously load lazily loaded font '../../../Engine/Content/Slate/Fonts/Roboto-Bold.ttf' (160K)
[2018.03.05-16.02.23:533][  0]LogSlate: Took 0.020170 seconds to synchronously load lazily loaded font '../../../Engine/Content/Editor/Slate/Fonts/FontAwesome.ttf' (139K)
[2018.03.05-16.02.23:941][  0]LogRenderer: Reallocating scene render targets to support 1244x600 Format 10 NumSamples 1 (Frame:1).
[2018.03.05-16.02.24:714][  0]LogContentBrowser: Native class hierarchy updated for 'HierarchicalLODOutliner' in 0.0013 seconds. Added 1 classes and 2 folders.
[2018.03.05-16.02.24:714][  0]LogLoad: (Engine Initialization) Total time: 61.62 seconds
[2018.03.05-16.02.24:714][  0]LogLoad: (Engine Initialization) Total Blueprint compile time: 0.00 seconds
[2018.03.05-16.02.24:715][  0]LogExternalProfiler: Found external profiler: VSPerf
[2018.03.05-16.02.24:715][  0]LogExternalProfiler: Using external profiler: VSPerf
[2018.03.05-16.02.24:753][  0]LogContentStreaming: Texture pool size now 1000 MB
[2018.03.05-16.02.24:858][  0]LogSlate: Took 0.017657 seconds to synchronously load lazily loaded font '../../../Engine/Content/Slate/Fonts/Roboto-Light.ttf' (159K)
[2018.03.05-16.02.25:081][  2]LogAssetRegistry: Asset discovery search completed in 43.0363 seconds
[2018.03.05-16.02.25:085][  2]LogCollectionManager: Rebuilt the object cache for 0 collections in 0.000001 seconds (found 0 objects)
[2018.03.05-16.02.25:085][  2]LogCollectionManager: Fixed up redirectors for 0 collections in 0.000102 seconds (updated 0 objects)
[2018.03.05-16.03.56:278][567]LogSlate: Took 0.000447 seconds to synchronously load lazily loaded font '../../../Engine/Content/Slate/Fonts/Roboto-Light.ttf' (159K)
[2018.03.05-16.03.57:052][567]LogSlate: Took 0.000300 seconds to synchronously load lazily loaded font '../../../Engine/Content/Slate/Fonts/Roboto-Regular.ttf' (155K)
[2018.03.05-16.03.57:744][567]LogContentBrowser: Native class hierarchy updated for 'BlueprintGraph' in 0.0022 seconds. Added 113 classes and 0 folders.
[2018.03.05-16.04.00:080][567]LogSlate: Took 0.019165 seconds to synchronously load lazily loaded font '../../../Engine/Content/Editor/Slate/Fonts/Roboto-BoldCondensed.ttf' (158K)
[2018.03.05-16.04.01:258][568]LogSlate: Took 0.041618 seconds to synchronously load lazily loaded font '../../../Engine/Content/Editor/Slate/Fonts/Roboto-Italic.ttf' (157K)
[2018.03.05-16.04.21:398][633]LogSavePackage: Save=10046.99ms
[2018.03.05-16.04.21:398][633]LogSavePackage: Moving 'F:/Projects/Unreal/copy/mgp-mgp-group-7/Programming/powerbar2D/Saved/2DSideScrollerCharacter2779D1F341D66DD2951BFCA0C15E845E.tmp' to 'F:/Projects/Unreal/copy/mgp-mgp-group-7/Programming/powerbar2D/Content/2DSideScrollerBP/Blueprints/2DSideScrollerCharacter.uasset'
[2018.03.05-16.04.21:440][633]LogSavePackage: Display: Finished SavePackage F:/Projects/Unreal/copy/mgp-mgp-group-7/Programming/powerbar2D/Content/2DSideScrollerBP/Blueprints/2DSideScrollerCharacter.uasset
