Log file open, 03/06/18 15:11:51
LogWindows: Failed to load 'aqProf.dll' (GetLastError=126)
LogWindows: File 'aqProf.dll' does not exist
LogWindows: Failed to load 'VtuneApi.dll' (GetLastError=126)
LogWindows: File 'VtuneApi.dll' does not exist
LogWindows: Failed to load 'VtuneApi32e.dll' (GetLastError=126)
LogWindows: File 'VtuneApi32e.dll' does not exist
LogInit: Display: Running engine for game: powerbar2D
LogPlatformFile: Not using cached read wrapper
LogInit: Display: RandInit(-1866621104) SRandInit(-1866621103).
LogTaskGraph: Started task graph with 5 named threads and 14 total threads with 3 sets of task threads.
LogStats: Stats thread started at 0.184174
LogD3D11RHI: Aftermath initialized
LogPluginManager: Mounting plugin Paper2D
LogPluginManager: Mounting plugin LightPropagationVolume
LogPluginManager: Mounting plugin CodeLiteSourceCodeAccess
LogPluginManager: Mounting plugin GitSourceControl
LogPluginManager: Mounting plugin KDevelopSourceCodeAccess
LogPluginManager: Mounting plugin NullSourceCodeAccess
LogPluginManager: Mounting plugin PerforceSourceControl
LogPluginManager: Mounting plugin SubversionSourceControl
LogPluginManager: Mounting plugin UObjectPlugin
LogPluginManager: Mounting plugin VisualStudioSourceCodeAccess
LogPluginManager: Mounting plugin XCodeSourceCodeAccess
LogPluginManager: Mounting plugin AssetManagerEditor
LogPluginManager: Mounting plugin AudioCapture
LogPluginManager: Mounting plugin FacialAnimation
LogPluginManager: Mounting plugin GameplayTagsEditor
LogPluginManager: Mounting plugin MobileLauncherProfileWizard
LogPluginManager: Mounting plugin PluginBrowser
LogPluginManager: Mounting plugin SpeedTreeImporter
LogPluginManager: Mounting plugin AlembicImporter
LogPluginManager: Mounting plugin CharacterAI
LogPluginManager: Mounting plugin HTML5Networking
LogPluginManager: Mounting plugin AndroidMedia
LogPluginManager: Mounting plugin AvfMedia
LogPluginManager: Mounting plugin MediaPlayerEditor
LogPluginManager: Mounting plugin WmfMedia
LogPluginManager: Mounting plugin TcpMessaging
LogPluginManager: Mounting plugin UdpMessaging
LogPluginManager: Mounting plugin LevelSequenceEditor
LogPluginManager: Mounting plugin MatineeToLevelSequence
LogPluginManager: Mounting plugin OnlineSubsystemGooglePlay
LogPluginManager: Mounting plugin OnlineSubsystemIOS
LogPluginManager: Mounting plugin OnlineSubsystem
LogPluginManager: Mounting plugin OnlineSubsystemNull
LogPluginManager: Mounting plugin OnlineSubsystemUtils
LogPluginManager: Mounting plugin AndroidDeviceProfileSelector
LogPluginManager: Mounting plugin AndroidMoviePlayer
LogPluginManager: Mounting plugin AndroidPermission
LogPluginManager: Mounting plugin AppleMoviePlayer
LogPluginManager: Mounting plugin ArchVisCharacter
LogPluginManager: Mounting plugin CableComponent
LogPluginManager: Mounting plugin CustomMeshComponent
LogPluginManager: Mounting plugin ExampleDeviceProfileSelector
LogPluginManager: Mounting plugin GoogleCloudMessaging
LogPluginManager: Mounting plugin ImmediatePhysics
LogPluginManager: Mounting plugin IOSDeviceProfileSelector
LogPluginManager: Mounting plugin LinuxDeviceProfileSelector
LogPluginManager: Mounting plugin LocationServicesBPLibrary
LogPluginManager: Mounting plugin MobilePatchingUtils
LogPluginManager: Mounting plugin OculusVR
LogPluginManager: Mounting plugin PhysXVehicles
LogPluginManager: Mounting plugin ProceduralMeshComponent
LogPluginManager: Mounting plugin RuntimePhysXCooking
LogPluginManager: Mounting plugin SteamVR
LogPluginManager: Mounting plugin WindowsMoviePlayer
LogInit: Using libcurl 7.47.1
LogInit:  - built for x86_64-pc-win32
LogInit:  - supports SSL with OpenSSL/1.0.2g
LogInit:  - supports HTTP deflate (compression) using libz 1.2.8
LogInit:  - other features:
LogInit:      CURL_VERSION_SSL
LogInit:      CURL_VERSION_LIBZ
LogInit:      CURL_VERSION_IPV6
LogInit:      CURL_VERSION_ASYNCHDNS
LogInit:      CURL_VERSION_LARGEFILE
LogInit:      CURL_VERSION_IDN
LogInit:  CurlRequestOptions (configurable via config and command line):
LogInit:  - bVerifyPeer = false  - Libcurl will NOT verify peer certificate
LogInit:  - bUseHttpProxy = false  - Libcurl will NOT use HTTP proxy
LogInit:  - bDontReuseConnections = false  - Libcurl will reuse connections
LogInit:  - CertBundlePath = nullptr  - Libcurl will use whatever was configured at build time.
LogInit: Build: ++UE4+Release-4.17-CL-3658906
LogInit: Engine Version: 4.17.2-3658906+++UE4+Release-4.17
LogInit: Compatible Engine Version: 4.17.0-3573198+++UE4+Release-4.17
LogInit: Net CL: 3573198
LogDevObjectVersion: Number of dev versions registered: 16
LogDevObjectVersion:   Dev-Blueprints (B0D832E4-1F89-4F0D-ACCF-7EB736FD4AA2): 10
LogDevObjectVersion:   Dev-Build (E1C64328-A22C-4D53-A36C-8E866417BD8C): 0
LogDevObjectVersion:   Dev-Core (375EC13C-06E4-48FB-B500-84F0262A717E): 2
LogDevObjectVersion:   Dev-Editor (E4B068ED-F494-42E9-A231-DA0B2E46BB41): 20
LogDevObjectVersion:   Dev-Framework (CFFC743F-43B0-4480-9391-14DF171D2073): 28
LogDevObjectVersion:   Dev-Mobile (B02B49B5-BB20-44E9-A304-32B752E40360): 0
LogDevObjectVersion:   Dev-Networking (A4E4105C-59A1-49B5-A7C5-40C4547EDFEE): 0
LogDevObjectVersion:   Dev-Online (39C831C9-5AE6-47DC-9A44-9C173E1C8E7C): 0
LogDevObjectVersion:   Dev-Physics (78F01B33-EBEA-4F98-B9B4-84EACCB95AA2): 0
LogDevObjectVersion:   Dev-Platform (6631380F-2D4D-43E0-8009-CF276956A95A): 0
LogDevObjectVersion:   Dev-Rendering (12F88B9F-8875-4AFC-A67C-D90C383ABD29): 19
LogDevObjectVersion:   Dev-Sequencer (7B5AE74C-D270-4C10-A958-57980B212A5A): 4
LogDevObjectVersion:   Dev-VR (D7296918-1DD6-4BDD-9DE2-64A83CC13884): 0
LogDevObjectVersion:   Dev-LoadTimes (C2A15278-BFE7-4AFE-6C17-90FF531DF755): 1
LogDevObjectVersion:   Private-Geometry (6EACA3D4-40EC-4CC1-B786-8BED09428FC5): 1
LogDevObjectVersion:   Dev-AnimPhys (29E575DD-E0A3-4627-9D10-D276232CDCEA): 7
LogInit: Compiled (64-bit): Sep 22 2017 13:47:16
LogInit: Compiled with Visual C++: 19.00.24215.01
LogInit: Build Configuration: Development
LogInit: Branch Name: ++UE4+Release-4.17
LogInit: Command line:  /Temp/Autosaves/Game/Blueprints/Maps/UEDPClevelMainMenu -game -PIEVIACONSOLE -ResX=1280 -ResY=720  -Multiprocess -messaging -SessionName="Play in Standalone Game" -windowed 
LogInit: Base directory: C:/Program Files/Epic Games/UE_4.17/Engine/Binaries/Win64/
LogInit: Installed Engine Build: 1
LogInit: Presizing for max 8388607 objects, including 0 objects not considered by GC, pre-allocating 0 bytes for permanent pool.
LogInit: Object subsystem initialized
[2018.03.06-15.11.52:488][  0]LogInit: Selected Device Profile: [Windows]
[2018.03.06-15.11.52:488][  0]LogInit: Applying CVar settings loaded from the selected device profile: [Windows]
[2018.03.06-15.11.52:524][  0]LogInit: Computer: GAMES-106-023
[2018.03.06-15.11.52:524][  0]LogInit: User: Games
[2018.03.06-15.11.52:524][  0]LogInit: CPU Page size=4096, Cores=4
[2018.03.06-15.11.52:524][  0]LogInit: High frequency timer resolution =3.613279 MHz
[2018.03.06-15.11.52:524][  0]LogMemory: Memory total: Physical=15.9GB (16GB approx)
[2018.03.06-15.11.52:524][  0]LogMemory: Platform Memory Stats for Windows
[2018.03.06-15.11.52:524][  0]LogMemory: Process Physical Memory: 279.23 MB used, 279.23 MB peak
[2018.03.06-15.11.52:524][  0]LogMemory: Process Virtual Memory: 282.55 MB used, 282.55 MB peak
[2018.03.06-15.11.52:524][  0]LogMemory: Physical Memory: 5359.01 MB used,  10902.72 MB free, 16261.73 MB total
[2018.03.06-15.11.52:524][  0]LogMemory: Virtual Memory: 715.20 MB used,  10902.72 MB free, 134217728.00 MB total
[2018.03.06-15.11.52:758][  0]LogInit: Using OS detected language (en-US).
[2018.03.06-15.11.52:758][  0]LogInit: Using OS detected locale (en-US).
[2018.03.06-15.11.52:880][  0]LogTextLocalizationManager: No specific localization for 'en-US' exists, so the 'en' localization will be used.
[2018.03.06-15.11.53:537][  0]LogD3D11RHI: D3D11 adapters:
[2018.03.06-15.11.53:585][  0]LogD3D11RHI:    0. 'NVIDIA GeForce GTX 760' (Feature Level 11_0)
[2018.03.06-15.11.53:585][  0]LogD3D11RHI:       2017/0/8130 MB DedicatedVideo/DedicatedSystem/SharedSystem, Outputs:2, VendorId:0x10de
[2018.03.06-15.11.53:587][  0]LogD3D11RHI:    1. 'Microsoft Basic Render Driver' (Feature Level 11_0)
[2018.03.06-15.11.53:587][  0]LogD3D11RHI:       0/0/8130 MB DedicatedVideo/DedicatedSystem/SharedSystem, Outputs:0, VendorId:0x1414
[2018.03.06-15.11.53:587][  0]LogD3D11RHI: Chosen D3D11 Adapter: 0
[2018.03.06-15.11.53:593][  0]LogD3D11RHI: Creating new Direct3DDevice
[2018.03.06-15.11.53:593][  0]LogD3D11RHI:     GPU DeviceId: 0x1187 (for the marketing name, search the web for "GPU Device Id")
[2018.03.06-15.11.53:593][  0]LogWindows: EnumDisplayDevices:
[2018.03.06-15.11.53:593][  0]LogWindows:    0. 'NVIDIA GeForce GTX 760' (P:0 D:1)
[2018.03.06-15.11.53:593][  0]LogWindows:    1. 'NVIDIA GeForce GTX 760' (P:1 D:1)
[2018.03.06-15.11.53:593][  0]LogWindows:    2. 'NVIDIA GeForce GTX 760' (P:0 D:0)
[2018.03.06-15.11.53:593][  0]LogWindows:    3. 'NVIDIA GeForce GTX 760' (P:0 D:0)
[2018.03.06-15.11.53:593][  0]LogWindows: DebugString: GetVideoDriverDetailsInvalid PrimaryIsNotTheChoosenAdapter GetVideoDriverDetailsInvalid PrimaryIsNotTheChoosenAdapter GetVideoDriverDetailsInvalid PrimaryIsNotTheChoosenAdapter GetVideoDriverDetailsInvalid PrimaryIsNotTheChoosenAdapter FoundDriverCount:0 
[2018.03.06-15.11.53:593][  0]LogD3D11RHI:     Adapter Name: NVIDIA GeForce GTX 760
[2018.03.06-15.11.53:593][  0]LogD3D11RHI:   Driver Version: Unknown (internal:Unknown, unified:Unknown)
[2018.03.06-15.11.53:593][  0]LogD3D11RHI:      Driver Date: Unknown
[2018.03.06-15.11.53:593][  0]LogRHI: Texture pool is 1361 MB (70% of 1945 MB)
[2018.03.06-15.11.53:627][  0]LogD3D11RHI: Async texture creation enabled
[2018.03.06-15.11.53:640][  0]LogD3D11RHI: GPU Timing Frequency: 1000.000000 (Debug: 2 1)
[2018.03.06-15.11.53:686][  0]LogShaderCompilers: Guid format shader working directory is -30 characters bigger than the processId version (../../../../../../Users/Games/Desktop/mgp-mgp-group-7/Programming/powerbar2D/Intermediate/Shaders/WorkingDirectory/2908/).
[2018.03.06-15.11.53:686][  0]LogShaderCompilers: Cleaned the shader compiler working directory 'C:/Users/Games/AppData/Local/Temp/UnrealShaderWorkingDir/D12097864F29DB98557228B9AA840729/'.
[2018.03.06-15.11.53:686][  0]LogShaderCompilers: Display: Using Local Shader Compiler.
[2018.03.06-15.11.58:099][  0]LogTemp: Display: Loaded TP WindowsClientTargetPlatform
[2018.03.06-15.11.58:185][  0]LogTemp: Display: Loaded TP WindowsNoEditorTargetPlatform
[2018.03.06-15.11.58:253][  0]LogTemp: Display: Loaded TP WindowsServerTargetPlatform
[2018.03.06-15.11.58:321][  0]LogTemp: Display: Loaded TP WindowsTargetPlatform
[2018.03.06-15.11.58:321][  0]LogTargetPlatformManager: Display: Building Assets For Windows
[2018.03.06-15.11.59:545][  0]LogDerivedDataCache: Display: Max Cache Size: 512 MB
[2018.03.06-15.11.59:674][  0]LogDerivedDataCache: Loaded boot cache 0.13s 93MB C:/Users/Games/AppData/Local/UnrealEngine/4.17/DerivedDataCache/Boot.ddc.
[2018.03.06-15.11.59:674][  0]LogDerivedDataCache: Display: Loaded Boot cache: C:/Users/Games/AppData/Local/UnrealEngine/4.17/DerivedDataCache/Boot.ddc
[2018.03.06-15.11.59:675][  0]LogDerivedDataCache: FDerivedDataBackendGraph:  Pak pak cache file ../../../../../../Users/Games/Desktop/mgp-mgp-group-7/Programming/powerbar2D/DerivedDataCache/DDC.ddp not found, will not use a pak cache.
[2018.03.06-15.11.59:675][  0]LogDerivedDataCache: Unable to find inner node Pak for hierarchical cache Hierarchy.
[2018.03.06-15.11.59:675][  0]LogDerivedDataCache: FDerivedDataBackendGraph:  CompressedPak pak cache file ../../../../../../Users/Games/Desktop/mgp-mgp-group-7/Programming/powerbar2D/DerivedDataCache/Compressed.ddp not found, will not use a pak cache.
[2018.03.06-15.11.59:675][  0]LogDerivedDataCache: Unable to find inner node CompressedPak for hierarchical cache Hierarchy.
[2018.03.06-15.11.59:690][  0]LogDerivedDataCache: Display: Pak cache opened for reading ../../../Engine/DerivedDataCache/Compressed.ddp.
[2018.03.06-15.11.59:702][  0]LogDerivedDataCache: Using Local data cache path C:/Users/Games/AppData/Local/UnrealEngine/Common/DerivedDataCache: Writable
[2018.03.06-15.11.59:713][  0]LogMaterial: Verifying Global Shaders for PCD3D_SM5
[2018.03.06-15.11.59:714][  0]LogSlate: Using Freetype 2.6.0
[2018.03.06-15.11.59:752][  0]LogSlate: SlateFontCache - WITH_FREETYPE: 1, WITH_HARFBUZZ: 1
[2018.03.06-15.11.59:752][  0]LogSlate: SlateFontCache - WITH_FREETYPE: 1, WITH_HARFBUZZ: 1
[2018.03.06-15.12.01:325][  0]LogAssetRegistry: FAssetRegistry took 0.0162 seconds to start up
[2018.03.06-15.12.01:426][  0]LogPackageLocalizationCache: Processed 5 localized package path(s) for 2 prioritized culture(s) in 0.015607 seconds
[2018.03.06-15.12.01:594][  0]LogInit: Selected Device Profile: [Windows]
[2018.03.06-15.12.01:773][  0]LogContentStreaming: Texture pool size is 1000.00 MB
[2018.03.06-15.12.02:548][  0]LogSimplygon: Simplygon DLL not present - disabling.
[2018.03.06-15.12.02:626][  0]LogMeshReduction: Using SimplygonSwarm for distributed automatic mesh merging
[2018.03.06-15.12.02:626][  0]LogMeshReduction: Using QuadricMeshReduction for automatic static mesh reduction
[2018.03.06-15.12.02:626][  0]LogMeshReduction: No automatic skeletal mesh reduction module available
[2018.03.06-15.12.02:626][  0]LogMeshReduction: No automatic mesh merging module available
[2018.03.06-15.12.02:626][  0]LogMeshMerging: No automatic mesh merging module available
[2018.03.06-15.12.03:241][  0]LogNetVersion: powerbar2D , NetCL: 3573198, EngineNetVer: 2, GameNetVer: 0 (Checksum: 2573702744)
[2018.03.06-15.12.03:688][  0]LogInit: WinSock: version 1.1 (2.2), MaxSocks=32767, MaxUdp=65467
[2018.03.06-15.12.06:145][  0]LogMoviePlayer: Initializing movie player
[2018.03.06-15.12.06:634][  0]LogCollectionManager: Loaded 0 collections in 0.001949 seconds
[2018.03.06-15.12.06:735][  0]LogFileCache: Scanning file cache for directory 'C:/Users/Games/Desktop/mgp-mgp-group-7/Programming/powerbar2D/Saved/Collections/' took 0.01s
[2018.03.06-15.12.06:735][  0]LogFileCache: Scanning file cache for directory 'C:/Users/Games/Desktop/mgp-mgp-group-7/Programming/powerbar2D/Content/Developers/Games/Collections/' took 0.01s
[2018.03.06-15.12.06:735][  0]LogFileCache: Scanning file cache for directory 'C:/Users/Games/Desktop/mgp-mgp-group-7/Programming/powerbar2D/Content/Collections/' took 0.01s
[2018.03.06-15.12.06:735][  0]LogCollectionManager: Rebuilt the object cache for 0 collections in 0.000001 seconds (found 0 objects)
[2018.03.06-15.12.06:735][  0]LogCollectionManager: Fixed up redirectors for 0 collections in 0.000237 seconds (updated 0 objects)
[2018.03.06-15.12.07:080][  0]LogTcpMessaging: Initializing TcpMessaging bridge
[2018.03.06-15.12.07:130][  0]LogUdpMessaging: Initializing bridge on interface 0.0.0.0:0 to multicast group 230.0.0.1:6666.
[2018.03.06-15.12.08:226][  0]SourceControl: Source control is disabled
[2018.03.06-15.12.08:226][  0]SourceControl: Source control is disabled
[2018.03.06-15.12.08:360][  0]SourceControl: Source control is disabled
[2018.03.06-15.12.08:876][  0]LogAndroidPermission: UAndroidPermissionCallbackProxy::GetInstance
[2018.03.06-15.12.09:369][  0]LogOcInput: OculusInput pre-init called
[2018.03.06-15.12.09:537][  0]LogUObjectArray: 38661 objects as part of root set at end of initial load.
[2018.03.06-15.12.09:537][  0]LogUObjectAllocator: 8461328 out of 0 bytes used by permanent object pool.
[2018.03.06-15.12.09:537][  0]LogUObjectArray: CloseDisregardForGC: 0/0 objects in disregard for GC pool
[2018.03.06-15.12.09:869][  0]LogEngine: Initializing Engine...
[2018.03.06-15.12.09:872][  0]LogHMD: Failed to initialize OpenVR with code 110
[2018.03.06-15.12.10:110][  0]LogStats: UGameplayTagsManager::ConstructGameplayTagTree: Construct from data asset -  0.000 s
[2018.03.06-15.12.10:111][  0]LogStats: UGameplayTagsManager::ConstructGameplayTagTree: GameplayTagTreeChangedEvent.Broadcast -  0.000 s
[2018.03.06-15.12.10:119][  0]LogInit: XAudio2 using 'Headphones (High Definition Audio Device)' : 2 channels at 44.1 kHz using 16 bits per sample (channel mask 0x3)
[2018.03.06-15.12.10:138][  0]LogInit: FAudioDevice initialized.
[2018.03.06-15.12.10:169][  0]LogInit: Texture streaming: Enabled
[2018.03.06-15.12.10:189][  0]LogMaterial: Uniform references updated for custom material expression Custom.
[2018.03.06-15.12.10:623][  0]LogSlateStyle: Warning: Unable to find Slate Widget Style 'NormalText'. Using FTextBlockStyle defaults instead.
[2018.03.06-15.12.10:623][  0]LogSlateStyle: Warning: Unable to find Slate Widget Style 'SpinBox'. Using FSpinBoxStyle defaults instead.
[2018.03.06-15.12.10:969][  0]LogInit: Display: Game Engine Initialized.
[2018.03.06-15.12.10:969][  0]LogGameplayTags: Display: UGameplayTagsManager::DoneAddingNativeTags. DelegateIsBound: 0
[2018.03.06-15.12.11:293][  0]LogInit: Display: Starting Game.
[2018.03.06-15.12.11:293][  0]LogNet: Browse: /Temp/Autosaves/Game/Blueprints/Maps/UEDPClevelMainMenu?Name=Player
[2018.03.06-15.12.11:294][  0]LogLoad: LoadMap: /Temp/Autosaves/Game/Blueprints/Maps/UEDPClevelMainMenu?Name=Player
[2018.03.06-15.12.11:323][  0]LogMemory: Platform Memory Stats for Windows
[2018.03.06-15.12.11:323][  0]LogMemory: Process Physical Memory: 822.80 MB used, 952.15 MB peak
[2018.03.06-15.12.11:323][  0]LogMemory: Process Virtual Memory: 944.63 MB used, 1029.43 MB peak
[2018.03.06-15.12.11:323][  0]LogMemory: Physical Memory: 5874.43 MB used,  10387.30 MB free, 16261.73 MB total
[2018.03.06-15.12.11:323][  0]LogMemory: Virtual Memory: 1599.20 MB used,  10387.30 MB free, 134217728.00 MB total
[2018.03.06-15.12.11:323][  0]LogMemory: 
[2018.03.06-15.12.11:323][  0]Allocator Stats for TBB: (not implemented)
[2018.03.06-15.12.11:562][  0]LogAIModule: Creating AISystem for world levelMainMenu
[2018.03.06-15.12.11:563][  0]LogLinker: Warning: Can't find file '/Game/2DSideScrollerBP/Blueprints/2DSideScrollerGameMode'
[2018.03.06-15.12.11:563][  0]LogUObjectGlobals: Warning: Failed to load '/Game/2DSideScrollerBP/Blueprints/2DSideScrollerGameMode': Can't find file '/Game/2DSideScrollerBP/Blueprints/2DSideScrollerGameMode'
[2018.03.06-15.12.11:563][  0]LogLinker: Warning: Can't find file '/Game/2DSideScrollerBP/Blueprints/2DSideScrollerGameMode'
[2018.03.06-15.12.11:563][  0]LogUObjectGlobals: Warning: Failed to load '/Game/2DSideScrollerBP/Blueprints/2DSideScrollerGameMode': Can't find file '/Game/2DSideScrollerBP/Blueprints/2DSideScrollerGameMode'
[2018.03.06-15.12.11:563][  0]LogUObjectGlobals: Warning: Failed to find object 'Class /Game/2DSideScrollerBP/Blueprints/2DSideScrollerGameMode.2DSideScrollerGameMode_C'
[2018.03.06-15.12.11:563][  0]LogLoad: Game class is 'GameModeBase'
[2018.03.06-15.12.11:565][  0]LogWorld: Bringing World /Temp/Autosaves/Game/Blueprints/Maps/UEDPClevelMainMenu.levelMainMenu up for play (max tick rate 0) at 2018.03.06-15.12.11
[2018.03.06-15.12.11:565][  0]LogWorld: Bringing up level for play took: 0.001087
[2018.03.06-15.12.11:572][  0]LogLoad: Took 0.278956 seconds to LoadMap(/Temp/Autosaves/Game/Blueprints/Maps/UEDPClevelMainMenu)
[2018.03.06-15.12.11:855][  0]LogRenderer: Reallocating scene render targets to support 1280x720 Format 10 NumSamples 1 (Frame:1).
[2018.03.06-15.12.11:855][  0]LogLoad: (Engine Initialization) Total time: 22.03 seconds
[2018.03.06-15.12.11:855][  0]LogLoad: (Engine Initialization) Total Blueprint compile time: 0.00 seconds
[2018.03.06-15.12.11:856][  0]LogExternalProfiler: Found external profiler: VSPerf
[2018.03.06-15.12.11:856][  0]LogExternalProfiler: Using external profiler: VSPerf
[2018.03.06-15.12.23:387][707]LogPackageName: SearchForPackageOnDisk took   0.110s to resolve 2DSideScrollerExampleMap.umap.
[2018.03.06-15.12.23:509][707]LogPackageName: SearchForPackageOnDisk took   0.121s to resolve 2DSideScrollerExampleMap.umap.
[2018.03.06-15.12.23:509][707]LogNet: Browse: /Game/Blueprints/Maps/2DSideScrollerExampleMap
[2018.03.06-15.12.23:509][707]LogLoad: LoadMap: /Game/Blueprints/Maps/2DSideScrollerExampleMap
[2018.03.06-15.12.23:530][707]LogMemory: Platform Memory Stats for Windows
[2018.03.06-15.12.23:530][707]LogMemory: Process Physical Memory: 784.29 MB used, 952.15 MB peak
[2018.03.06-15.12.23:530][707]LogMemory: Process Virtual Memory: 1046.87 MB used, 1180.00 MB peak
[2018.03.06-15.12.23:531][707]LogMemory: Physical Memory: 5825.22 MB used,  10436.51 MB free, 16261.73 MB total
[2018.03.06-15.12.23:531][707]LogMemory: Virtual Memory: 1765.59 MB used,  10436.51 MB free, 134217728.00 MB total
[2018.03.06-15.12.23:531][707]LogMemory: 
[2018.03.06-15.12.23:531][707]Allocator Stats for TBB: (not implemented)
[2018.03.06-15.12.23:995][707]LogAIModule: Creating AISystem for world 2DSideScrollerExampleMap
[2018.03.06-15.12.23:995][707]LogLoad: Game class is '2DSideScrollerGameMode_C'
[2018.03.06-15.12.23:999][707]LogWorld: Bringing World /Game/Blueprints/Maps/2DSideScrollerExampleMap.2DSideScrollerExampleMap up for play (max tick rate 0) at 2018.03.06-15.12.23
[2018.03.06-15.12.23:999][707]LogWorld: Bringing up level for play took: 0.003469
[2018.03.06-15.12.24:004][707]LogLoad: Took 0.495037 seconds to LoadMap(/Game/Blueprints/Maps/2DSideScrollerExampleMap)
[2018.03.06-15.12.26:069][834]LogBlueprintUserMessages: [2DSideScrollerCharacter_254] 3.219529
[2018.03.06-15.12.26:070][834]LogBlueprintUserMessages: [2DSideScrollerCharacter_254] 85.678047
[2018.03.06-15.12.26:071][834]LogBlueprintUserMessages: [2DSideScrollerCharacter_254] 1
[2018.03.06-15.12.27:294][910]LogBlueprintUserMessages: [2DSideScrollerCharacter_254] 94.197777
[2018.03.06-15.12.27:295][910]LogBlueprintUserMessages: [2DSideScrollerCharacter_254] 76.25827
[2018.03.06-15.12.27:295][910]LogBlueprintUserMessages: [2DSideScrollerCharacter_254] 2
[2018.03.06-15.12.29:827][ 67]LogBlueprintUserMessages: [2DSideScrollerCharacter_254] 95.496872
[2018.03.06-15.12.29:827][ 67]LogBlueprintUserMessages: [2DSideScrollerCharacter_254] 66.70858
[2018.03.06-15.12.29:827][ 67]LogBlueprintUserMessages: [2DSideScrollerCharacter_254] 3
[2018.03.06-15.12.32:408][227]LogBlueprintUserMessages: [2DSideScrollerCharacter_254] 100.0
[2018.03.06-15.12.32:408][227]LogBlueprintUserMessages: [2DSideScrollerCharacter_254] 56.70858
[2018.03.06-15.12.32:409][227]LogBlueprintUserMessages: [2DSideScrollerCharacter_254] 4
[2018.03.06-15.12.34:941][384]LogBlueprintUserMessages: [2DSideScrollerCharacter_254] 98.706886
[2018.03.06-15.12.34:941][384]LogBlueprintUserMessages: [2DSideScrollerCharacter_254] 46.837891
[2018.03.06-15.12.34:942][384]LogBlueprintUserMessages: [2DSideScrollerCharacter_254] 5
[2018.03.06-15.12.37:441][539]LogBlueprintUserMessages: [2DSideScrollerCharacter_254] 100.0
[2018.03.06-15.12.37:441][539]LogBlueprintUserMessages: [2DSideScrollerCharacter_254] 36.837891
[2018.03.06-15.12.37:441][539]LogBlueprintUserMessages: [2DSideScrollerCharacter_254] 6
[2018.03.06-15.12.39:989][697]LogBlueprintUserMessages: [2DSideScrollerCharacter_254] 97.419144
[2018.03.06-15.12.39:989][697]LogBlueprintUserMessages: [2DSideScrollerCharacter_254] 27.095976
[2018.03.06-15.12.39:990][697]LogBlueprintUserMessages: [2DSideScrollerCharacter_254] 7
[2018.03.06-15.12.42:425][848]LogBlueprintUserMessages: [2DSideScrollerCharacter_254] 96.78286
[2018.03.06-15.12.42:425][848]LogBlueprintUserMessages: [2DSideScrollerCharacter_254] 17.41769
[2018.03.06-15.12.42:426][848]LogBlueprintUserMessages: [2DSideScrollerCharacter_254] 8
[2018.03.06-15.12.45:006][  8]LogBlueprintUserMessages: [2DSideScrollerCharacter_254] 98.709648
[2018.03.06-15.12.45:006][  8]LogBlueprintUserMessages: [2DSideScrollerCharacter_254] 7.546725
[2018.03.06-15.12.45:007][  8]LogBlueprintUserMessages: [2DSideScrollerCharacter_254] 9
[2018.03.06-15.12.47:522][164]LogBlueprintUserMessages: [2DSideScrollerCharacter_254] 98.709625
[2018.03.06-15.12.47:522][164]LogBlueprintUserMessages: [2DSideScrollerCharacter_254] -2.324237
[2018.03.06-15.12.47:523][164]LogBlueprintUserMessages: [2DSideScrollerCharacter_254] end
[2018.03.06-15.12.50:658][348]LogPackageName: SearchForPackageOnDisk took   0.167s to resolve levelMainMenu.umap.
[2018.03.06-15.12.50:767][348]LogPackageName: SearchForPackageOnDisk took   0.109s to resolve levelMainMenu.umap.
[2018.03.06-15.12.50:767][348]LogNet: Browse: /Game/Blueprints/Maps/levelMainMenu
[2018.03.06-15.12.50:768][348]LogLoad: LoadMap: /Game/Blueprints/Maps/levelMainMenu
[2018.03.06-15.12.50:807][348]LogMemory: Platform Memory Stats for Windows
[2018.03.06-15.12.50:807][348]LogMemory: Process Physical Memory: 887.83 MB used, 991.92 MB peak
[2018.03.06-15.12.50:807][348]LogMemory: Process Virtual Memory: 1205.52 MB used, 1349.93 MB peak
[2018.03.06-15.12.50:807][348]LogMemory: Physical Memory: 5938.25 MB used,  10323.48 MB free, 16261.73 MB total
[2018.03.06-15.12.50:807][348]LogMemory: Virtual Memory: 1929.34 MB used,  10323.48 MB free, 134217728.00 MB total
[2018.03.06-15.12.50:807][348]LogMemory: 
[2018.03.06-15.12.50:807][348]Allocator Stats for TBB: (not implemented)
[2018.03.06-15.12.50:857][348]LogAIModule: Creating AISystem for world levelMainMenu
[2018.03.06-15.12.50:858][348]LogLoad: Game class is 'GameModeBase'
[2018.03.06-15.12.50:859][348]LogWorld: Bringing World /Game/Blueprints/Maps/levelMainMenu.levelMainMenu up for play (max tick rate 0) at 2018.03.06-15.12.50
[2018.03.06-15.12.50:859][348]LogWorld: Bringing up level for play took: 0.001155
[2018.03.06-15.12.50:861][348]LogGameMode: FindPlayerStart: PATHS NOT DEFINED or NO PLAYERSTART with positive rating
[2018.03.06-15.12.50:865][348]LogLoad: Took 0.097328 seconds to LoadMap(/Game/Blueprints/Maps/levelMainMenu)
[2018.03.06-15.13.01:410][996]LogWindowsTextInputMethodSystem: Display: IME system now deactivated.
[2018.03.06-15.13.01:413][996]LogWindowsTextInputMethodSystem: Display: IME system now deactivated.
[2018.03.06-15.13.01:414][996]LogEngine: All Windows Closed
[2018.03.06-15.13.01:414][996]LogWindows: FPlatformMisc::RequestExit(0)
[2018.03.06-15.13.01:897][997]LogExit: Preparing to exit.
[2018.03.06-15.13.01:897][997]LogMoviePlayer: Shutting down movie player
[2018.03.06-15.13.02:299][997]LogExit: Game engine shut down
[2018.03.06-15.13.02:362][997]LogExit: Object subsystem successfully closed.
[2018.03.06-15.13.02:387][997]LogD3D11RHI: Shutdown
[2018.03.06-15.13.02:387][997]LogD3D11RHI: CleanupD3DDevice
[2018.03.06-15.13.02:391][997]LogD3D11RHI: ~FD3D11DynamicRHI
[2018.03.06-15.13.02:418][997]LogModuleManager: Shutting down and abandoning module SequenceRecorderSections (304)
[2018.03.06-15.13.02:418][997]LogModuleManager: Shutting down and abandoning module SequenceRecorder (302)
[2018.03.06-15.13.02:418][997]LogModuleManager: Shutting down and abandoning module AutomationController (300)
[2018.03.06-15.13.02:418][997]LogModuleManager: Shutting down and abandoning module AutomationWorker (298)
[2018.03.06-15.13.02:418][997]LogModuleManager: Shutting down and abandoning module AIModule (296)
[2018.03.06-15.13.02:418][997]LogModuleManager: Shutting down and abandoning module GameplayDebugger (295)
[2018.03.06-15.13.02:418][997]LogModuleManager: Shutting down and abandoning module AITestSuite (293)
[2018.03.06-15.13.02:418][997]LogModuleManager: Shutting down and abandoning module WmfMediaFactory (290)
[2018.03.06-15.13.02:418][997]LogModuleManager: Shutting down and abandoning module AvfMediaFactory (288)
[2018.03.06-15.13.02:419][997]LogModuleManager: Shutting down and abandoning module AndroidMediaFactory (286)
[2018.03.06-15.13.02:419][997]LogModuleManager: Shutting down and abandoning module Media (285)
[2018.03.06-15.13.02:419][997]LogModuleManager: Shutting down and abandoning module CharacterAI (282)
[2018.03.06-15.13.02:419][997]LogModuleManager: Shutting down and abandoning module SessionServices (280)
[2018.03.06-15.13.02:419][997]LogModuleManager: Shutting down and abandoning module MovieSceneCapture (278)
[2018.03.06-15.13.02:419][997]LogModuleManager: Shutting down and abandoning module MovieSceneTracks (276)
[2018.03.06-15.13.02:419][997]LogModuleManager: Shutting down and abandoning module MovieScene (274)
[2018.03.06-15.13.02:419][997]LogModuleManager: Shutting down and abandoning module GeometryCache (272)
[2018.03.06-15.13.02:419][997]LogModuleManager: Shutting down and abandoning module GeometryCacheEd (271)
[2018.03.06-15.13.02:419][997]LogModuleManager: Shutting down and abandoning module Niagara (268)
[2018.03.06-15.13.02:419][997]LogModuleManager: Shutting down and abandoning module NiagaraEditor (267)
[2018.03.06-15.13.02:419][997]LogModuleManager: Shutting down and abandoning module StreamingPauseRendering (264)
[2018.03.06-15.13.02:419][997]LogModuleManager: Shutting down and abandoning module PortalServices (262)
[2018.03.06-15.13.02:419][997]LogModuleManager: Shutting down and abandoning module PortalRpc (260)
[2018.03.06-15.13.02:419][997]LogModuleManager: Shutting down and abandoning module MessagingRpc (258)
[2018.03.06-15.13.02:419][997]LogModuleManager: Shutting down and abandoning module ProfilerService (256)
[2018.03.06-15.13.02:624][997]LogModuleManager: Shutting down and abandoning module TaskGraph (254)
[2018.03.06-15.13.02:624][997]LogModuleManager: Shutting down and abandoning module SteamVRController (252)
[2018.03.06-15.13.02:624][997]LogModuleManager: Shutting down and abandoning module ProceduralMeshComponent (250)
[2018.03.06-15.13.02:624][997]LogModuleManager: Shutting down and abandoning module OculusInput (248)
[2018.03.06-15.13.02:624][997]LogModuleManager: Shutting down and abandoning module MobilePatchingUtils (246)
[2018.03.06-15.13.02:624][997]LogModuleManager: Shutting down and abandoning module CustomMeshComponent (244)
[2018.03.06-15.13.02:624][997]LogModuleManager: Shutting down and abandoning module CableComponent (242)
[2018.03.06-15.13.02:625][997]LogModuleManager: Shutting down and abandoning module ArchVisCharacter (240)
[2018.03.06-15.13.02:625][997]LogModuleManager: Shutting down and abandoning module AndroidPermission (238)
[2018.03.06-15.13.02:625][997]LogModuleManager: Shutting down and abandoning module HTML5Networking (234)
[2018.03.06-15.13.02:625][997]LogModuleManager: Shutting down and abandoning module VisualStudioSourceCodeAccess (232)
[2018.03.06-15.13.02:625][997]LogModuleManager: Shutting down and abandoning module DesktopPlatform (231)
[2018.03.06-15.13.02:625][997]LogModuleManager: Shutting down and abandoning module HotReload (229)
[2018.03.06-15.13.02:625][997]LogModuleManager: Shutting down and abandoning module UObjectPlugin (226)
[2018.03.06-15.13.02:625][997]LogModuleManager: Shutting down and abandoning module SubversionSourceControl (224)
[2018.03.06-15.13.02:625][997]LogModuleManager: Shutting down and abandoning module PerforceSourceControl (222)
[2018.03.06-15.13.02:625][997]LogModuleManager: Shutting down and abandoning module SourceControl (221)
[2018.03.06-15.13.02:626][997]LogModuleManager: Shutting down and abandoning module RuntimePhysXCooking (218)
[2018.03.06-15.13.02:626][997]LogModuleManager: Shutting down and abandoning module PhysXVehiclesEditor (216)
[2018.03.06-15.13.02:626][997]LogModuleManager: Shutting down and abandoning module PhysXVehicles (214)
[2018.03.06-15.13.02:626][997]LogModuleManager: Shutting down and abandoning module LocationServicesBPLibrary (212)
[2018.03.06-15.13.02:626][997]LogModuleManager: Shutting down and abandoning module ImmediatePhysicsEditor (210)
[2018.03.06-15.13.02:626][997]LogModuleManager: Shutting down and abandoning module ImmediatePhysics (208)
[2018.03.06-15.13.02:626][997]LogModuleManager: Shutting down and abandoning module UdpMessaging (206)
[2018.03.06-15.13.02:726][997]LogModuleManager: Shutting down and abandoning module TcpMessaging (204)
[2018.03.06-15.13.03:103][997]LogModuleManager: Shutting down and abandoning module GameplayTagsEditor (202)
[2018.03.06-15.13.03:103][997]LogModuleManager: Shutting down and abandoning module FacialAnimation (200)
[2018.03.06-15.13.03:103][997]LogModuleManager: Shutting down and abandoning module AssetManagerEditor (198)
[2018.03.06-15.13.03:103][997]LogModuleManager: Shutting down and abandoning module GraphEditor (197)
[2018.03.06-15.13.03:103][997]LogModuleManager: Shutting down and abandoning module ContentBrowser (195)
[2018.03.06-15.13.03:103][997]LogModuleManager: Shutting down and abandoning module CollectionManager (194)
[2018.03.06-15.13.03:103][997]LogDirectoryWatcher: A directory notification for 'C:/Users/Games/Desktop/mgp-mgp-group-7/Programming/powerbar2D/Content/Collections/' was aborted.
[2018.03.06-15.13.03:104][997]LogDirectoryWatcher: A directory notification for 'C:/Users/Games/Desktop/mgp-mgp-group-7/Programming/powerbar2D/Content/Developers/Games/Collections/' was aborted.
[2018.03.06-15.13.03:104][997]LogDirectoryWatcher: A directory notification for 'C:/Users/Games/Desktop/mgp-mgp-group-7/Programming/powerbar2D/Saved/Collections/' was aborted.
[2018.03.06-15.13.03:104][997]LogModuleManager: Shutting down and abandoning module DirectoryWatcher (193)
[2018.03.06-15.13.03:104][997]LogModuleManager: Shutting down and abandoning module LightPropagationVolumeRuntime (188)
[2018.03.06-15.13.03:104][997]LogModuleManager: Shutting down and abandoning module Paper2D (186)
[2018.03.06-15.13.03:104][997]LogModuleManager: Shutting down and abandoning module WindowsMoviePlayer (184)
[2018.03.06-15.13.03:104][997]LogModuleManager: Shutting down and abandoning module WmfMedia (182)
[2018.03.06-15.13.03:107][997]LogModuleManager: Shutting down and abandoning module PacketHandler (180)
[2018.03.06-15.13.03:107][997]LogModuleManager: Shutting down and abandoning module ClothingSystemEditor (178)
[2018.03.06-15.13.03:107][997]LogModuleManager: Shutting down and abandoning module ClothingSystemRuntime (176)
[2018.03.06-15.13.03:107][997]LogModuleManager: Shutting down and abandoning module Overlay (174)
[2018.03.06-15.13.03:107][997]LogModuleManager: Shutting down and abandoning module OverlayEditor (173)
[2018.03.06-15.13.03:107][997]LogModuleManager: Shutting down and abandoning module MediaAssets (170)
[2018.03.06-15.13.03:107][997]LogModuleManager: Shutting down and abandoning module VREditor (168)
[2018.03.06-15.13.03:107][997]LogModuleManager: Shutting down and abandoning module StringTableEditor (166)
[2018.03.06-15.13.03:107][997]LogModuleManager: Shutting down and abandoning module GameplayTasksEditor (164)
[2018.03.06-15.13.03:107][997]LogModuleManager: Shutting down and abandoning module BehaviorTreeEditor (162)
[2018.03.06-15.13.03:107][997]LogModuleManager: Shutting down and abandoning module FunctionalTesting (160)
[2018.03.06-15.13.03:108][997]LogModuleManager: Shutting down and abandoning module CollisionAnalyzer (158)
[2018.03.06-15.13.03:108][997]LogModuleManager: Shutting down and abandoning module WorkspaceMenuStructure (157)
[2018.03.06-15.13.03:108][997]LogModuleManager: Shutting down and abandoning module UMG (154)
[2018.03.06-15.13.03:108][997]LogModuleManager: Shutting down and abandoning module UMGEditor (153)
[2018.03.06-15.13.03:108][997]LogModuleManager: Shutting down and abandoning module Sequencer (152)
[2018.03.06-15.13.03:108][997]LogModuleManager: Shutting down and abandoning module MessageLog (149)
[2018.03.06-15.13.03:108][997]LogModuleManager: Shutting down and abandoning module SlateReflector (144)
[2018.03.06-15.13.03:108][997]LogModuleManager: Shutting down and abandoning module Slate (142)
[2018.03.06-15.13.03:108][997]LogModuleManager: Shutting down and abandoning module EditorStyle (140)
[2018.03.06-15.13.03:114][997]LogModuleManager: Shutting down and abandoning module MRMesh (138)
[2018.03.06-15.13.03:114][997]LogModuleManager: Shutting down and abandoning module Messaging (136)
[2018.03.06-15.13.03:115][997]LogModuleManager: Shutting down and abandoning module SourceCodeAccess (134)
[2018.03.06-15.13.03:115][997]LogModuleManager: Shutting down and abandoning module HeadMountedDisplay (132)
[2018.03.06-15.13.03:115][997]LogModuleManager: Shutting down and abandoning module XAudio2 (130)
[2018.03.06-15.13.03:115][997]LogModuleManager: Shutting down and abandoning module Networking (128)
[2018.03.06-15.13.03:115][997]LogModuleManager: Shutting down and abandoning module Core (124)
[2018.03.06-15.13.03:115][997]LogModuleManager: Shutting down and abandoning module KismetCompiler (122)
[2018.03.06-15.13.03:115][997]LogModuleManager: Shutting down and abandoning module LevelSequence (120)
[2018.03.06-15.13.03:115][997]LogModuleManager: Shutting down and abandoning module MeshUtilities (118)
[2018.03.06-15.13.03:115][997]LogModuleManager: Shutting down and abandoning module MeshMergeUtilities (117)
[2018.03.06-15.13.03:115][997]LogModuleManager: Shutting down and abandoning module MeshReductionInterface (116)
[2018.03.06-15.13.03:115][997]LogModuleManager: Shutting down and abandoning module SimplygonSwarm (115)
[2018.03.06-15.13.03:115][997]LogModuleManager: Shutting down and abandoning module SimplygonMeshReduction (113)
[2018.03.06-15.13.03:115][997]LogModuleManager: Shutting down and abandoning module QuadricMeshReduction (111)
[2018.03.06-15.13.03:115][997]LogModuleManager: Shutting down and abandoning module MaterialBaking (107)
[2018.03.06-15.13.03:115][997]LogModuleManager: Shutting down and abandoning module DerivedDataCache (102)
[2018.03.06-15.13.03:243][997]LogDerivedDataCache: Shutdown
[2018.03.06-15.13.03:243][997]LogModuleManager: Shutting down and abandoning module TargetPlatform (100)
[2018.03.06-15.13.03:243][997]LogModuleManager: Shutting down and abandoning module VulkanShaderFormat (99)
[2018.03.06-15.13.03:243][997]LogModuleManager: Shutting down and abandoning module ShaderFormatVectorVM (97)
[2018.03.06-15.13.03:243][997]LogModuleManager: Shutting down and abandoning module ShaderFormatOpenGL (95)
[2018.03.06-15.13.03:243][997]LogModuleManager: Shutting down and abandoning module ShaderFormatD3D (93)
[2018.03.06-15.13.03:243][997]LogModuleManager: Shutting down and abandoning module MetalShaderFormat (91)
[2018.03.06-15.13.03:243][997]LogModuleManager: Shutting down and abandoning module TextureFormatUncompressed (89)
[2018.03.06-15.13.03:243][997]LogModuleManager: Shutting down and abandoning module TextureFormatPVR (87)
[2018.03.06-15.13.03:243][997]LogModuleManager: Shutting down and abandoning module TextureFormatDXT (85)
[2018.03.06-15.13.03:243][997]LogModuleManager: Shutting down and abandoning module TextureFormatIntelISPCTexComp (83)
[2018.03.06-15.13.03:244][997]LogModuleManager: Shutting down and abandoning module TextureFormatASTC (81)
[2018.03.06-15.13.03:244][997]LogModuleManager: Shutting down and abandoning module ImageWrapper (80)
[2018.03.06-15.13.03:244][997]LogModuleManager: Shutting down and abandoning module TextureFormatAndroid (77)
[2018.03.06-15.13.03:244][997]LogModuleManager: Shutting down and abandoning module AudioFormatOpus (75)
[2018.03.06-15.13.03:244][997]LogModuleManager: Shutting down and abandoning module AudioFormatOgg (73)
[2018.03.06-15.13.03:244][997]LogModuleManager: Shutting down and abandoning module AudioFormatADPCM (71)
[2018.03.06-15.13.03:244][997]LogModuleManager: Shutting down and abandoning module WindowsTargetPlatform (69)
[2018.03.06-15.13.03:244][997]LogModuleManager: Shutting down and abandoning module WindowsServerTargetPlatform (67)
[2018.03.06-15.13.03:244][997]LogModuleManager: Shutting down and abandoning module WindowsNoEditorTargetPlatform (65)
[2018.03.06-15.13.03:244][997]LogModuleManager: Shutting down and abandoning module WindowsClientTargetPlatform (63)
[2018.03.06-15.13.03:244][997]LogModuleManager: Shutting down and abandoning module InputCore (60)
[2018.03.06-15.13.03:244][997]LogModuleManager: Shutting down and abandoning module Settings (58)
[2018.03.06-15.13.03:244][997]LogModuleManager: Shutting down and abandoning module PhysXCooking (56)
[2018.03.06-15.13.03:244][997]LogModuleManager: Shutting down and abandoning module SteamVR (54)
[2018.03.06-15.13.03:244][997]LogModuleManager: Shutting down and abandoning module OculusHMD (52)
[2018.03.06-15.13.03:244][997]LogModuleManager: Shutting down and abandoning module ExampleDeviceProfileSelector (50)
[2018.03.06-15.13.03:244][997]LogModuleManager: Shutting down and abandoning module OnlineBlueprintSupport (48)
[2018.03.06-15.13.03:244][997]LogModuleManager: Shutting down and abandoning module OnlineSubsystem (44)
[2018.03.06-15.13.03:245][997]LogOnline: Display: Unloading online subsystem: NULL
[2018.03.06-15.13.03:245][997]LogModuleManager: Shutting down and abandoning module XMPP (43)
[2018.03.06-15.13.03:245][997]LogModuleManager: Shutting down and abandoning module HTTP (41)
[2018.03.06-15.13.03:271][997]LogModuleManager: Shutting down and abandoning module SSL (40)
[2018.03.06-15.13.03:274][997]LogModuleManager: Shutting down and abandoning module AnimationModifiers (36)
[2018.03.06-15.13.03:274][997]LogModuleManager: Shutting down and abandoning module PropertyEditor (35)
[2018.03.06-15.13.03:274][997]LogModuleManager: Shutting down and abandoning module AudioEditor (32)
[2018.03.06-15.13.03:274][997]LogModuleManager: Shutting down and abandoning module TextureCompressor (30)
[2018.03.06-15.13.03:274][997]LogModuleManager: Shutting down and abandoning module ShaderCore (28)
[2018.03.06-15.13.03:274][997]LogModuleManager: Shutting down and abandoning module Landscape (26)
[2018.03.06-15.13.03:274][997]LogModuleManager: Shutting down and abandoning module SlateRHIRenderer (24)
[2018.03.06-15.13.03:275][997]LogModuleManager: Shutting down and abandoning module OpenGLDrv (22)
[2018.03.06-15.13.03:275][997]LogModuleManager: Shutting down and abandoning module D3D11RHI (20)
[2018.03.06-15.13.03:275][997]LogModuleManager: Shutting down and abandoning module AnimGraphRuntime (18)
[2018.03.06-15.13.03:275][997]LogModuleManager: Shutting down and abandoning module Renderer (16)
[2018.03.06-15.13.03:275][997]LogModuleManager: Shutting down and abandoning module Engine (14)
[2018.03.06-15.13.03:275][997]LogModuleManager: Shutting down and abandoning module CoreUObject (12)
[2018.03.06-15.13.03:275][997]LogModuleManager: Shutting down and abandoning module NetworkFile (10)
[2018.03.06-15.13.03:275][997]LogModuleManager: Shutting down and abandoning module CookedIterativeFile (8)
[2018.03.06-15.13.03:275][997]LogModuleManager: Shutting down and abandoning module StreamingFile (6)
[2018.03.06-15.13.03:275][997]LogModuleManager: Shutting down and abandoning module SandboxFile (4)
[2018.03.06-15.13.03:276][997]LogModuleManager: Shutting down and abandoning module PakFile (2)
[2018.03.06-15.13.03:281][997]LogExit: Exiting.
[2018.03.06-15.13.03:284][997]Log file closed, 03/06/18 15:13:03
