Log file open, 03/06/18 12:51:31
LogWindows: Failed to load 'aqProf.dll' (GetLastError=126)
LogWindows: File 'aqProf.dll' does not exist
LogWindows: Failed to load 'VtuneApi.dll' (GetLastError=126)
LogWindows: File 'VtuneApi.dll' does not exist
LogWindows: Failed to load 'VtuneApi32e.dll' (GetLastError=126)
LogWindows: File 'VtuneApi32e.dll' does not exist
LogInit: Display: Running engine for game: powerbar2D
LogPlatformFile: Not using cached read wrapper
LogInit: Display: RandInit(2071825931) SRandInit(2071825931).
LogTaskGraph: Started task graph with 5 named threads and 14 total threads with 3 sets of task threads.
LogStats: Stats thread started at 0.187827
LogD3D11RHI: Aftermath initialized
LogPluginManager: Mounting plugin Paper2D
LogPluginManager: Mounting plugin LightPropagationVolume
LogPluginManager: Mounting plugin CodeLiteSourceCodeAccess
LogPluginManager: Mounting plugin GitSourceControl
LogPluginManager: Mounting plugin KDevelopSourceCodeAccess
LogPluginManager: Mounting plugin NullSourceCodeAccess
LogPluginManager: Mounting plugin PerforceSourceControl
LogPluginManager: Mounting plugin SubversionSourceControl
LogPluginManager: Mounting plugin UObjectPlugin
LogPluginManager: Mounting plugin VisualStudioSourceCodeAccess
LogPluginManager: Mounting plugin XCodeSourceCodeAccess
LogPluginManager: Mounting plugin AssetManagerEditor
LogPluginManager: Mounting plugin AudioCapture
LogPluginManager: Mounting plugin FacialAnimation
LogPluginManager: Mounting plugin GameplayTagsEditor
LogPluginManager: Mounting plugin MobileLauncherProfileWizard
LogPluginManager: Mounting plugin PluginBrowser
LogPluginManager: Mounting plugin SpeedTreeImporter
LogPluginManager: Mounting plugin AlembicImporter
LogPluginManager: Mounting plugin CharacterAI
LogPluginManager: Mounting plugin HTML5Networking
LogPluginManager: Mounting plugin AndroidMedia
LogPluginManager: Mounting plugin AvfMedia
LogPluginManager: Mounting plugin MediaPlayerEditor
LogPluginManager: Mounting plugin WmfMedia
LogPluginManager: Mounting plugin TcpMessaging
LogPluginManager: Mounting plugin UdpMessaging
LogPluginManager: Mounting plugin LevelSequenceEditor
LogPluginManager: Mounting plugin MatineeToLevelSequence
LogPluginManager: Mounting plugin OnlineSubsystemGooglePlay
LogPluginManager: Mounting plugin OnlineSubsystemIOS
LogPluginManager: Mounting plugin OnlineSubsystem
LogPluginManager: Mounting plugin OnlineSubsystemNull
LogPluginManager: Mounting plugin OnlineSubsystemUtils
LogPluginManager: Mounting plugin AndroidDeviceProfileSelector
LogPluginManager: Mounting plugin AndroidMoviePlayer
LogPluginManager: Mounting plugin AndroidPermission
LogPluginManager: Mounting plugin AppleMoviePlayer
LogPluginManager: Mounting plugin ArchVisCharacter
LogPluginManager: Mounting plugin CableComponent
LogPluginManager: Mounting plugin CustomMeshComponent
LogPluginManager: Mounting plugin ExampleDeviceProfileSelector
LogPluginManager: Mounting plugin GoogleCloudMessaging
LogPluginManager: Mounting plugin ImmediatePhysics
LogPluginManager: Mounting plugin IOSDeviceProfileSelector
LogPluginManager: Mounting plugin LinuxDeviceProfileSelector
LogPluginManager: Mounting plugin LocationServicesBPLibrary
LogPluginManager: Mounting plugin MobilePatchingUtils
LogPluginManager: Mounting plugin OculusVR
LogPluginManager: Mounting plugin PhysXVehicles
LogPluginManager: Mounting plugin ProceduralMeshComponent
LogPluginManager: Mounting plugin RuntimePhysXCooking
LogPluginManager: Mounting plugin SteamVR
LogPluginManager: Mounting plugin WindowsMoviePlayer
LogInit: Using libcurl 7.47.1
LogInit:  - built for x86_64-pc-win32
LogInit:  - supports SSL with OpenSSL/1.0.2g
LogInit:  - supports HTTP deflate (compression) using libz 1.2.8
LogInit:  - other features:
LogInit:      CURL_VERSION_SSL
LogInit:      CURL_VERSION_LIBZ
LogInit:      CURL_VERSION_IPV6
LogInit:      CURL_VERSION_ASYNCHDNS
LogInit:      CURL_VERSION_LARGEFILE
LogInit:      CURL_VERSION_IDN
LogInit:  CurlRequestOptions (configurable via config and command line):
LogInit:  - bVerifyPeer = false  - Libcurl will NOT verify peer certificate
LogInit:  - bUseHttpProxy = false  - Libcurl will NOT use HTTP proxy
LogInit:  - bDontReuseConnections = false  - Libcurl will reuse connections
LogInit:  - CertBundlePath = nullptr  - Libcurl will use whatever was configured at build time.
LogInit: Build: ++UE4+Release-4.17-CL-3658906
LogInit: Engine Version: 4.17.2-3658906+++UE4+Release-4.17
LogInit: Compatible Engine Version: 4.17.0-3573198+++UE4+Release-4.17
LogInit: Net CL: 3573198
LogDevObjectVersion: Number of dev versions registered: 16
LogDevObjectVersion:   Dev-Blueprints (B0D832E4-1F89-4F0D-ACCF-7EB736FD4AA2): 10
LogDevObjectVersion:   Dev-Build (E1C64328-A22C-4D53-A36C-8E866417BD8C): 0
LogDevObjectVersion:   Dev-Core (375EC13C-06E4-48FB-B500-84F0262A717E): 2
LogDevObjectVersion:   Dev-Editor (E4B068ED-F494-42E9-A231-DA0B2E46BB41): 20
LogDevObjectVersion:   Dev-Framework (CFFC743F-43B0-4480-9391-14DF171D2073): 28
LogDevObjectVersion:   Dev-Mobile (B02B49B5-BB20-44E9-A304-32B752E40360): 0
LogDevObjectVersion:   Dev-Networking (A4E4105C-59A1-49B5-A7C5-40C4547EDFEE): 0
LogDevObjectVersion:   Dev-Online (39C831C9-5AE6-47DC-9A44-9C173E1C8E7C): 0
LogDevObjectVersion:   Dev-Physics (78F01B33-EBEA-4F98-B9B4-84EACCB95AA2): 0
LogDevObjectVersion:   Dev-Platform (6631380F-2D4D-43E0-8009-CF276956A95A): 0
LogDevObjectVersion:   Dev-Rendering (12F88B9F-8875-4AFC-A67C-D90C383ABD29): 19
LogDevObjectVersion:   Dev-Sequencer (7B5AE74C-D270-4C10-A958-57980B212A5A): 4
LogDevObjectVersion:   Dev-VR (D7296918-1DD6-4BDD-9DE2-64A83CC13884): 0
LogDevObjectVersion:   Dev-LoadTimes (C2A15278-BFE7-4AFE-6C17-90FF531DF755): 1
LogDevObjectVersion:   Private-Geometry (6EACA3D4-40EC-4CC1-B786-8BED09428FC5): 1
LogDevObjectVersion:   Dev-AnimPhys (29E575DD-E0A3-4627-9D10-D276232CDCEA): 7
LogInit: Compiled (64-bit): Sep 22 2017 13:47:16
LogInit: Compiled with Visual C++: 19.00.24215.01
LogInit: Build Configuration: Development
LogInit: Branch Name: ++UE4+Release-4.17
LogInit: Command line:  /Temp/Autosaves/Game/2DSideScrollerBP/Blueprints/UEDPClevelMainMenu -game -PIEVIACONSOLE -ResX=1280 -ResY=720  -Multiprocess -messaging -SessionName="Play in Standalone Game" -windowed 
LogInit: Base directory: C:/Program Files/Epic Games/UE_4.17/Engine/Binaries/Win64/
LogInit: Installed Engine Build: 1
LogInit: Presizing for max 8388607 objects, including 0 objects not considered by GC, pre-allocating 0 bytes for permanent pool.
LogInit: Object subsystem initialized
[2018.03.06-12.51.32:479][  0]LogInit: Selected Device Profile: [Windows]
[2018.03.06-12.51.32:479][  0]LogInit: Applying CVar settings loaded from the selected device profile: [Windows]
[2018.03.06-12.51.32:483][  0]LogInit: Computer: GAMES-106-023
[2018.03.06-12.51.32:483][  0]LogInit: User: Games
[2018.03.06-12.51.32:483][  0]LogInit: CPU Page size=4096, Cores=4
[2018.03.06-12.51.32:483][  0]LogInit: High frequency timer resolution =3.613279 MHz
[2018.03.06-12.51.32:484][  0]LogMemory: Memory total: Physical=15.9GB (16GB approx)
[2018.03.06-12.51.32:484][  0]LogMemory: Platform Memory Stats for Windows
[2018.03.06-12.51.32:484][  0]LogMemory: Process Physical Memory: 279.28 MB used, 279.28 MB peak
[2018.03.06-12.51.32:484][  0]LogMemory: Process Virtual Memory: 282.42 MB used, 282.42 MB peak
[2018.03.06-12.51.32:484][  0]LogMemory: Physical Memory: 5656.34 MB used,  10605.39 MB free, 16261.73 MB total
[2018.03.06-12.51.32:484][  0]LogMemory: Virtual Memory: 715.20 MB used,  10605.39 MB free, 134217728.00 MB total
[2018.03.06-12.51.32:709][  0]LogInit: Using OS detected language (en-US).
[2018.03.06-12.51.32:709][  0]LogInit: Using OS detected locale (en-US).
[2018.03.06-12.51.32:713][  0]LogTextLocalizationManager: No specific localization for 'en-US' exists, so the 'en' localization will be used.
[2018.03.06-12.51.33:235][  0]LogD3D11RHI: D3D11 adapters:
[2018.03.06-12.51.33:285][  0]LogD3D11RHI:    0. 'NVIDIA GeForce GTX 760' (Feature Level 11_0)
[2018.03.06-12.51.33:285][  0]LogD3D11RHI:       2017/0/8130 MB DedicatedVideo/DedicatedSystem/SharedSystem, Outputs:2, VendorId:0x10de
[2018.03.06-12.51.33:287][  0]LogD3D11RHI:    1. 'Microsoft Basic Render Driver' (Feature Level 11_0)
[2018.03.06-12.51.33:287][  0]LogD3D11RHI:       0/0/8130 MB DedicatedVideo/DedicatedSystem/SharedSystem, Outputs:0, VendorId:0x1414
[2018.03.06-12.51.33:287][  0]LogD3D11RHI: Chosen D3D11 Adapter: 0
[2018.03.06-12.51.33:294][  0]LogD3D11RHI: Creating new Direct3DDevice
[2018.03.06-12.51.33:294][  0]LogD3D11RHI:     GPU DeviceId: 0x1187 (for the marketing name, search the web for "GPU Device Id")
[2018.03.06-12.51.33:294][  0]LogWindows: EnumDisplayDevices:
[2018.03.06-12.51.33:294][  0]LogWindows:    0. 'NVIDIA GeForce GTX 760' (P:0 D:1)
[2018.03.06-12.51.33:294][  0]LogWindows:    1. 'NVIDIA GeForce GTX 760' (P:1 D:1)
[2018.03.06-12.51.33:294][  0]LogWindows:    2. 'NVIDIA GeForce GTX 760' (P:0 D:0)
[2018.03.06-12.51.33:294][  0]LogWindows:    3. 'NVIDIA GeForce GTX 760' (P:0 D:0)
[2018.03.06-12.51.33:295][  0]LogWindows: DebugString: GetVideoDriverDetailsInvalid PrimaryIsNotTheChoosenAdapter GetVideoDriverDetailsInvalid PrimaryIsNotTheChoosenAdapter GetVideoDriverDetailsInvalid PrimaryIsNotTheChoosenAdapter GetVideoDriverDetailsInvalid PrimaryIsNotTheChoosenAdapter FoundDriverCount:0 
[2018.03.06-12.51.33:295][  0]LogD3D11RHI:     Adapter Name: NVIDIA GeForce GTX 760
[2018.03.06-12.51.33:295][  0]LogD3D11RHI:   Driver Version: Unknown (internal:Unknown, unified:Unknown)
[2018.03.06-12.51.33:295][  0]LogD3D11RHI:      Driver Date: Unknown
[2018.03.06-12.51.33:295][  0]LogRHI: Texture pool is 1361 MB (70% of 1945 MB)
[2018.03.06-12.51.33:328][  0]LogD3D11RHI: Async texture creation enabled
[2018.03.06-12.51.33:342][  0]LogD3D11RHI: GPU Timing Frequency: 1000.000000 (Debug: 2 1)
[2018.03.06-12.51.33:387][  0]LogShaderCompilers: Guid format shader working directory is -31 characters bigger than the processId version (../../../../../../Users/Games/Desktop/mgp-mgp-group-7/Programming/powerbar2D/Intermediate/Shaders/WorkingDirectory/11244/).
[2018.03.06-12.51.33:387][  0]LogShaderCompilers: Cleaned the shader compiler working directory 'C:/Users/Games/AppData/Local/Temp/UnrealShaderWorkingDir/A50BEDD040C4691773E90A9CB3FDADBF/'.
[2018.03.06-12.51.33:387][  0]LogShaderCompilers: Display: Using Local Shader Compiler.
[2018.03.06-12.51.34:607][  0]LogTemp: Display: Loaded TP WindowsClientTargetPlatform
[2018.03.06-12.51.34:697][  0]LogTemp: Display: Loaded TP WindowsNoEditorTargetPlatform
[2018.03.06-12.51.34:774][  0]LogTemp: Display: Loaded TP WindowsServerTargetPlatform
[2018.03.06-12.51.34:849][  0]LogTemp: Display: Loaded TP WindowsTargetPlatform
[2018.03.06-12.51.34:849][  0]LogTargetPlatformManager: Display: Building Assets For Windows
[2018.03.06-12.51.35:782][  0]LogDerivedDataCache: Display: Max Cache Size: 512 MB
[2018.03.06-12.51.35:915][  0]LogDerivedDataCache: Loaded boot cache 0.13s 93MB C:/Users/Games/AppData/Local/UnrealEngine/4.17/DerivedDataCache/Boot.ddc.
[2018.03.06-12.51.35:916][  0]LogDerivedDataCache: Display: Loaded Boot cache: C:/Users/Games/AppData/Local/UnrealEngine/4.17/DerivedDataCache/Boot.ddc
[2018.03.06-12.51.35:916][  0]LogDerivedDataCache: FDerivedDataBackendGraph:  Pak pak cache file ../../../../../../Users/Games/Desktop/mgp-mgp-group-7/Programming/powerbar2D/DerivedDataCache/DDC.ddp not found, will not use a pak cache.
[2018.03.06-12.51.35:916][  0]LogDerivedDataCache: Unable to find inner node Pak for hierarchical cache Hierarchy.
[2018.03.06-12.51.35:916][  0]LogDerivedDataCache: FDerivedDataBackendGraph:  CompressedPak pak cache file ../../../../../../Users/Games/Desktop/mgp-mgp-group-7/Programming/powerbar2D/DerivedDataCache/Compressed.ddp not found, will not use a pak cache.
[2018.03.06-12.51.35:916][  0]LogDerivedDataCache: Unable to find inner node CompressedPak for hierarchical cache Hierarchy.
[2018.03.06-12.51.35:933][  0]LogDerivedDataCache: Display: Pak cache opened for reading ../../../Engine/DerivedDataCache/Compressed.ddp.
[2018.03.06-12.51.35:945][  0]LogDerivedDataCache: Using Local data cache path C:/Users/Games/AppData/Local/UnrealEngine/Common/DerivedDataCache: Writable
[2018.03.06-12.51.35:955][  0]LogMaterial: Verifying Global Shaders for PCD3D_SM5
[2018.03.06-12.51.35:956][  0]LogSlate: Using Freetype 2.6.0
[2018.03.06-12.51.35:956][  0]LogSlate: SlateFontCache - WITH_FREETYPE: 1, WITH_HARFBUZZ: 1
[2018.03.06-12.51.35:957][  0]LogSlate: SlateFontCache - WITH_FREETYPE: 1, WITH_HARFBUZZ: 1
[2018.03.06-12.51.36:450][  0]LogAssetRegistry: FAssetRegistry took 0.0133 seconds to start up
[2018.03.06-12.51.36:519][  0]LogPackageLocalizationCache: Processed 5 localized package path(s) for 2 prioritized culture(s) in 0.007430 seconds
[2018.03.06-12.51.36:652][  0]LogInit: Selected Device Profile: [Windows]
[2018.03.06-12.51.36:792][  0]LogContentStreaming: Texture pool size is 1000.00 MB
[2018.03.06-12.51.37:403][  0]LogSimplygon: Simplygon DLL not present - disabling.
[2018.03.06-12.51.37:534][  0]LogMeshReduction: Using SimplygonSwarm for distributed automatic mesh merging
[2018.03.06-12.51.37:534][  0]LogMeshReduction: Using QuadricMeshReduction for automatic static mesh reduction
[2018.03.06-12.51.37:534][  0]LogMeshReduction: No automatic skeletal mesh reduction module available
[2018.03.06-12.51.37:534][  0]LogMeshReduction: No automatic mesh merging module available
[2018.03.06-12.51.37:534][  0]LogMeshMerging: No automatic mesh merging module available
[2018.03.06-12.51.37:943][  0]LogNetVersion: powerbar2D , NetCL: 3573198, EngineNetVer: 2, GameNetVer: 0 (Checksum: 2573702744)
[2018.03.06-12.51.38:257][  0]LogInit: WinSock: version 1.1 (2.2), MaxSocks=32767, MaxUdp=65467
[2018.03.06-12.51.40:373][  0]LogMoviePlayer: Initializing movie player
[2018.03.06-12.51.40:458][  0]LogWindowsTextInputMethodSystem: Display: IME system now deactivated.
[2018.03.06-12.51.40:847][  0]LogCollectionManager: Loaded 0 collections in 0.002020 seconds
[2018.03.06-12.51.40:929][  0]LogFileCache: Scanning file cache for directory 'C:/Users/Games/Desktop/mgp-mgp-group-7/Programming/powerbar2D/Saved/Collections/' took 0.01s
[2018.03.06-12.51.40:930][  0]LogFileCache: Scanning file cache for directory 'C:/Users/Games/Desktop/mgp-mgp-group-7/Programming/powerbar2D/Content/Developers/Games/Collections/' took 0.01s
[2018.03.06-12.51.40:930][  0]LogFileCache: Scanning file cache for directory 'C:/Users/Games/Desktop/mgp-mgp-group-7/Programming/powerbar2D/Content/Collections/' took 0.01s
[2018.03.06-12.51.40:930][  0]LogCollectionManager: Rebuilt the object cache for 0 collections in 0.000001 seconds (found 0 objects)
[2018.03.06-12.51.40:930][  0]LogCollectionManager: Fixed up redirectors for 0 collections in 0.000275 seconds (updated 0 objects)
[2018.03.06-12.51.41:280][  0]LogTcpMessaging: Initializing TcpMessaging bridge
[2018.03.06-12.51.41:329][  0]LogUdpMessaging: Initializing bridge on interface 0.0.0.0:0 to multicast group 230.0.0.1:6666.
[2018.03.06-12.51.42:123][  0]SourceControl: Source control is disabled
[2018.03.06-12.51.42:123][  0]SourceControl: Source control is disabled
[2018.03.06-12.51.42:187][  0]SourceControl: Source control is disabled
[2018.03.06-12.51.42:614][  0]LogAndroidPermission: UAndroidPermissionCallbackProxy::GetInstance
[2018.03.06-12.51.43:057][  0]LogOcInput: OculusInput pre-init called
[2018.03.06-12.51.43:267][  0]LogUObjectArray: 38661 objects as part of root set at end of initial load.
[2018.03.06-12.51.43:267][  0]LogUObjectAllocator: 8461320 out of 0 bytes used by permanent object pool.
[2018.03.06-12.51.43:267][  0]LogUObjectArray: CloseDisregardForGC: 0/0 objects in disregard for GC pool
[2018.03.06-12.51.43:463][  0]LogEngine: Initializing Engine...
[2018.03.06-12.51.43:465][  0]LogHMD: Failed to initialize OpenVR with code 110
[2018.03.06-12.51.43:695][  0]LogStats: UGameplayTagsManager::ConstructGameplayTagTree: Construct from data asset -  0.000 s
[2018.03.06-12.51.43:695][  0]LogStats: UGameplayTagsManager::ConstructGameplayTagTree: GameplayTagTreeChangedEvent.Broadcast -  0.000 s
[2018.03.06-12.51.43:706][  0]LogInit: XAudio2 using 'Headphones (High Definition Audio Device)' : 2 channels at 44.1 kHz using 16 bits per sample (channel mask 0x3)
[2018.03.06-12.51.43:725][  0]LogInit: FAudioDevice initialized.
[2018.03.06-12.51.43:752][  0]LogInit: Texture streaming: Enabled
[2018.03.06-12.51.43:778][  0]LogMaterial: Uniform references updated for custom material expression Custom.
[2018.03.06-12.51.44:143][  0]LogSlateStyle: Warning: Unable to find Slate Widget Style 'NormalText'. Using FTextBlockStyle defaults instead.
[2018.03.06-12.51.44:143][  0]LogSlateStyle: Warning: Unable to find Slate Widget Style 'SpinBox'. Using FSpinBoxStyle defaults instead.
[2018.03.06-12.51.44:521][  0]LogInit: Display: Game Engine Initialized.
[2018.03.06-12.51.44:522][  0]LogGameplayTags: Display: UGameplayTagsManager::DoneAddingNativeTags. DelegateIsBound: 0
[2018.03.06-12.51.44:768][  0]LogInit: Display: Starting Game.
[2018.03.06-12.51.44:768][  0]LogNet: Browse: /Temp/Autosaves/Game/2DSideScrollerBP/Blueprints/UEDPClevelMainMenu?Name=Player
[2018.03.06-12.51.44:769][  0]LogLoad: LoadMap: /Temp/Autosaves/Game/2DSideScrollerBP/Blueprints/UEDPClevelMainMenu?Name=Player
[2018.03.06-12.51.44:797][  0]LogMemory: Platform Memory Stats for Windows
[2018.03.06-12.51.44:797][  0]LogMemory: Process Physical Memory: 821.38 MB used, 950.23 MB peak
[2018.03.06-12.51.44:797][  0]LogMemory: Process Virtual Memory: 932.81 MB used, 1014.97 MB peak
[2018.03.06-12.51.44:797][  0]LogMemory: Physical Memory: 6158.06 MB used,  10103.67 MB free, 16261.73 MB total
[2018.03.06-12.51.44:797][  0]LogMemory: Virtual Memory: 1587.57 MB used,  10103.67 MB free, 134217728.00 MB total
[2018.03.06-12.51.44:797][  0]LogMemory: 
[2018.03.06-12.51.44:797][  0]Allocator Stats for TBB: (not implemented)
[2018.03.06-12.51.45:055][  0]LogAIModule: Creating AISystem for world levelMainMenu
[2018.03.06-12.51.45:464][  0]LogLoad: Game class is '2DSideScrollerGameMode_C'
[2018.03.06-12.51.45:467][  0]LogWorld: Bringing World /Temp/Autosaves/Game/2DSideScrollerBP/Blueprints/UEDPClevelMainMenu.levelMainMenu up for play (max tick rate 0) at 2018.03.06-12.51.45
[2018.03.06-12.51.45:468][  0]LogWorld: Bringing up level for play took: 0.002055
[2018.03.06-12.51.45:472][  0]LogScriptCore: Warning: Script Msg: Attempted to access index 0 from array 'CallFunc_GetAllActorsOfClass_OutActors' of length 0 in '/Game/2DSideScrollerBP/Blueprints/2DSideScrollerCharacter.2DSideScrollerCharacter_C:ExecuteUbergraph_2DSideScrollerCharacter'!
[2018.03.06-12.51.45:474][  0]LogLoad: Took 0.705702 seconds to LoadMap(/Temp/Autosaves/Game/2DSideScrollerBP/Blueprints/UEDPClevelMainMenu)
[2018.03.06-12.51.45:764][  0]LogRenderer: Reallocating scene render targets to support 1280x720 Format 10 NumSamples 1 (Frame:1).
[2018.03.06-12.51.45:764][  0]LogLoad: (Engine Initialization) Total time: 15.24 seconds
[2018.03.06-12.51.45:764][  0]LogLoad: (Engine Initialization) Total Blueprint compile time: 0.00 seconds
[2018.03.06-12.51.45:764][  0]LogExternalProfiler: Found external profiler: VSPerf
[2018.03.06-12.51.45:764][  0]LogExternalProfiler: Using external profiler: VSPerf
[2018.03.06-12.51.49:646][232]LogPackageName: SearchForPackageOnDisk took   0.123s to resolve 2DSideScrollerExampleMap.umap.
[2018.03.06-12.51.49:868][232]LogPackageName: SearchForPackageOnDisk took   0.221s to resolve 2DSideScrollerExampleMap.umap.
[2018.03.06-12.51.49:868][232]LogNet: Browse: /Game/2DSideScrollerBP/Maps/2DSideScrollerExampleMap
[2018.03.06-12.51.49:868][232]LogLoad: LoadMap: /Game/2DSideScrollerBP/Maps/2DSideScrollerExampleMap
[2018.03.06-12.51.49:904][232]LogMemory: Platform Memory Stats for Windows
[2018.03.06-12.51.49:904][232]LogMemory: Process Physical Memory: 997.05 MB used, 1017.81 MB peak
[2018.03.06-12.51.49:904][232]LogMemory: Process Virtual Memory: 1276.09 MB used, 1346.52 MB peak
[2018.03.06-12.51.49:904][232]LogMemory: Physical Memory: 6327.92 MB used,  9933.81 MB free, 16261.73 MB total
[2018.03.06-12.51.49:904][232]LogMemory: Virtual Memory: 1967.22 MB used,  9933.81 MB free, 134217728.00 MB total
[2018.03.06-12.51.49:904][232]LogMemory: 
[2018.03.06-12.51.49:904][232]Allocator Stats for TBB: (not implemented)
[2018.03.06-12.51.50:318][232]LogAIModule: Creating AISystem for world 2DSideScrollerExampleMap
[2018.03.06-12.51.50:319][232]LogLoad: Game class is '2DSideScrollerGameMode_C'
[2018.03.06-12.51.50:323][232]LogWorld: Bringing World /Game/2DSideScrollerBP/Maps/2DSideScrollerExampleMap.2DSideScrollerExampleMap up for play (max tick rate 0) at 2018.03.06-12.51.50
[2018.03.06-12.51.50:323][232]LogWorld: Bringing up level for play took: 0.003288
[2018.03.06-12.51.50:326][232]LogLoad: Took 0.457518 seconds to LoadMap(/Game/2DSideScrollerBP/Maps/2DSideScrollerExampleMap)
[2018.03.06-12.51.56:201][596]LogBlueprintUserMessages: [2DSideScrollerCharacter_254] 99.35714
[2018.03.06-12.51.56:202][596]LogBlueprintUserMessages: [2DSideScrollerCharacter_254] 52.064285
[2018.03.06-12.51.56:202][596]LogBlueprintUserMessages: [2DSideScrollerCharacter_254] 1
[2018.03.06-12.51.57:443][673]LogBlueprintUserMessages: [2DSideScrollerCharacter_254] 1.92932
[2018.03.06-12.51.57:443][673]LogBlueprintUserMessages: [2DSideScrollerCharacter_254] 51.871353
[2018.03.06-12.51.57:444][673]LogBlueprintUserMessages: [2DSideScrollerCharacter_254] 2
[2018.03.06-12.51.58:620][746]LogBlueprintUserMessages: [2DSideScrollerCharacter_254] 91.617928
[2018.03.06-12.51.58:620][746]LogBlueprintUserMessages: [2DSideScrollerCharacter_254] 42.70956
[2018.03.06-12.51.58:621][746]LogBlueprintUserMessages: [2DSideScrollerCharacter_254] 3
[2018.03.06-12.51.59:621][808]LogBlueprintUserMessages: [2DSideScrollerCharacter_254] 29.029364
[2018.03.06-12.51.59:621][808]LogBlueprintUserMessages: [2DSideScrollerCharacter_254] 39.806625
[2018.03.06-12.51.59:621][808]LogBlueprintUserMessages: [2DSideScrollerCharacter_254] 4
[2018.03.06-12.52.01:266][910]LogBlueprintUserMessages: [2DSideScrollerCharacter_254] 98.709534
[2018.03.06-12.52.01:267][910]LogBlueprintUserMessages: [2DSideScrollerCharacter_254] 29.935673
[2018.03.06-12.52.01:267][910]LogBlueprintUserMessages: [2DSideScrollerCharacter_254] 5
[2018.03.06-12.52.03:669][ 59]LogBlueprintUserMessages: [2DSideScrollerCharacter_254] 92.908356
[2018.03.06-12.52.03:669][ 59]LogBlueprintUserMessages: [2DSideScrollerCharacter_254] 20.644836
[2018.03.06-12.52.03:669][ 59]LogBlueprintUserMessages: [2DSideScrollerCharacter_254] 6
[2018.03.06-12.52.06:121][211]LogBlueprintUserMessages: [2DSideScrollerCharacter_254] 87.746803
[2018.03.06-12.52.06:121][211]LogBlueprintUserMessages: [2DSideScrollerCharacter_254] 11.870156
[2018.03.06-12.52.06:121][211]LogBlueprintUserMessages: [2DSideScrollerCharacter_254] 7
[2018.03.06-12.52.08:653][368]LogBlueprintUserMessages: [2DSideScrollerCharacter_254] 89.04023
[2018.03.06-12.52.08:653][368]LogBlueprintUserMessages: [2DSideScrollerCharacter_254] 2.966133
[2018.03.06-12.52.08:653][368]LogBlueprintUserMessages: [2DSideScrollerCharacter_254] 8
[2018.03.06-12.52.11:331][534]LogBlueprintUserMessages: [2DSideScrollerCharacter_254] 98.709648
[2018.03.06-12.52.11:331][534]LogBlueprintUserMessages: [2DSideScrollerCharacter_254] -6.904832
[2018.03.06-12.52.13:799][687]LogBlueprintUserMessages: [2DSideScrollerCharacter_254] 98.069603
[2018.03.06-12.52.13:799][687]LogBlueprintUserMessages: [2DSideScrollerCharacter_254] -16.711792
[2018.03.06-12.52.16:299][842]LogBlueprintUserMessages: [2DSideScrollerCharacter_254] 96.779251
[2018.03.06-12.52.16:300][842]LogBlueprintUserMessages: [2DSideScrollerCharacter_254] -26.389717
[2018.03.06-12.52.18:863][  1]LogBlueprintUserMessages: [2DSideScrollerCharacter_254] 100.0
[2018.03.06-12.52.18:864][  1]LogBlueprintUserMessages: [2DSideScrollerCharacter_254] -36.389717
[2018.03.06-12.52.21:364][156]LogBlueprintUserMessages: [2DSideScrollerCharacter_254] 99.36203
[2018.03.06-12.52.21:364][156]LogBlueprintUserMessages: [2DSideScrollerCharacter_254] -46.32592
[2018.03.06-12.52.37:686][166]LogWindowsTextInputMethodSystem: Display: IME system now deactivated.
[2018.03.06-12.52.37:693][166]LogWindowsTextInputMethodSystem: Display: IME system now deactivated.
[2018.03.06-12.52.37:695][166]LogEngine: All Windows Closed
[2018.03.06-12.52.37:695][166]LogWindows: FPlatformMisc::RequestExit(0)
[2018.03.06-12.52.38:488][167]LogExit: Preparing to exit.
[2018.03.06-12.52.38:488][167]LogMoviePlayer: Shutting down movie player
[2018.03.06-12.52.39:511][167]LogExit: Game engine shut down
[2018.03.06-12.52.39:606][167]LogExit: Object subsystem successfully closed.
[2018.03.06-12.52.39:625][167]LogD3D11RHI: Shutdown
[2018.03.06-12.52.39:625][167]LogD3D11RHI: CleanupD3DDevice
[2018.03.06-12.52.39:626][167]LogD3D11RHI: ~FD3D11DynamicRHI
[2018.03.06-12.52.39:639][167]LogModuleManager: Shutting down and abandoning module SequenceRecorderSections (304)
[2018.03.06-12.52.39:639][167]LogModuleManager: Shutting down and abandoning module SequenceRecorder (302)
[2018.03.06-12.52.39:639][167]LogModuleManager: Shutting down and abandoning module AutomationController (300)
[2018.03.06-12.52.39:639][167]LogModuleManager: Shutting down and abandoning module AutomationWorker (298)
[2018.03.06-12.52.39:639][167]LogModuleManager: Shutting down and abandoning module AIModule (296)
[2018.03.06-12.52.39:639][167]LogModuleManager: Shutting down and abandoning module GameplayDebugger (295)
[2018.03.06-12.52.39:639][167]LogModuleManager: Shutting down and abandoning module AITestSuite (293)
[2018.03.06-12.52.39:639][167]LogModuleManager: Shutting down and abandoning module WmfMediaFactory (290)
[2018.03.06-12.52.39:639][167]LogModuleManager: Shutting down and abandoning module AvfMediaFactory (288)
[2018.03.06-12.52.39:639][167]LogModuleManager: Shutting down and abandoning module AndroidMediaFactory (286)
[2018.03.06-12.52.39:639][167]LogModuleManager: Shutting down and abandoning module Media (285)
[2018.03.06-12.52.39:639][167]LogModuleManager: Shutting down and abandoning module CharacterAI (282)
[2018.03.06-12.52.39:639][167]LogModuleManager: Shutting down and abandoning module SessionServices (280)
[2018.03.06-12.52.39:639][167]LogModuleManager: Shutting down and abandoning module MovieSceneCapture (278)
[2018.03.06-12.52.39:640][167]LogModuleManager: Shutting down and abandoning module MovieSceneTracks (276)
[2018.03.06-12.52.39:640][167]LogModuleManager: Shutting down and abandoning module MovieScene (274)
[2018.03.06-12.52.39:640][167]LogModuleManager: Shutting down and abandoning module GeometryCache (272)
[2018.03.06-12.52.39:640][167]LogModuleManager: Shutting down and abandoning module GeometryCacheEd (271)
[2018.03.06-12.52.39:640][167]LogModuleManager: Shutting down and abandoning module Niagara (268)
[2018.03.06-12.52.39:640][167]LogModuleManager: Shutting down and abandoning module NiagaraEditor (267)
[2018.03.06-12.52.39:640][167]LogModuleManager: Shutting down and abandoning module StreamingPauseRendering (264)
[2018.03.06-12.52.39:640][167]LogModuleManager: Shutting down and abandoning module PortalServices (262)
[2018.03.06-12.52.39:640][167]LogModuleManager: Shutting down and abandoning module PortalRpc (260)
[2018.03.06-12.52.39:640][167]LogModuleManager: Shutting down and abandoning module MessagingRpc (258)
[2018.03.06-12.52.39:640][167]LogModuleManager: Shutting down and abandoning module ProfilerService (256)
[2018.03.06-12.52.39:712][167]LogModuleManager: Shutting down and abandoning module TaskGraph (254)
[2018.03.06-12.52.39:712][167]LogModuleManager: Shutting down and abandoning module SteamVRController (252)
[2018.03.06-12.52.39:712][167]LogModuleManager: Shutting down and abandoning module ProceduralMeshComponent (250)
[2018.03.06-12.52.39:712][167]LogModuleManager: Shutting down and abandoning module OculusInput (248)
[2018.03.06-12.52.39:712][167]LogModuleManager: Shutting down and abandoning module MobilePatchingUtils (246)
[2018.03.06-12.52.39:712][167]LogModuleManager: Shutting down and abandoning module CustomMeshComponent (244)
[2018.03.06-12.52.39:712][167]LogModuleManager: Shutting down and abandoning module CableComponent (242)
[2018.03.06-12.52.39:712][167]LogModuleManager: Shutting down and abandoning module ArchVisCharacter (240)
[2018.03.06-12.52.39:712][167]LogModuleManager: Shutting down and abandoning module AndroidPermission (238)
[2018.03.06-12.52.39:712][167]LogModuleManager: Shutting down and abandoning module HTML5Networking (234)
[2018.03.06-12.52.39:712][167]LogModuleManager: Shutting down and abandoning module VisualStudioSourceCodeAccess (232)
[2018.03.06-12.52.39:712][167]LogModuleManager: Shutting down and abandoning module DesktopPlatform (231)
[2018.03.06-12.52.39:712][167]LogModuleManager: Shutting down and abandoning module HotReload (229)
[2018.03.06-12.52.39:712][167]LogModuleManager: Shutting down and abandoning module UObjectPlugin (226)
[2018.03.06-12.52.39:712][167]LogModuleManager: Shutting down and abandoning module SubversionSourceControl (224)
[2018.03.06-12.52.39:713][167]LogModuleManager: Shutting down and abandoning module PerforceSourceControl (222)
[2018.03.06-12.52.39:713][167]LogModuleManager: Shutting down and abandoning module SourceControl (221)
[2018.03.06-12.52.39:713][167]LogModuleManager: Shutting down and abandoning module RuntimePhysXCooking (218)
[2018.03.06-12.52.39:713][167]LogModuleManager: Shutting down and abandoning module PhysXVehiclesEditor (216)
[2018.03.06-12.52.39:713][167]LogModuleManager: Shutting down and abandoning module PhysXVehicles (214)
[2018.03.06-12.52.39:713][167]LogModuleManager: Shutting down and abandoning module LocationServicesBPLibrary (212)
[2018.03.06-12.52.39:713][167]LogModuleManager: Shutting down and abandoning module ImmediatePhysicsEditor (210)
[2018.03.06-12.52.39:713][167]LogModuleManager: Shutting down and abandoning module ImmediatePhysics (208)
[2018.03.06-12.52.39:713][167]LogModuleManager: Shutting down and abandoning module UdpMessaging (206)
[2018.03.06-12.52.39:814][167]LogModuleManager: Shutting down and abandoning module TcpMessaging (204)
[2018.03.06-12.52.40:305][167]LogModuleManager: Shutting down and abandoning module GameplayTagsEditor (202)
[2018.03.06-12.52.40:305][167]LogModuleManager: Shutting down and abandoning module FacialAnimation (200)
[2018.03.06-12.52.40:305][167]LogModuleManager: Shutting down and abandoning module AssetManagerEditor (198)
[2018.03.06-12.52.40:305][167]LogModuleManager: Shutting down and abandoning module GraphEditor (197)
[2018.03.06-12.52.40:305][167]LogModuleManager: Shutting down and abandoning module ContentBrowser (195)
[2018.03.06-12.52.40:305][167]LogModuleManager: Shutting down and abandoning module CollectionManager (194)
[2018.03.06-12.52.40:305][167]LogDirectoryWatcher: A directory notification for 'C:/Users/Games/Desktop/mgp-mgp-group-7/Programming/powerbar2D/Content/Collections/' was aborted.
[2018.03.06-12.52.40:305][167]LogDirectoryWatcher: A directory notification for 'C:/Users/Games/Desktop/mgp-mgp-group-7/Programming/powerbar2D/Content/Developers/Games/Collections/' was aborted.
[2018.03.06-12.52.40:305][167]LogDirectoryWatcher: A directory notification for 'C:/Users/Games/Desktop/mgp-mgp-group-7/Programming/powerbar2D/Saved/Collections/' was aborted.
[2018.03.06-12.52.40:306][167]LogModuleManager: Shutting down and abandoning module DirectoryWatcher (193)
[2018.03.06-12.52.40:306][167]LogModuleManager: Shutting down and abandoning module LightPropagationVolumeRuntime (188)
[2018.03.06-12.52.40:306][167]LogModuleManager: Shutting down and abandoning module Paper2D (186)
[2018.03.06-12.52.40:306][167]LogModuleManager: Shutting down and abandoning module WindowsMoviePlayer (184)
[2018.03.06-12.52.40:306][167]LogModuleManager: Shutting down and abandoning module WmfMedia (182)
[2018.03.06-12.52.40:307][167]LogModuleManager: Shutting down and abandoning module PacketHandler (180)
[2018.03.06-12.52.40:307][167]LogModuleManager: Shutting down and abandoning module ClothingSystemEditor (178)
[2018.03.06-12.52.40:307][167]LogModuleManager: Shutting down and abandoning module ClothingSystemRuntime (176)
[2018.03.06-12.52.40:308][167]LogModuleManager: Shutting down and abandoning module Overlay (174)
[2018.03.06-12.52.40:308][167]LogModuleManager: Shutting down and abandoning module OverlayEditor (173)
[2018.03.06-12.52.40:308][167]LogModuleManager: Shutting down and abandoning module MediaAssets (170)
[2018.03.06-12.52.40:308][167]LogModuleManager: Shutting down and abandoning module VREditor (168)
[2018.03.06-12.52.40:308][167]LogModuleManager: Shutting down and abandoning module StringTableEditor (166)
[2018.03.06-12.52.40:308][167]LogModuleManager: Shutting down and abandoning module GameplayTasksEditor (164)
[2018.03.06-12.52.40:308][167]LogModuleManager: Shutting down and abandoning module BehaviorTreeEditor (162)
[2018.03.06-12.52.40:308][167]LogModuleManager: Shutting down and abandoning module FunctionalTesting (160)
[2018.03.06-12.52.40:308][167]LogModuleManager: Shutting down and abandoning module CollisionAnalyzer (158)
[2018.03.06-12.52.40:308][167]LogModuleManager: Shutting down and abandoning module WorkspaceMenuStructure (157)
[2018.03.06-12.52.40:308][167]LogModuleManager: Shutting down and abandoning module UMG (154)
[2018.03.06-12.52.40:308][167]LogModuleManager: Shutting down and abandoning module UMGEditor (153)
[2018.03.06-12.52.40:308][167]LogModuleManager: Shutting down and abandoning module Sequencer (152)
[2018.03.06-12.52.40:308][167]LogModuleManager: Shutting down and abandoning module MessageLog (149)
[2018.03.06-12.52.40:308][167]LogModuleManager: Shutting down and abandoning module SlateReflector (144)
[2018.03.06-12.52.40:308][167]LogModuleManager: Shutting down and abandoning module Slate (142)
[2018.03.06-12.52.40:308][167]LogModuleManager: Shutting down and abandoning module EditorStyle (140)
[2018.03.06-12.52.40:313][167]LogModuleManager: Shutting down and abandoning module MRMesh (138)
[2018.03.06-12.52.40:313][167]LogModuleManager: Shutting down and abandoning module Messaging (136)
[2018.03.06-12.52.40:313][167]LogModuleManager: Shutting down and abandoning module SourceCodeAccess (134)
[2018.03.06-12.52.40:313][167]LogModuleManager: Shutting down and abandoning module HeadMountedDisplay (132)
[2018.03.06-12.52.40:313][167]LogModuleManager: Shutting down and abandoning module XAudio2 (130)
[2018.03.06-12.52.40:313][167]LogModuleManager: Shutting down and abandoning module Networking (128)
[2018.03.06-12.52.40:313][167]LogModuleManager: Shutting down and abandoning module Core (124)
[2018.03.06-12.52.40:313][167]LogModuleManager: Shutting down and abandoning module KismetCompiler (122)
[2018.03.06-12.52.40:313][167]LogModuleManager: Shutting down and abandoning module LevelSequence (120)
[2018.03.06-12.52.40:313][167]LogModuleManager: Shutting down and abandoning module MeshUtilities (118)
[2018.03.06-12.52.40:313][167]LogModuleManager: Shutting down and abandoning module MeshMergeUtilities (117)
[2018.03.06-12.52.40:313][167]LogModuleManager: Shutting down and abandoning module MeshReductionInterface (116)
[2018.03.06-12.52.40:313][167]LogModuleManager: Shutting down and abandoning module SimplygonSwarm (115)
[2018.03.06-12.52.40:313][167]LogModuleManager: Shutting down and abandoning module SimplygonMeshReduction (113)
[2018.03.06-12.52.40:313][167]LogModuleManager: Shutting down and abandoning module QuadricMeshReduction (111)
[2018.03.06-12.52.40:314][167]LogModuleManager: Shutting down and abandoning module MaterialBaking (107)
[2018.03.06-12.52.40:314][167]LogModuleManager: Shutting down and abandoning module DerivedDataCache (102)
[2018.03.06-12.52.40:489][167]LogDerivedDataCache: Shutdown
[2018.03.06-12.52.40:489][167]LogModuleManager: Shutting down and abandoning module TargetPlatform (100)
[2018.03.06-12.52.40:489][167]LogModuleManager: Shutting down and abandoning module VulkanShaderFormat (99)
[2018.03.06-12.52.40:489][167]LogModuleManager: Shutting down and abandoning module ShaderFormatVectorVM (97)
[2018.03.06-12.52.40:489][167]LogModuleManager: Shutting down and abandoning module ShaderFormatOpenGL (95)
[2018.03.06-12.52.40:489][167]LogModuleManager: Shutting down and abandoning module ShaderFormatD3D (93)
[2018.03.06-12.52.40:489][167]LogModuleManager: Shutting down and abandoning module MetalShaderFormat (91)
[2018.03.06-12.52.40:489][167]LogModuleManager: Shutting down and abandoning module TextureFormatUncompressed (89)
[2018.03.06-12.52.40:489][167]LogModuleManager: Shutting down and abandoning module TextureFormatPVR (87)
[2018.03.06-12.52.40:490][167]LogModuleManager: Shutting down and abandoning module TextureFormatDXT (85)
[2018.03.06-12.52.40:490][167]LogModuleManager: Shutting down and abandoning module TextureFormatIntelISPCTexComp (83)
[2018.03.06-12.52.40:490][167]LogModuleManager: Shutting down and abandoning module TextureFormatASTC (81)
[2018.03.06-12.52.40:490][167]LogModuleManager: Shutting down and abandoning module ImageWrapper (80)
[2018.03.06-12.52.40:490][167]LogModuleManager: Shutting down and abandoning module TextureFormatAndroid (77)
[2018.03.06-12.52.40:490][167]LogModuleManager: Shutting down and abandoning module AudioFormatOpus (75)
[2018.03.06-12.52.40:490][167]LogModuleManager: Shutting down and abandoning module AudioFormatOgg (73)
[2018.03.06-12.52.40:490][167]LogModuleManager: Shutting down and abandoning module AudioFormatADPCM (71)
[2018.03.06-12.52.40:490][167]LogModuleManager: Shutting down and abandoning module WindowsTargetPlatform (69)
[2018.03.06-12.52.40:490][167]LogModuleManager: Shutting down and abandoning module WindowsServerTargetPlatform (67)
[2018.03.06-12.52.40:490][167]LogModuleManager: Shutting down and abandoning module WindowsNoEditorTargetPlatform (65)
[2018.03.06-12.52.40:490][167]LogModuleManager: Shutting down and abandoning module WindowsClientTargetPlatform (63)
[2018.03.06-12.52.40:490][167]LogModuleManager: Shutting down and abandoning module InputCore (60)
[2018.03.06-12.52.40:490][167]LogModuleManager: Shutting down and abandoning module Settings (58)
[2018.03.06-12.52.40:490][167]LogModuleManager: Shutting down and abandoning module PhysXCooking (56)
[2018.03.06-12.52.40:490][167]LogModuleManager: Shutting down and abandoning module SteamVR (54)
[2018.03.06-12.52.40:490][167]LogModuleManager: Shutting down and abandoning module OculusHMD (52)
[2018.03.06-12.52.40:490][167]LogModuleManager: Shutting down and abandoning module ExampleDeviceProfileSelector (50)
[2018.03.06-12.52.40:490][167]LogModuleManager: Shutting down and abandoning module OnlineBlueprintSupport (48)
[2018.03.06-12.52.40:490][167]LogModuleManager: Shutting down and abandoning module OnlineSubsystem (44)
[2018.03.06-12.52.40:490][167]LogOnline: Display: Unloading online subsystem: NULL
[2018.03.06-12.52.40:490][167]LogModuleManager: Shutting down and abandoning module XMPP (43)
[2018.03.06-12.52.40:490][167]LogModuleManager: Shutting down and abandoning module HTTP (41)
[2018.03.06-12.52.40:495][167]LogModuleManager: Shutting down and abandoning module SSL (40)
[2018.03.06-12.52.40:497][167]LogModuleManager: Shutting down and abandoning module AnimationModifiers (36)
[2018.03.06-12.52.40:497][167]LogModuleManager: Shutting down and abandoning module PropertyEditor (35)
[2018.03.06-12.52.40:497][167]LogModuleManager: Shutting down and abandoning module AudioEditor (32)
[2018.03.06-12.52.40:497][167]LogModuleManager: Shutting down and abandoning module TextureCompressor (30)
[2018.03.06-12.52.40:498][167]LogModuleManager: Shutting down and abandoning module ShaderCore (28)
[2018.03.06-12.52.40:498][167]LogModuleManager: Shutting down and abandoning module Landscape (26)
[2018.03.06-12.52.40:498][167]LogModuleManager: Shutting down and abandoning module SlateRHIRenderer (24)
[2018.03.06-12.52.40:498][167]LogModuleManager: Shutting down and abandoning module OpenGLDrv (22)
[2018.03.06-12.52.40:498][167]LogModuleManager: Shutting down and abandoning module D3D11RHI (20)
[2018.03.06-12.52.40:498][167]LogModuleManager: Shutting down and abandoning module AnimGraphRuntime (18)
[2018.03.06-12.52.40:498][167]LogModuleManager: Shutting down and abandoning module Renderer (16)
[2018.03.06-12.52.40:498][167]LogModuleManager: Shutting down and abandoning module Engine (14)
[2018.03.06-12.52.40:498][167]LogModuleManager: Shutting down and abandoning module CoreUObject (12)
[2018.03.06-12.52.40:498][167]LogModuleManager: Shutting down and abandoning module NetworkFile (10)
[2018.03.06-12.52.40:498][167]LogModuleManager: Shutting down and abandoning module CookedIterativeFile (8)
[2018.03.06-12.52.40:498][167]LogModuleManager: Shutting down and abandoning module StreamingFile (6)
[2018.03.06-12.52.40:498][167]LogModuleManager: Shutting down and abandoning module SandboxFile (4)
[2018.03.06-12.52.40:498][167]LogModuleManager: Shutting down and abandoning module PakFile (2)
[2018.03.06-12.52.40:501][167]LogExit: Exiting.
[2018.03.06-12.52.40:504][167]Log file closed, 03/06/18 12:52:40
